#
# There is insufficient memory for the Java Runtime Environment to continue.
# Native memory allocation (mmap) failed to map 61865984 bytes for Failed to commit area from 0x000000008dc00000 to 0x0000000091700000 of length 61865984.
# Possible reasons:
#   The system is out of physical RAM or swap space
#   The process is running with CompressedOops enabled, and the Java Heap may be blocking the growth of the native heap
# Possible solutions:
#   Reduce memory load on the system
#   Increase physical memory or swap space
#   Check if swap backing store is full
#   Decrease Java heap size (-Xmx/-Xms)
#   Decrease number of Java threads
#   Decrease Java thread stack sizes (-Xss)
#   Set larger code cache with -XX:ReservedCodeCacheSize=
#   JVM is running with Unscaled Compressed Oops mode in which the Java heap is
#     placed in the first 4GB address space. The Java Heap base address is the
#     maximum limit for the native heap growth. Please use -XX:HeapBaseMinAddress
#     to set the Java Heap base and to place the Java Heap above 4GB virtual address.
# This output file may be truncated or incomplete.
#
#  Out of Memory Error (src/hotspot/os/windows/os_windows.cpp:3627), pid=19936, tid=15652
#
# JRE version: OpenJDK Runtime Environment (11.0.15) (build 11.0.15+0-b2043.56-9505619)
# Java VM: OpenJDK 64-Bit Server VM (11.0.15+0-b2043.56-9505619, mixed mode, tiered, compressed oops, g1 gc, windows-amd64)
# No core dump will be written. Minidumps are not enabled by default on client versions of Windows
#

---------------  S U M M A R Y ------------

Command Line: --add-opens=java.base/java.util=ALL-UNNAMED --add-opens=java.base/java.lang=ALL-UNNAMED --add-opens=java.base/java.lang.invoke=ALL-UNNAMED --add-opens=java.base/java.util=ALL-UNNAMED --add-opens=java.prefs/java.util.prefs=ALL-UNNAMED --add-opens=java.prefs/java.util.prefs=ALL-UNNAMED --add-opens=java.base/java.nio.charset=ALL-UNNAMED --add-opens=java.base/java.net=ALL-UNNAMED --add-opens=java.base/java.util.concurrent.atomic=ALL-UNNAMED -Xmx2048m -Dfile.encoding=UTF-8 -Duser.country=CN -Duser.language=zh -Duser.variant org.gradle.launcher.daemon.bootstrap.GradleDaemon 7.5

Host: Intel(R) Core(TM) i5-8265U CPU @ 1.60GHz, 8 cores, 7G,  Windows 10 , 64 bit Build 19041 (10.0.19041.2546)
Time: Sun Mar 12 14:45:05 2023  Windows 10 , 64 bit Build 19041 (10.0.19041.2546) elapsed time: 19.417260 seconds (0d 0h 0m 19s)

---------------  T H R E A D  ---------------

Current thread (0x000001a11f397800):  VMThread "VM Thread" [stack: 0x00000005d4300000,0x00000005d4400000] [id=15652]

Stack: [0x00000005d4300000,0x00000005d4400000]
[error occurred during error reporting (printing stack bounds), id 0xc0000005, EXCEPTION_ACCESS_VIOLATION (0xc0000005) at pc=0x000001a108a0112d]

Native frames: (J=compiled Java code, j=interpreted, Vv=VM code, C=native code)
V  [jvm.dll+0x64135a]
V  [jvm.dll+0x7d39f9]
V  [jvm.dll+0x7d51b9]
V  [jvm.dll+0x7d5805]
V  [jvm.dll+0x7d57bb]
V  [jvm.dll+0x640655]
V  [jvm.dll+0x640d68]
C  [ntdll.dll+0xa241f]
C  [ntdll.dll+0x514a4]
C  [ntdll.dll+0xa0f4e]
C  0x000001a108a0112d

VM_Operation (0x00000005ddafd1f0): G1CollectForAllocation, mode: safepoint, requested by thread 0x000001a12c47c000


---------------  P R O C E S S  ---------------

Threads class SMR info:
_java_thread_list=0x000001a123732f60, length=143, elements={
0x000001a102e7c800, 0x000001a11f39d000, 0x000001a11f3a8800, 0x000001a11fc7c800,
0x000001a11fc7d800, 0x000001a11fc82800, 0x000001a11fc83800, 0x000001a11fc91000,
0x000001a11fc9c800, 0x000001a11fe02000, 0x000001a12266c800, 0x000001a11ff42000,
0x000001a121638800, 0x000001a122bce800, 0x000001a120c89000, 0x000001a1217d6000,
0x000001a122083000, 0x000001a120d1d000, 0x000001a120d1e000, 0x000001a121ebf800,
0x000001a121ebe000, 0x000001a121ebb800, 0x000001a121ec0800, 0x000001a121ec1000,
0x000001a121ebd000, 0x000001a121ebc800, 0x000001a121ec2000, 0x000001a121ebf000,
0x000001a1236a9000, 0x000001a1236a4000, 0x000001a1236a6800, 0x000001a1236a7800,
0x000001a1236a3800, 0x000001a1236aa000, 0x000001a1236ae000, 0x000001a1236aa800,
0x000001a1236a8000, 0x000001a1236ae800, 0x000001a1236ab800, 0x000001a1236ac800,
0x000001a1236af800, 0x000001a1236b1000, 0x000001a1236b0800, 0x000001a1236b2000,
0x000001a1236ad000, 0x000001a123766000, 0x000001a123762800, 0x000001a123769000,
0x000001a123768800, 0x000001a123767800, 0x000001a123763800, 0x000001a123767000,
0x000001a12376a000, 0x000001a123764800, 0x000001a12376b000, 0x000001a123765000,
0x000001a123771800, 0x000001a12376f000, 0x000001a12376c800, 0x000001a12376b800,
0x000001a12376d800, 0x000001a12376e000, 0x000001a12376f800, 0x000001a123770800,
0x000001a12324b000, 0x000001a12324a800, 0x000001a123249800, 0x000001a123246800,
0x000001a123248800, 0x000001a12324c000, 0x000001a12324d000, 0x000001a123247000,
0x000001a12324d800, 0x000001a123248000, 0x000001a123250000, 0x000001a123254000,
0x000001a12324f800, 0x000001a123251000, 0x000001a123251800, 0x000001a12324e800,
0x000001a123252800, 0x000001a123253800, 0x000001a123255000, 0x000001a122d86000,
0x000001a122d83800, 0x000001a122d87000, 0x000001a122d84800, 0x000001a122d81800,
0x000001a122d85800, 0x000001a122d82000, 0x000001a122d83000, 0x000001a122d88800,
0x000001a122d88000, 0x000001a122d8f000, 0x000001a122d89800, 0x000001a122d8c800,
0x000001a122d8a800, 0x000001a122d8b000, 0x000001a122d8e800, 0x000001a122d8d800,
0x000001a122d8c000, 0x000001a122d90000, 0x000001a12584d800, 0x000001a125852800,
0x000001a125850000, 0x000001a12584f000, 0x000001a125854000, 0x000001a12584e000,
0x000001a125851800, 0x000001a125856800, 0x000001a125855000, 0x000001a125853000,
0x000001a125850800, 0x000001a12585a800, 0x000001a125855800, 0x000001a125857000,
0x000001a125858000, 0x000001a125859800, 0x000001a125859000, 0x000001a12585b800,
0x000001a12585c000, 0x000001a123376800, 0x000001a123375000, 0x000001a123377800,
0x000001a123372800, 0x000001a123371800, 0x000001a123378000, 0x000001a123374000,
0x000001a123375800, 0x000001a123379000, 0x000001a123373000, 0x000001a12337e800,
0x000001a12337b800, 0x000001a123697800, 0x000001a123379800, 0x000001a123380800,
0x000001a12337f800, 0x000001a12337a800, 0x000001a12337c000, 0x000001a12337d000,
0x000001a12c47a000, 0x000001a12c47d800, 0x000001a12c47c000
}

Java Threads: ( => current thread )
  0x000001a102e7c800 JavaThread "main" [_thread_blocked, id=24944, stack(0x00000005d3d00000,0x00000005d3e00000)]
  0x000001a11f39d000 JavaThread "Reference Handler" daemon [_thread_blocked, id=14816, stack(0x00000005d4400000,0x00000005d4500000)]
  0x000001a11f3a8800 JavaThread "Finalizer" daemon [_thread_blocked, id=11832, stack(0x00000005d4500000,0x00000005d4600000)]
  0x000001a11fc7c800 JavaThread "Signal Dispatcher" daemon [_thread_blocked, id=16976, stack(0x00000005d4600000,0x00000005d4700000)]
  0x000001a11fc7d800 JavaThread "Attach Listener" daemon [_thread_blocked, id=20708, stack(0x00000005d4700000,0x00000005d4800000)]
  0x000001a11fc82800 JavaThread "Service Thread" daemon [_thread_blocked, id=19080, stack(0x00000005d4800000,0x00000005d4900000)]
  0x000001a11fc83800 JavaThread "C2 CompilerThread0" daemon [_thread_blocked, id=3224, stack(0x00000005d4900000,0x00000005d4a00000)]
  0x000001a11fc91000 JavaThread "C1 CompilerThread0" daemon [_thread_blocked, id=7496, stack(0x00000005d4a00000,0x00000005d4b00000)]
  0x000001a11fc9c800 JavaThread "Sweeper thread" daemon [_thread_blocked, id=20136, stack(0x00000005d4b00000,0x00000005d4c00000)]
  0x000001a11fe02000 JavaThread "Common-Cleaner" daemon [_thread_blocked, id=7100, stack(0x00000005d4c00000,0x00000005d4d00000)]
  0x000001a12266c800 JavaThread "Daemon health stats" [_thread_blocked, id=612, stack(0x00000005d5100000,0x00000005d5200000)]
  0x000001a11ff42000 JavaThread "Incoming local TCP Connector on port 9611" [_thread_in_native, id=2416, stack(0x00000005d4e00000,0x00000005d4f00000)]
  0x000001a121638800 JavaThread "Daemon periodic checks" [_thread_blocked, id=11692, stack(0x00000005d5200000,0x00000005d5300000)]
  0x000001a122bce800 JavaThread "Daemon" [_thread_blocked, id=4812, stack(0x00000005d5300000,0x00000005d5400000)]
  0x000001a120c89000 JavaThread "Handler for socket connection from /127.0.0.1:9611 to /127.0.0.1:9612" [_thread_in_native, id=18484, stack(0x00000005d5400000,0x00000005d5500000)]
  0x000001a1217d6000 JavaThread "Cancel handler" [_thread_blocked, id=4012, stack(0x00000005d5500000,0x00000005d5600000)]
  0x000001a122083000 JavaThread "Daemon worker" [_thread_blocked, id=17208, stack(0x00000005d5600000,0x00000005d5700000)]
  0x000001a120d1d000 JavaThread "Asynchronous log dispatcher for DefaultDaemonConnection: socket connection from /127.0.0.1:9611 to /127.0.0.1:9612" [_thread_blocked, id=2500, stack(0x00000005d5700000,0x00000005d5800000)]
  0x000001a120d1e000 JavaThread "Stdin handler" [_thread_blocked, id=19892, stack(0x00000005d5800000,0x00000005d5900000)]
  0x000001a121ebf800 JavaThread "Daemon client event forwarder" [_thread_blocked, id=9072, stack(0x00000005d5900000,0x00000005d5a00000)]
  0x000001a121ebe000 JavaThread "Cache worker for journal cache (D:\AndroidTool\AndroidGradle\caches\journal-1)" [_thread_blocked, id=23004, stack(0x00000005d5a00000,0x00000005d5b00000)]
  0x000001a121ebb800 JavaThread "File lock request listener" [_thread_in_native, id=23272, stack(0x00000005d5b00000,0x00000005d5c00000)]
  0x000001a121ec0800 JavaThread "Cache worker for file hash cache (D:\AndroidTool\AndroidGradle\caches\7.5\fileHashes)" [_thread_blocked, id=14144, stack(0x00000005d6200000,0x00000005d6300000)]
  0x000001a121ec1000 JavaThread "File watcher server" daemon [_thread_blocked, id=8740, stack(0x00000005d6300000,0x00000005d6400000)]
  0x000001a121ebd000 JavaThread "File watcher consumer" daemon [_thread_blocked, id=9764, stack(0x00000005d6400000,0x00000005d6500000)]
  0x000001a121ebc800 JavaThread "Cache worker for checksums cache (D:\AndroidTool\AndroidProject\MyApplication\.gradle\7.5\checksums)" [_thread_blocked, id=13784, stack(0x00000005d6500000,0x00000005d6600000)]
  0x000001a121ec2000 JavaThread "Cache worker for cache directory md-rule (D:\AndroidTool\AndroidGradle\caches\7.5\md-rule)" [_thread_blocked, id=23620, stack(0x00000005d6600000,0x00000005d6700000)]
  0x000001a121ebf000 JavaThread "Cache worker for file content cache (D:\AndroidTool\AndroidGradle\caches\7.5\fileContent)" [_thread_blocked, id=15404, stack(0x00000005d6700000,0x00000005d6800000)]
  0x000001a1236a9000 JavaThread "Cache worker for file hash cache (D:\AndroidTool\AndroidProject\MyApplication\.gradle\7.5\fileHashes)" [_thread_blocked, id=16104, stack(0x00000005d6800000,0x00000005d6900000)]
  0x000001a1236a4000 JavaThread "Cache worker for cache directory md-supplier (D:\AndroidTool\AndroidGradle\caches\7.5\md-supplier)" [_thread_blocked, id=9308, stack(0x00000005d6900000,0x00000005d6a00000)]
  0x000001a1236a6800 JavaThread "Cache worker for execution history cache (D:\AndroidTool\AndroidGradle\caches\7.5\executionHistory)" [_thread_blocked, id=24104, stack(0x00000005d6a00000,0x00000005d6b00000)]
  0x000001a1236a7800 JavaThread "jar transforms" [_thread_blocked, id=22148, stack(0x00000005d6b00000,0x00000005d6c00000)]
  0x000001a1236a3800 JavaThread "jar transforms Thread 2" [_thread_blocked, id=17020, stack(0x00000005d6c00000,0x00000005d6d00000)]
  0x000001a1236aa000 JavaThread "jar transforms Thread 3" [_thread_blocked, id=14572, stack(0x00000005d6d00000,0x00000005d6e00000)]
  0x000001a1236ae000 JavaThread "jar transforms Thread 4" [_thread_blocked, id=5768, stack(0x00000005d6e00000,0x00000005d6f00000)]
  0x000001a1236aa800 JavaThread "Cache worker for dependencies-accessors (D:\AndroidTool\AndroidProject\MyApplication\.gradle\7.5\dependencies-accessors)" [_thread_blocked, id=22276, stack(0x00000005d6f00000,0x00000005d7000000)]
  0x000001a1236a8000 JavaThread "jar transforms Thread 5" [_thread_blocked, id=17652, stack(0x00000005d7000000,0x00000005d7100000)]
  0x000001a1236ae800 JavaThread "Cache worker for Build Output Cleanup Cache (D:\AndroidTool\AndroidProject\MyApplication\.gradle\buildOutputCleanup)" [_thread_blocked, id=25416, stack(0x00000005d7100000,0x00000005d7200000)]
  0x000001a1236ab800 JavaThread "Unconstrained build operations" [_thread_blocked, id=10704, stack(0x00000005d7200000,0x00000005d7300000)]
  0x000001a1236ac800 JavaThread "Unconstrained build operations Thread 2" [_thread_blocked, id=17316, stack(0x00000005d7300000,0x00000005d7400000)]
  0x000001a1236af800 JavaThread "Unconstrained build operations Thread 3" [_thread_blocked, id=25272, stack(0x00000005d7400000,0x00000005d7500000)]
  0x000001a1236b1000 JavaThread "Unconstrained build operations Thread 4" [_thread_blocked, id=16152, stack(0x00000005d7500000,0x00000005d7600000)]
  0x000001a1236b0800 JavaThread "Unconstrained build operations Thread 5" [_thread_blocked, id=24888, stack(0x00000005d7600000,0x00000005d7700000)]
  0x000001a1236b2000 JavaThread "Unconstrained build operations Thread 6" [_thread_blocked, id=13812, stack(0x00000005d7700000,0x00000005d7800000)]
  0x000001a1236ad000 JavaThread "Unconstrained build operations Thread 7" [_thread_blocked, id=20840, stack(0x00000005d7800000,0x00000005d7900000)]
  0x000001a123766000 JavaThread "Unconstrained build operations Thread 8" [_thread_blocked, id=2864, stack(0x00000005d7900000,0x00000005d7a00000)]
  0x000001a123762800 JavaThread "Unconstrained build operations Thread 9" [_thread_blocked, id=11924, stack(0x00000005d7a00000,0x00000005d7b00000)]
  0x000001a123769000 JavaThread "Unconstrained build operations Thread 10" [_thread_blocked, id=18296, stack(0x00000005d7b00000,0x00000005d7c00000)]
  0x000001a123768800 JavaThread "Unconstrained build operations Thread 11" [_thread_blocked, id=11016, stack(0x00000005d7c00000,0x00000005d7d00000)]
  0x000001a123767800 JavaThread "Unconstrained build operations Thread 12" [_thread_blocked, id=16088, stack(0x00000005d7d00000,0x00000005d7e00000)]
  0x000001a123763800 JavaThread "Unconstrained build operations Thread 13" [_thread_blocked, id=11580, stack(0x00000005d7e00000,0x00000005d7f00000)]
  0x000001a123767000 JavaThread "Unconstrained build operations Thread 14" [_thread_blocked, id=18832, stack(0x00000005d7f00000,0x00000005d8000000)]
  0x000001a12376a000 JavaThread "Unconstrained build operations Thread 15" [_thread_blocked, id=24900, stack(0x00000005d8000000,0x00000005d8100000)]
  0x000001a123764800 JavaThread "Unconstrained build operations Thread 16" [_thread_blocked, id=13408, stack(0x00000005d8100000,0x00000005d8200000)]
  0x000001a12376b000 JavaThread "Unconstrained build operations Thread 17" [_thread_blocked, id=10608, stack(0x00000005d8200000,0x00000005d8300000)]
  0x000001a123765000 JavaThread "Unconstrained build operations Thread 18" [_thread_blocked, id=16596, stack(0x00000005d8300000,0x00000005d8400000)]
  0x000001a123771800 JavaThread "Unconstrained build operations Thread 19" [_thread_blocked, id=20120, stack(0x00000005d8400000,0x00000005d8500000)]
  0x000001a12376f000 JavaThread "Unconstrained build operations Thread 20" [_thread_blocked, id=24212, stack(0x00000005d8500000,0x00000005d8600000)]
  0x000001a12376c800 JavaThread "Unconstrained build operations Thread 21" [_thread_blocked, id=24920, stack(0x00000005d8600000,0x00000005d8700000)]
  0x000001a12376b800 JavaThread "Unconstrained build operations Thread 22" [_thread_blocked, id=20780, stack(0x00000005d8700000,0x00000005d8800000)]
  0x000001a12376d800 JavaThread "Unconstrained build operations Thread 23" [_thread_blocked, id=4648, stack(0x00000005d8800000,0x00000005d8900000)]
  0x000001a12376e000 JavaThread "Unconstrained build operations Thread 24" [_thread_blocked, id=23780, stack(0x00000005d8900000,0x00000005d8a00000)]
  0x000001a12376f800 JavaThread "Unconstrained build operations Thread 25" [_thread_blocked, id=13560, stack(0x00000005d8a00000,0x00000005d8b00000)]
  0x000001a123770800 JavaThread "Unconstrained build operations Thread 26" [_thread_blocked, id=8240, stack(0x00000005d8b00000,0x00000005d8c00000)]
  0x000001a12324b000 JavaThread "Unconstrained build operations Thread 27" [_thread_blocked, id=10136, stack(0x00000005d8c00000,0x00000005d8d00000)]
  0x000001a12324a800 JavaThread "Unconstrained build operations Thread 28" [_thread_blocked, id=6444, stack(0x00000005d8d00000,0x00000005d8e00000)]
  0x000001a123249800 JavaThread "Unconstrained build operations Thread 29" [_thread_blocked, id=7140, stack(0x00000005d8e00000,0x00000005d8f00000)]
  0x000001a123246800 JavaThread "Unconstrained build operations Thread 30" [_thread_blocked, id=18708, stack(0x00000005d8f00000,0x00000005d9000000)]
  0x000001a123248800 JavaThread "Unconstrained build operations Thread 31" [_thread_blocked, id=22684, stack(0x00000005d9000000,0x00000005d9100000)]
  0x000001a12324c000 JavaThread "Unconstrained build operations Thread 32" [_thread_blocked, id=23884, stack(0x00000005d9100000,0x00000005d9200000)]
  0x000001a12324d000 JavaThread "Unconstrained build operations Thread 33" [_thread_blocked, id=9132, stack(0x00000005d9200000,0x00000005d9300000)]
  0x000001a123247000 JavaThread "Unconstrained build operations Thread 34" [_thread_blocked, id=7340, stack(0x00000005d9300000,0x00000005d9400000)]
  0x000001a12324d800 JavaThread "Unconstrained build operations Thread 35" [_thread_blocked, id=20640, stack(0x00000005d9400000,0x00000005d9500000)]
  0x000001a123248000 JavaThread "Unconstrained build operations Thread 36" [_thread_blocked, id=12916, stack(0x00000005d9500000,0x00000005d9600000)]
  0x000001a123250000 JavaThread "Unconstrained build operations Thread 37" [_thread_blocked, id=16476, stack(0x00000005d9600000,0x00000005d9700000)]
  0x000001a123254000 JavaThread "Unconstrained build operations Thread 38" [_thread_blocked, id=14764, stack(0x00000005d9700000,0x00000005d9800000)]
  0x000001a12324f800 JavaThread "Unconstrained build operations Thread 39" [_thread_blocked, id=7336, stack(0x00000005d9800000,0x00000005d9900000)]
  0x000001a123251000 JavaThread "Unconstrained build operations Thread 40" [_thread_blocked, id=19352, stack(0x00000005d9900000,0x00000005d9a00000)]
  0x000001a123251800 JavaThread "Unconstrained build operations Thread 41" [_thread_blocked, id=17912, stack(0x00000005d9a00000,0x00000005d9b00000)]
  0x000001a12324e800 JavaThread "Unconstrained build operations Thread 42" [_thread_blocked, id=14808, stack(0x00000005d9b00000,0x00000005d9c00000)]
  0x000001a123252800 JavaThread "Unconstrained build operations Thread 43" [_thread_blocked, id=13180, stack(0x00000005d9c00000,0x00000005d9d00000)]
  0x000001a123253800 JavaThread "Unconstrained build operations Thread 44" [_thread_blocked, id=9060, stack(0x00000005d9d00000,0x00000005d9e00000)]
  0x000001a123255000 JavaThread "Unconstrained build operations Thread 45" [_thread_blocked, id=1092, stack(0x00000005d9e00000,0x00000005d9f00000)]
  0x000001a122d86000 JavaThread "Unconstrained build operations Thread 46" [_thread_blocked, id=20872, stack(0x00000005d9f00000,0x00000005da000000)]
  0x000001a122d83800 JavaThread "Unconstrained build operations Thread 47" [_thread_blocked, id=17592, stack(0x00000005da000000,0x00000005da100000)]
  0x000001a122d87000 JavaThread "Unconstrained build operations Thread 48" [_thread_blocked, id=8612, stack(0x00000005da100000,0x00000005da200000)]
  0x000001a122d84800 JavaThread "Unconstrained build operations Thread 49" [_thread_blocked, id=1212, stack(0x00000005da200000,0x00000005da300000)]
  0x000001a122d81800 JavaThread "Unconstrained build operations Thread 50" [_thread_blocked, id=4120, stack(0x00000005da300000,0x00000005da400000)]
  0x000001a122d85800 JavaThread "Unconstrained build operations Thread 51" [_thread_blocked, id=15604, stack(0x00000005da400000,0x00000005da500000)]
  0x000001a122d82000 JavaThread "Unconstrained build operations Thread 52" [_thread_blocked, id=9176, stack(0x00000005da500000,0x00000005da600000)]
  0x000001a122d83000 JavaThread "Unconstrained build operations Thread 53" [_thread_blocked, id=9760, stack(0x00000005da600000,0x00000005da700000)]
  0x000001a122d88800 JavaThread "Unconstrained build operations Thread 54" [_thread_blocked, id=23980, stack(0x00000005da700000,0x00000005da800000)]
  0x000001a122d88000 JavaThread "Unconstrained build operations Thread 55" [_thread_blocked, id=8284, stack(0x00000005da800000,0x00000005da900000)]
  0x000001a122d8f000 JavaThread "Unconstrained build operations Thread 56" [_thread_blocked, id=14068, stack(0x00000005da900000,0x00000005daa00000)]
  0x000001a122d89800 JavaThread "Unconstrained build operations Thread 57" [_thread_blocked, id=19652, stack(0x00000005daa00000,0x00000005dab00000)]
  0x000001a122d8c800 JavaThread "Unconstrained build operations Thread 58" [_thread_blocked, id=15192, stack(0x00000005dab00000,0x00000005dac00000)]
  0x000001a122d8a800 JavaThread "Unconstrained build operations Thread 59" [_thread_blocked, id=22080, stack(0x00000005dac00000,0x00000005dad00000)]
  0x000001a122d8b000 JavaThread "Unconstrained build operations Thread 60" [_thread_blocked, id=21896, stack(0x00000005dad00000,0x00000005dae00000)]
  0x000001a122d8e800 JavaThread "Unconstrained build operations Thread 61" [_thread_blocked, id=23072, stack(0x00000005dae00000,0x00000005daf00000)]
  0x000001a122d8d800 JavaThread "Unconstrained build operations Thread 62" [_thread_blocked, id=12028, stack(0x00000005daf00000,0x00000005db000000)]
  0x000001a122d8c000 JavaThread "Unconstrained build operations Thread 63" [_thread_blocked, id=1692, stack(0x00000005db000000,0x00000005db100000)]
  0x000001a122d90000 JavaThread "Unconstrained build operations Thread 64" [_thread_blocked, id=12924, stack(0x00000005db100000,0x00000005db200000)]
  0x000001a12584d800 JavaThread "Unconstrained build operations Thread 65" [_thread_blocked, id=15424, stack(0x00000005db200000,0x00000005db300000)]
  0x000001a125852800 JavaThread "Unconstrained build operations Thread 66" [_thread_blocked, id=25512, stack(0x00000005db300000,0x00000005db400000)]
  0x000001a125850000 JavaThread "Unconstrained build operations Thread 67" [_thread_blocked, id=8988, stack(0x00000005db400000,0x00000005db500000)]
  0x000001a12584f000 JavaThread "Unconstrained build operations Thread 68" [_thread_blocked, id=4624, stack(0x00000005db500000,0x00000005db600000)]
  0x000001a125854000 JavaThread "Unconstrained build operations Thread 69" [_thread_blocked, id=22756, stack(0x00000005db600000,0x00000005db700000)]
  0x000001a12584e000 JavaThread "Unconstrained build operations Thread 70" [_thread_blocked, id=22808, stack(0x00000005db700000,0x00000005db800000)]
  0x000001a125851800 JavaThread "Unconstrained build operations Thread 71" [_thread_blocked, id=16020, stack(0x00000005db800000,0x00000005db900000)]
  0x000001a125856800 JavaThread "Unconstrained build operations Thread 72" [_thread_blocked, id=25308, stack(0x00000005db900000,0x00000005dba00000)]
  0x000001a125855000 JavaThread "Unconstrained build operations Thread 73" [_thread_blocked, id=19732, stack(0x00000005dba00000,0x00000005dbb00000)]
  0x000001a125853000 JavaThread "Unconstrained build operations Thread 74" [_thread_blocked, id=9724, stack(0x00000005dbb00000,0x00000005dbc00000)]
  0x000001a125850800 JavaThread "Unconstrained build operations Thread 75" [_thread_blocked, id=6288, stack(0x00000005dbc00000,0x00000005dbd00000)]
  0x000001a12585a800 JavaThread "Unconstrained build operations Thread 76" [_thread_blocked, id=24296, stack(0x00000005dbd00000,0x00000005dbe00000)]
  0x000001a125855800 JavaThread "Unconstrained build operations Thread 77" [_thread_blocked, id=20988, stack(0x00000005dbe00000,0x00000005dbf00000)]
  0x000001a125857000 JavaThread "Unconstrained build operations Thread 78" [_thread_blocked, id=12980, stack(0x00000005dbf00000,0x00000005dc000000)]
  0x000001a125858000 JavaThread "Unconstrained build operations Thread 79" [_thread_blocked, id=13836, stack(0x00000005dc000000,0x00000005dc100000)]
  0x000001a125859800 JavaThread "Unconstrained build operations Thread 80" [_thread_blocked, id=14400, stack(0x00000005dc100000,0x00000005dc200000)]
  0x000001a125859000 JavaThread "jar transforms Thread 6" [_thread_blocked, id=15960, stack(0x00000005dc200000,0x00000005dc300000)]
  0x000001a12585b800 JavaThread "jar transforms Thread 7" [_thread_blocked, id=17184, stack(0x00000005dc300000,0x00000005dc400000)]
  0x000001a12585c000 JavaThread "jar transforms Thread 8" [_thread_blocked, id=24232, stack(0x00000005dc400000,0x00000005dc500000)]
  0x000001a123376800 JavaThread "build event listener" [_thread_blocked, id=2024, stack(0x00000005dc500000,0x00000005dc600000)]
  0x000001a123375000 JavaThread "Memory manager" [_thread_blocked, id=1276, stack(0x00000005dc600000,0x00000005dc700000)]
  0x000001a123377800 JavaThread "included builds" [_thread_blocked, id=25500, stack(0x00000005dc700000,0x00000005dc800000)]
  0x000001a123372800 JavaThread "Execution worker" [_thread_blocked, id=5164, stack(0x00000005dc800000,0x00000005dc900000)]
  0x000001a123371800 JavaThread "Execution worker Thread 2" [_thread_blocked, id=17972, stack(0x00000005dc900000,0x00000005dca00000)]
  0x000001a123378000 JavaThread "Execution worker Thread 3" [_thread_blocked, id=10448, stack(0x00000005dca00000,0x00000005dcb00000)]
  0x000001a123374000 JavaThread "Execution worker Thread 4" [_thread_blocked, id=21648, stack(0x00000005dcb00000,0x00000005dcc00000)]
  0x000001a123375800 JavaThread "Execution worker Thread 5" [_thread_blocked, id=16168, stack(0x00000005dcc00000,0x00000005dcd00000)]
  0x000001a123379000 JavaThread "Execution worker Thread 6" [_thread_blocked, id=24640, stack(0x00000005dcd00000,0x00000005dce00000)]
  0x000001a123373000 JavaThread "Execution worker Thread 7" [_thread_blocked, id=13568, stack(0x00000005dce00000,0x00000005dcf00000)]
  0x000001a12337e800 JavaThread "Cache worker for execution history cache (D:\AndroidTool\AndroidProject\MyApplication\.gradle\7.5\executionHistory)" [_thread_blocked, id=12352, stack(0x00000005dcf00000,0x00000005dd000000)]
  0x000001a12337b800 JavaThread "Cache worker for Java compile cache (D:\AndroidTool\AndroidGradle\caches\7.5\javaCompile)" [_thread_blocked, id=24812, stack(0x00000005dd100000,0x00000005dd200000)]
  0x000001a123697800 JavaThread "C2 CompilerThread1" daemon [_thread_blocked, id=24820, stack(0x00000005dd000000,0x00000005dd100000)]
  0x000001a123379800 JavaThread "Build operations" [_thread_blocked, id=25136, stack(0x00000005dd200000,0x00000005dd300000)]
  0x000001a123380800 JavaThread "Build operations Thread 2" [_thread_blocked, id=12456, stack(0x00000005dd300000,0x00000005dd400000)]
  0x000001a12337f800 JavaThread "Build operations Thread 3" [_thread_blocked, id=1460, stack(0x00000005dd400000,0x00000005dd500000)]
  0x000001a12337a800 JavaThread "Build operations Thread 4" [_thread_blocked, id=24456, stack(0x00000005dd500000,0x00000005dd600000)]
  0x000001a12337c000 JavaThread "Build operations Thread 5" [_thread_blocked, id=12176, stack(0x00000005dd600000,0x00000005dd700000)]
  0x000001a12337d000 JavaThread "Build operations Thread 6" [_thread_blocked, id=9136, stack(0x00000005dd700000,0x00000005dd800000)]
  0x000001a12c47a000 JavaThread "Build operations Thread 7" [_thread_blocked, id=18628, stack(0x00000005dd800000,0x00000005dd900000)]
  0x000001a12c47d800 JavaThread "Build operations Thread 8" [_thread_blocked, id=25168, stack(0x00000005dd900000,0x00000005dda00000)]
  0x000001a12c47c000 JavaThread "WorkerExecutor Queue" [_thread_blocked, id=8108, stack(0x00000005dda00000,0x00000005ddb00000)]

Other Threads:
=>0x000001a11f397800 VMThread "VM Thread" [stack: 0x00000005d4300000,0x00000005d4400000] [id=15652]
  0x000001a11fe0e000 WatcherThread [stack: 0x00000005d4d00000,0x00000005d4e00000] [id=20580]
  0x000001a104ef1000 GCTaskThread "GC Thread#0" [stack: 0x00000005d3e00000,0x00000005d3f00000] [id=10360]
  0x000001a12118e000 GCTaskThread "GC Thread#1" [stack: 0x00000005d4f00000,0x00000005d5000000] [id=15612]
  0x000001a1210d4800 GCTaskThread "GC Thread#2" [stack: 0x00000005d5000000,0x00000005d5100000] [id=19544]
  0x000001a122460800 GCTaskThread "GC Thread#3" [stack: 0x00000005d5c00000,0x00000005d5d00000] [id=21788]
  0x000001a12216f000 GCTaskThread "GC Thread#4" [stack: 0x00000005d5d00000,0x00000005d5e00000] [id=13856]
  0x000001a121f34000 GCTaskThread "GC Thread#5" [stack: 0x00000005d5e00000,0x00000005d5f00000] [id=20588]
  0x000001a122188000 GCTaskThread "GC Thread#6" [stack: 0x00000005d5f00000,0x00000005d6000000] [id=18880]
  0x000001a1227a2800 GCTaskThread "GC Thread#7" [stack: 0x00000005d6000000,0x00000005d6100000] [id=10668]
  0x000001a104f24000 ConcurrentGCThread "G1 Main Marker" [stack: 0x00000005d3f00000,0x00000005d4000000] [id=15048]
  0x000001a104f25000 ConcurrentGCThread "G1 Conc#0" [stack: 0x00000005d4000000,0x00000005d4100000] [id=11712]
  0x000001a12222c800 ConcurrentGCThread "G1 Conc#1" [stack: 0x00000005d6100000,0x00000005d6200000] [id=23052]
  0x000001a11f1e8800 ConcurrentGCThread "G1 Refine#0" [stack: 0x00000005d4100000,0x00000005d4200000] [id=17336]
  0x000001a11f1e9800 ConcurrentGCThread "G1 Young RemSet Sampling" [stack: 0x00000005d4200000,0x00000005d4300000] [id=2924]

Threads with active compile tasks:
C2 CompilerThread0    19438 15181       4       java.util.regex.Pattern$SliceU::match (99 bytes)
C1 CompilerThread0    19438 15156       2       com.android.tools.r8.internal.G50::y (30 bytes)
C2 CompilerThread1    19438 15008       4       com.android.tools.r8.internal.wn::P (2 bytes)

VM state:at safepoint (normal execution)

VM Mutex/Monitor currently owned by a thread:  ([mutex/lock_event])
[0x000001a104eda1f0] Threads_lock - owner thread: 0x000001a11f397800
[0x000001a104eda5e0] Heap_lock - owner thread: 0x000001a12c47c000

Heap address: 0x0000000080000000, size: 2048 MB, Compressed Oops mode: 32-bit
Narrow klass base: 0x0000000000000000, Narrow klass shift: 3
Compressed class space size: 1073741824 Address: 0x0000000100000000

Heap:
 garbage-first heap   total 285696K, used 142819K [0x0000000080000000, 0x0000000100000000)
  region size 1024K, 1 young (1024K), 1 survivors (1024K)
 Metaspace       used 109115K, capacity 112417K, committed 112680K, reserved 1146880K
  class space    used 14106K, capacity 15353K, committed 15436K, reserved 1048576K
Heap Regions: E=young(eden), S=young(survivor), O=old, HS=humongous(starts), HC=humongous(continues), CS=collection set, F=free, A=archive, TAMS=top-at-mark-start (previous, next)
|   0|0x0000000080000000, 0x0000000080100000, 0x0000000080100000|100%| O|  |TAMS 0x0000000080100000, 0x0000000080100000| Untracked 
|   1|0x0000000080100000, 0x0000000080200000, 0x0000000080200000|100%| O|  |TAMS 0x0000000080200000, 0x0000000080200000| Untracked 
|   2|0x0000000080200000, 0x0000000080300000, 0x0000000080300000|100%| O|  |TAMS 0x0000000080300000, 0x0000000080300000| Untracked 
|   3|0x0000000080300000, 0x0000000080400000, 0x0000000080400000|100%|HS|  |TAMS 0x0000000080400000, 0x0000000080400000| Complete 
|   4|0x0000000080400000, 0x0000000080500000, 0x0000000080500000|100%|HC|  |TAMS 0x0000000080500000, 0x0000000080500000| Complete 
|   5|0x0000000080500000, 0x0000000080600000, 0x0000000080600000|100%|HC|  |TAMS 0x0000000080600000, 0x0000000080600000| Complete 
|   6|0x0000000080600000, 0x0000000080700000, 0x0000000080700000|100%| O|  |TAMS 0x0000000080700000, 0x0000000080700000| Untracked 
|   7|0x0000000080700000, 0x0000000080800000, 0x0000000080800000|100%| O|  |TAMS 0x0000000080800000, 0x0000000080800000| Untracked 
|   8|0x0000000080800000, 0x0000000080900000, 0x0000000080900000|100%| O|  |TAMS 0x0000000080900000, 0x0000000080900000| Untracked 
|   9|0x0000000080900000, 0x0000000080a00000, 0x0000000080a00000|100%| O|  |TAMS 0x0000000080a00000, 0x0000000080a00000| Untracked 
|  10|0x0000000080a00000, 0x0000000080b00000, 0x0000000080b00000|100%| O|  |TAMS 0x0000000080b00000, 0x0000000080b00000| Untracked 
|  11|0x0000000080b00000, 0x0000000080c00000, 0x0000000080c00000|100%| O|  |TAMS 0x0000000080c00000, 0x0000000080c00000| Untracked 
|  12|0x0000000080c00000, 0x0000000080d00000, 0x0000000080d00000|100%| O|  |TAMS 0x0000000080d00000, 0x0000000080d00000| Untracked 
|  13|0x0000000080d00000, 0x0000000080e00000, 0x0000000080e00000|100%| O|  |TAMS 0x0000000080e00000, 0x0000000080e00000| Untracked 
|  14|0x0000000080e00000, 0x0000000080f00000, 0x0000000080f00000|100%| O|  |TAMS 0x0000000080f00000, 0x0000000080f00000| Untracked 
|  15|0x0000000080f00000, 0x0000000081000000, 0x0000000081000000|100%| O|  |TAMS 0x0000000081000000, 0x0000000081000000| Untracked 
|  16|0x0000000081000000, 0x0000000081100000, 0x0000000081100000|100%| O|  |TAMS 0x0000000081100000, 0x0000000081100000| Untracked 
|  17|0x0000000081100000, 0x0000000081200000, 0x0000000081200000|100%| O|  |TAMS 0x0000000081200000, 0x0000000081200000| Untracked 
|  18|0x0000000081200000, 0x0000000081300000, 0x0000000081300000|100%| O|  |TAMS 0x0000000081300000, 0x0000000081300000| Untracked 
|  19|0x0000000081300000, 0x0000000081400000, 0x0000000081400000|100%| O|  |TAMS 0x0000000081400000, 0x0000000081400000| Untracked 
|  20|0x0000000081400000, 0x0000000081500000, 0x0000000081500000|100%| O|  |TAMS 0x0000000081500000, 0x0000000081500000| Untracked 
|  21|0x0000000081500000, 0x0000000081600000, 0x0000000081600000|100%| O|  |TAMS 0x0000000081600000, 0x0000000081600000| Untracked 
|  22|0x0000000081600000, 0x0000000081700000, 0x0000000081700000|100%| O|  |TAMS 0x0000000081700000, 0x0000000081700000| Untracked 
|  23|0x0000000081700000, 0x0000000081800000, 0x0000000081800000|100%| O|  |TAMS 0x0000000081800000, 0x0000000081800000| Untracked 
|  24|0x0000000081800000, 0x0000000081900000, 0x0000000081900000|100%| O|  |TAMS 0x0000000081900000, 0x0000000081900000| Untracked 
|  25|0x0000000081900000, 0x0000000081a00000, 0x0000000081a00000|100%| O|  |TAMS 0x0000000081a00000, 0x0000000081a00000| Untracked 
|  26|0x0000000081a00000, 0x0000000081b00000, 0x0000000081b00000|100%| O|  |TAMS 0x0000000081b00000, 0x0000000081b00000| Untracked 
|  27|0x0000000081b00000, 0x0000000081c00000, 0x0000000081c00000|100%| O|  |TAMS 0x0000000081c00000, 0x0000000081c00000| Untracked 
|  28|0x0000000081c00000, 0x0000000081d00000, 0x0000000081d00000|100%|HS|  |TAMS 0x0000000081d00000, 0x0000000081d00000| Complete 
|  29|0x0000000081d00000, 0x0000000081e00000, 0x0000000081e00000|100%|HS|  |TAMS 0x0000000081e00000, 0x0000000081e00000| Complete 
|  30|0x0000000081e00000, 0x0000000081f00000, 0x0000000081f00000|100%| O|  |TAMS 0x0000000081f00000, 0x0000000081f00000| Untracked 
|  31|0x0000000081f00000, 0x0000000082000000, 0x0000000082000000|100%| O|  |TAMS 0x0000000082000000, 0x0000000082000000| Untracked 
|  32|0x0000000082000000, 0x0000000082100000, 0x0000000082100000|100%| O|  |TAMS 0x0000000082100000, 0x0000000082100000| Untracked 
|  33|0x0000000082100000, 0x0000000082200000, 0x0000000082200000|100%| O|  |TAMS 0x0000000082200000, 0x0000000082200000| Untracked 
|  34|0x0000000082200000, 0x0000000082300000, 0x0000000082300000|100%| O|  |TAMS 0x0000000082300000, 0x0000000082300000| Untracked 
|  35|0x0000000082300000, 0x0000000082400000, 0x0000000082400000|100%| O|  |TAMS 0x0000000082400000, 0x0000000082400000| Untracked 
|  36|0x0000000082400000, 0x0000000082500000, 0x0000000082500000|100%| O|  |TAMS 0x0000000082500000, 0x0000000082500000| Untracked 
|  37|0x0000000082500000, 0x0000000082600000, 0x0000000082600000|100%| O|  |TAMS 0x0000000082600000, 0x0000000082600000| Untracked 
|  38|0x0000000082600000, 0x0000000082700000, 0x0000000082700000|100%| O|  |TAMS 0x0000000082700000, 0x0000000082700000| Untracked 
|  39|0x0000000082700000, 0x0000000082800000, 0x0000000082800000|100%| O|  |TAMS 0x0000000082800000, 0x0000000082800000| Untracked 
|  40|0x0000000082800000, 0x0000000082900000, 0x0000000082900000|100%| O|  |TAMS 0x0000000082900000, 0x0000000082900000| Untracked 
|  41|0x0000000082900000, 0x0000000082a00000, 0x0000000082a00000|100%| O|  |TAMS 0x0000000082a00000, 0x0000000082a00000| Untracked 
|  42|0x0000000082a00000, 0x0000000082b00000, 0x0000000082b00000|100%| O|  |TAMS 0x0000000082b00000, 0x0000000082b00000| Untracked 
|  43|0x0000000082b00000, 0x0000000082c00000, 0x0000000082c00000|100%| O|  |TAMS 0x0000000082c00000, 0x0000000082c00000| Untracked 
|  44|0x0000000082c00000, 0x0000000082d00000, 0x0000000082d00000|100%| O|  |TAMS 0x0000000082d00000, 0x0000000082d00000| Untracked 
|  45|0x0000000082d00000, 0x0000000082e00000, 0x0000000082e00000|100%| O|  |TAMS 0x0000000082e00000, 0x0000000082e00000| Untracked 
|  46|0x0000000082e00000, 0x0000000082f00000, 0x0000000082f00000|100%| O|  |TAMS 0x0000000082f00000, 0x0000000082f00000| Untracked 
|  47|0x0000000082f00000, 0x0000000083000000, 0x0000000083000000|100%| O|  |TAMS 0x0000000083000000, 0x0000000083000000| Untracked 
|  48|0x0000000083000000, 0x0000000083100000, 0x0000000083100000|100%| O|  |TAMS 0x0000000083100000, 0x0000000083100000| Untracked 
|  49|0x0000000083100000, 0x0000000083200000, 0x0000000083200000|100%| O|  |TAMS 0x0000000083200000, 0x0000000083200000| Untracked 
|  50|0x0000000083200000, 0x0000000083300000, 0x0000000083300000|100%| O|  |TAMS 0x0000000083300000, 0x0000000083300000| Untracked 
|  51|0x0000000083300000, 0x0000000083400000, 0x0000000083400000|100%| O|  |TAMS 0x0000000083400000, 0x0000000083400000| Untracked 
|  52|0x0000000083400000, 0x0000000083500000, 0x0000000083500000|100%| O|  |TAMS 0x0000000083500000, 0x0000000083500000| Untracked 
|  53|0x0000000083500000, 0x0000000083600000, 0x0000000083600000|100%| O|  |TAMS 0x0000000083600000, 0x0000000083600000| Untracked 
|  54|0x0000000083600000, 0x0000000083700000, 0x0000000083700000|100%| O|  |TAMS 0x0000000083700000, 0x0000000083700000| Untracked 
|  55|0x0000000083700000, 0x0000000083800000, 0x0000000083800000|100%| O|  |TAMS 0x0000000083800000, 0x0000000083800000| Untracked 
|  56|0x0000000083800000, 0x0000000083900000, 0x0000000083900000|100%| O|  |TAMS 0x0000000083900000, 0x0000000083900000| Untracked 
|  57|0x0000000083900000, 0x0000000083a00000, 0x0000000083a00000|100%| O|  |TAMS 0x0000000083a00000, 0x0000000083a00000| Untracked 
|  58|0x0000000083a00000, 0x0000000083b00000, 0x0000000083b00000|100%| O|  |TAMS 0x0000000083b00000, 0x0000000083b00000| Untracked 
|  59|0x0000000083b00000, 0x0000000083c00000, 0x0000000083c00000|100%| O|  |TAMS 0x0000000083c00000, 0x0000000083c00000| Untracked 
|  60|0x0000000083c00000, 0x0000000083d00000, 0x0000000083d00000|100%| O|  |TAMS 0x0000000083d00000, 0x0000000083d00000| Untracked 
|  61|0x0000000083d00000, 0x0000000083e00000, 0x0000000083e00000|100%| O|  |TAMS 0x0000000083e00000, 0x0000000083e00000| Untracked 
|  62|0x0000000083e00000, 0x0000000083f00000, 0x0000000083f00000|100%| O|  |TAMS 0x0000000083f00000, 0x0000000083f00000| Untracked 
|  63|0x0000000083f00000, 0x0000000084000000, 0x0000000084000000|100%| O|  |TAMS 0x0000000084000000, 0x0000000084000000| Untracked 
|  64|0x0000000084000000, 0x0000000084100000, 0x0000000084100000|100%| O|  |TAMS 0x0000000084100000, 0x0000000084100000| Untracked 
|  65|0x0000000084100000, 0x0000000084200000, 0x0000000084200000|100%| O|  |TAMS 0x0000000084200000, 0x0000000084200000| Untracked 
|  66|0x0000000084200000, 0x0000000084300000, 0x0000000084300000|100%| O|  |TAMS 0x0000000084300000, 0x0000000084300000| Untracked 
|  67|0x0000000084300000, 0x0000000084400000, 0x0000000084400000|100%| O|  |TAMS 0x0000000084400000, 0x0000000084400000| Untracked 
|  68|0x0000000084400000, 0x0000000084500000, 0x0000000084500000|100%| O|  |TAMS 0x0000000084500000, 0x0000000084500000| Untracked 
|  69|0x0000000084500000, 0x0000000084600000, 0x0000000084600000|100%| O|  |TAMS 0x0000000084600000, 0x0000000084600000| Untracked 
|  70|0x0000000084600000, 0x0000000084700000, 0x0000000084700000|100%| O|  |TAMS 0x0000000084700000, 0x0000000084700000| Untracked 
|  71|0x0000000084700000, 0x0000000084800000, 0x0000000084800000|100%| O|  |TAMS 0x0000000084800000, 0x0000000084800000| Untracked 
|  72|0x0000000084800000, 0x0000000084900000, 0x0000000084900000|100%| O|  |TAMS 0x0000000084900000, 0x0000000084900000| Untracked 
|  73|0x0000000084900000, 0x0000000084a00000, 0x0000000084a00000|100%| O|  |TAMS 0x0000000084a00000, 0x0000000084a00000| Untracked 
|  74|0x0000000084a00000, 0x0000000084b00000, 0x0000000084b00000|100%| O|  |TAMS 0x0000000084b00000, 0x0000000084b00000| Untracked 
|  75|0x0000000084b00000, 0x0000000084c00000, 0x0000000084c00000|100%| O|  |TAMS 0x0000000084c00000, 0x0000000084c00000| Untracked 
|  76|0x0000000084c00000, 0x0000000084d00000, 0x0000000084d00000|100%| O|  |TAMS 0x0000000084d00000, 0x0000000084d00000| Untracked 
|  77|0x0000000084d00000, 0x0000000084e00000, 0x0000000084e00000|100%| O|  |TAMS 0x0000000084e00000, 0x0000000084e00000| Untracked 
|  78|0x0000000084e00000, 0x0000000084f00000, 0x0000000084f00000|100%|HS|  |TAMS 0x0000000084f00000, 0x0000000084f00000| Complete 
|  79|0x0000000084f00000, 0x0000000085000000, 0x0000000085000000|100%| O|  |TAMS 0x0000000085000000, 0x0000000085000000| Untracked 
|  80|0x0000000085000000, 0x0000000085100000, 0x0000000085100000|100%| O|  |TAMS 0x0000000085100000, 0x0000000085100000| Untracked 
|  81|0x0000000085100000, 0x0000000085200000, 0x0000000085200000|100%| O|  |TAMS 0x0000000085200000, 0x0000000085200000| Untracked 
|  82|0x0000000085200000, 0x0000000085200000, 0x0000000085300000|  0%| F|  |TAMS 0x0000000085200000, 0x0000000085200000| Untracked 
|  83|0x0000000085300000, 0x0000000085300000, 0x0000000085400000|  0%| F|  |TAMS 0x0000000085300000, 0x0000000085300000| Untracked 
|  84|0x0000000085400000, 0x0000000085500000, 0x0000000085500000|100%| O|  |TAMS 0x0000000085500000, 0x0000000085500000| Untracked 
|  85|0x0000000085500000, 0x0000000085600000, 0x0000000085600000|100%| O|  |TAMS 0x0000000085600000, 0x0000000085600000| Untracked 
|  86|0x0000000085600000, 0x0000000085700000, 0x0000000085700000|100%| O|  |TAMS 0x0000000085700000, 0x0000000085700000| Untracked 
|  87|0x0000000085700000, 0x0000000085800000, 0x0000000085800000|100%| O|  |TAMS 0x0000000085800000, 0x0000000085800000| Untracked 
|  88|0x0000000085800000, 0x0000000085900000, 0x0000000085900000|100%| O|  |TAMS 0x0000000085900000, 0x0000000085900000| Untracked 
|  89|0x0000000085900000, 0x0000000085a00000, 0x0000000085a00000|100%| O|  |TAMS 0x0000000085a00000, 0x0000000085a00000| Untracked 
|  90|0x0000000085a00000, 0x0000000085b00000, 0x0000000085b00000|100%| O|  |TAMS 0x0000000085b00000, 0x0000000085b00000| Untracked 
|  91|0x0000000085b00000, 0x0000000085c00000, 0x0000000085c00000|100%| O|  |TAMS 0x0000000085c00000, 0x0000000085c00000| Untracked 
|  92|0x0000000085c00000, 0x0000000085d00000, 0x0000000085d00000|100%| O|  |TAMS 0x0000000085d00000, 0x0000000085d00000| Untracked 
|  93|0x0000000085d00000, 0x0000000085e00000, 0x0000000085e00000|100%| O|  |TAMS 0x0000000085e00000, 0x0000000085e00000| Untracked 
|  94|0x0000000085e00000, 0x0000000085f00000, 0x0000000085f00000|100%| O|  |TAMS 0x0000000085f00000, 0x0000000085f00000| Untracked 
|  95|0x0000000085f00000, 0x0000000086000000, 0x0000000086000000|100%| O|  |TAMS 0x0000000086000000, 0x0000000086000000| Untracked 
|  96|0x0000000086000000, 0x0000000086100000, 0x0000000086100000|100%| O|  |TAMS 0x0000000086100000, 0x0000000086100000| Untracked 
|  97|0x0000000086100000, 0x0000000086200000, 0x0000000086200000|100%| O|  |TAMS 0x0000000086200000, 0x0000000086200000| Untracked 
|  98|0x0000000086200000, 0x0000000086300000, 0x0000000086300000|100%| O|  |TAMS 0x0000000086300000, 0x0000000086300000| Untracked 
|  99|0x0000000086300000, 0x0000000086400000, 0x0000000086400000|100%| O|  |TAMS 0x0000000086400000, 0x0000000086400000| Untracked 
| 100|0x0000000086400000, 0x0000000086500000, 0x0000000086500000|100%| O|  |TAMS 0x0000000086500000, 0x0000000086500000| Untracked 
| 101|0x0000000086500000, 0x0000000086600000, 0x0000000086600000|100%| O|  |TAMS 0x0000000086600000, 0x0000000086600000| Untracked 
| 102|0x0000000086600000, 0x0000000086700000, 0x0000000086700000|100%| O|  |TAMS 0x0000000086700000, 0x0000000086700000| Untracked 
| 103|0x0000000086700000, 0x0000000086800000, 0x0000000086800000|100%| O|  |TAMS 0x0000000086800000, 0x0000000086800000| Untracked 
| 104|0x0000000086800000, 0x0000000086900000, 0x0000000086900000|100%| O|  |TAMS 0x0000000086900000, 0x0000000086900000| Untracked 
| 105|0x0000000086900000, 0x0000000086a00000, 0x0000000086a00000|100%| O|  |TAMS 0x0000000086a00000, 0x0000000086a00000| Untracked 
| 106|0x0000000086a00000, 0x0000000086b00000, 0x0000000086b00000|100%| O|  |TAMS 0x0000000086b00000, 0x0000000086b00000| Untracked 
| 107|0x0000000086b00000, 0x0000000086c00000, 0x0000000086c00000|100%| O|  |TAMS 0x0000000086c00000, 0x0000000086c00000| Untracked 
| 108|0x0000000086c00000, 0x0000000086d00000, 0x0000000086d00000|100%| O|  |TAMS 0x0000000086d00000, 0x0000000086d00000| Untracked 
| 109|0x0000000086d00000, 0x0000000086e00000, 0x0000000086e00000|100%| O|  |TAMS 0x0000000086e00000, 0x0000000086e00000| Untracked 
| 110|0x0000000086e00000, 0x0000000086f00000, 0x0000000086f00000|100%| O|  |TAMS 0x0000000086f00000, 0x0000000086f00000| Untracked 
| 111|0x0000000086f00000, 0x0000000087000000, 0x0000000087000000|100%| O|  |TAMS 0x0000000087000000, 0x0000000087000000| Untracked 
| 112|0x0000000087000000, 0x0000000087100000, 0x0000000087100000|100%| O|  |TAMS 0x0000000087100000, 0x0000000087100000| Untracked 
| 113|0x0000000087100000, 0x0000000087200000, 0x0000000087200000|100%| O|  |TAMS 0x0000000087200000, 0x0000000087200000| Untracked 
| 114|0x0000000087200000, 0x0000000087300000, 0x0000000087300000|100%| O|  |TAMS 0x0000000087300000, 0x0000000087300000| Untracked 
| 115|0x0000000087300000, 0x0000000087400000, 0x0000000087400000|100%| O|  |TAMS 0x0000000087400000, 0x0000000087400000| Untracked 
| 116|0x0000000087400000, 0x0000000087500000, 0x0000000087500000|100%| O|  |TAMS 0x0000000087500000, 0x0000000087500000| Untracked 
| 117|0x0000000087500000, 0x0000000087600000, 0x0000000087600000|100%| O|  |TAMS 0x0000000087600000, 0x0000000087600000| Untracked 
| 118|0x0000000087600000, 0x0000000087700000, 0x0000000087700000|100%| O|  |TAMS 0x0000000087700000, 0x0000000087700000| Untracked 
| 119|0x0000000087700000, 0x0000000087800000, 0x0000000087800000|100%| O|  |TAMS 0x0000000087800000, 0x0000000087800000| Untracked 
| 120|0x0000000087800000, 0x0000000087900000, 0x0000000087900000|100%| O|  |TAMS 0x0000000087900000, 0x0000000087900000| Untracked 
| 121|0x0000000087900000, 0x0000000087a00000, 0x0000000087a00000|100%| O|  |TAMS 0x0000000087a00000, 0x0000000087a00000| Untracked 
| 122|0x0000000087a00000, 0x0000000087b00000, 0x0000000087b00000|100%| O|  |TAMS 0x0000000087b00000, 0x0000000087b00000| Untracked 
| 123|0x0000000087b00000, 0x0000000087c00000, 0x0000000087c00000|100%| O|  |TAMS 0x0000000087c00000, 0x0000000087c00000| Untracked 
| 124|0x0000000087c00000, 0x0000000087d00000, 0x0000000087d00000|100%| O|  |TAMS 0x0000000087d00000, 0x0000000087d00000| Untracked 
| 125|0x0000000087d00000, 0x0000000087e00000, 0x0000000087e00000|100%| O|  |TAMS 0x0000000087e00000, 0x0000000087e00000| Untracked 
| 126|0x0000000087e00000, 0x0000000087f00000, 0x0000000087f00000|100%| O|  |TAMS 0x0000000087f00000, 0x0000000087f00000| Untracked 
| 127|0x0000000087f00000, 0x0000000088000000, 0x0000000088000000|100%| O|  |TAMS 0x0000000088000000, 0x0000000088000000| Untracked 
| 128|0x0000000088000000, 0x0000000088100000, 0x0000000088100000|100%| O|  |TAMS 0x0000000088100000, 0x0000000088100000| Untracked 
| 129|0x0000000088100000, 0x0000000088200000, 0x0000000088200000|100%| O|  |TAMS 0x0000000088200000, 0x0000000088200000| Untracked 
| 130|0x0000000088200000, 0x0000000088300000, 0x0000000088300000|100%| O|  |TAMS 0x0000000088300000, 0x0000000088300000| Untracked 
| 131|0x0000000088300000, 0x0000000088400000, 0x0000000088400000|100%| O|  |TAMS 0x0000000088400000, 0x0000000088400000| Untracked 
| 132|0x0000000088400000, 0x0000000088500000, 0x0000000088500000|100%| O|  |TAMS 0x0000000088500000, 0x0000000088500000| Untracked 
| 133|0x0000000088500000, 0x0000000088600000, 0x0000000088600000|100%| O|  |TAMS 0x0000000088600000, 0x0000000088600000| Untracked 
| 134|0x0000000088600000, 0x0000000088700000, 0x0000000088700000|100%| O|  |TAMS 0x0000000088700000, 0x0000000088700000| Untracked 
| 135|0x0000000088700000, 0x0000000088800000, 0x0000000088800000|100%| O|  |TAMS 0x0000000088800000, 0x0000000088800000| Untracked 
| 136|0x0000000088800000, 0x0000000088900000, 0x0000000088900000|100%| O|  |TAMS 0x00000000888fca00, 0x0000000088900000| Untracked 
| 137|0x0000000088900000, 0x0000000088a00000, 0x0000000088a00000|100%| O|  |TAMS 0x0000000088900000, 0x0000000088a00000| Untracked 
| 138|0x0000000088a00000, 0x0000000088b00000, 0x0000000088b00000|100%| O|  |TAMS 0x0000000088a00000, 0x0000000088b00000| Untracked 
| 139|0x0000000088b00000, 0x0000000088c00000, 0x0000000088c00000|100%| O|  |TAMS 0x0000000088b00000, 0x0000000088c00000| Untracked 
| 140|0x0000000088c00000, 0x0000000088d00000, 0x0000000088d00000|100%| O|  |TAMS 0x0000000088c00000, 0x0000000088d00000| Untracked 
| 141|0x0000000088d00000, 0x0000000088d49200, 0x0000000088e00000| 28%| O|  |TAMS 0x0000000088d00000, 0x0000000088d49200| Untracked 
| 142|0x0000000088e00000, 0x0000000088e00000, 0x0000000088f00000|  0%| F|  |TAMS 0x0000000088e00000, 0x0000000088e00000| Untracked 
| 143|0x0000000088f00000, 0x0000000088f00000, 0x0000000089000000|  0%| F|  |TAMS 0x0000000088f00000, 0x0000000088f00000| Untracked 
| 144|0x0000000089000000, 0x0000000089000000, 0x0000000089100000|  0%| F|  |TAMS 0x0000000089000000, 0x0000000089000000| Untracked 
| 145|0x0000000089100000, 0x0000000089100000, 0x0000000089200000|  0%| F|  |TAMS 0x0000000089100000, 0x0000000089100000| Untracked 
| 146|0x0000000089200000, 0x0000000089200000, 0x0000000089300000|  0%| F|  |TAMS 0x0000000089200000, 0x0000000089200000| Untracked 
| 147|0x0000000089300000, 0x0000000089300000, 0x0000000089400000|  0%| F|  |TAMS 0x0000000089300000, 0x0000000089300000| Untracked 
| 148|0x0000000089400000, 0x0000000089400000, 0x0000000089500000|  0%| F|  |TAMS 0x0000000089400000, 0x0000000089400000| Untracked 
| 149|0x0000000089500000, 0x0000000089500000, 0x0000000089600000|  0%| F|  |TAMS 0x0000000089500000, 0x0000000089500000| Untracked 
| 150|0x0000000089600000, 0x0000000089600000, 0x0000000089700000|  0%| F|  |TAMS 0x0000000089600000, 0x0000000089600000| Untracked 
| 151|0x0000000089700000, 0x0000000089700000, 0x0000000089800000|  0%| F|  |TAMS 0x0000000089700000, 0x0000000089700000| Untracked 
| 152|0x0000000089800000, 0x0000000089800000, 0x0000000089900000|  0%| F|  |TAMS 0x0000000089800000, 0x0000000089800000| Untracked 
| 153|0x0000000089900000, 0x0000000089900000, 0x0000000089a00000|  0%| F|  |TAMS 0x0000000089900000, 0x0000000089900000| Untracked 
| 154|0x0000000089a00000, 0x0000000089a00000, 0x0000000089b00000|  0%| F|  |TAMS 0x0000000089a00000, 0x0000000089a00000| Untracked 
| 155|0x0000000089b00000, 0x0000000089b00000, 0x0000000089c00000|  0%| F|  |TAMS 0x0000000089b00000, 0x0000000089b00000| Untracked 
| 156|0x0000000089c00000, 0x0000000089c00000, 0x0000000089d00000|  0%| F|  |TAMS 0x0000000089c00000, 0x0000000089c00000| Untracked 
| 157|0x0000000089d00000, 0x0000000089d00000, 0x0000000089e00000|  0%| F|  |TAMS 0x0000000089d00000, 0x0000000089d00000| Untracked 
| 158|0x0000000089e00000, 0x0000000089e00000, 0x0000000089f00000|  0%| F|  |TAMS 0x0000000089e00000, 0x0000000089e00000| Untracked 
| 159|0x0000000089f00000, 0x0000000089f00000, 0x000000008a000000|  0%| F|  |TAMS 0x0000000089f00000, 0x0000000089f00000| Untracked 
| 160|0x000000008a000000, 0x000000008a000000, 0x000000008a100000|  0%| F|  |TAMS 0x000000008a000000, 0x000000008a000000| Untracked 
| 161|0x000000008a100000, 0x000000008a100000, 0x000000008a200000|  0%| F|  |TAMS 0x000000008a100000, 0x000000008a100000| Untracked 
| 162|0x000000008a200000, 0x000000008a200000, 0x000000008a300000|  0%| F|  |TAMS 0x000000008a200000, 0x000000008a200000| Untracked 
| 163|0x000000008a300000, 0x000000008a300000, 0x000000008a400000|  0%| F|  |TAMS 0x000000008a300000, 0x000000008a300000| Untracked 
| 164|0x000000008a400000, 0x000000008a400000, 0x000000008a500000|  0%| F|  |TAMS 0x000000008a400000, 0x000000008a400000| Untracked 
| 165|0x000000008a500000, 0x000000008a500000, 0x000000008a600000|  0%| F|  |TAMS 0x000000008a500000, 0x000000008a500000| Untracked 
| 166|0x000000008a600000, 0x000000008a600000, 0x000000008a700000|  0%| F|  |TAMS 0x000000008a600000, 0x000000008a600000| Untracked 
| 167|0x000000008a700000, 0x000000008a700000, 0x000000008a800000|  0%| F|  |TAMS 0x000000008a700000, 0x000000008a700000| Untracked 
| 168|0x000000008a800000, 0x000000008a800000, 0x000000008a900000|  0%| F|  |TAMS 0x000000008a800000, 0x000000008a800000| Untracked 
| 169|0x000000008a900000, 0x000000008a900000, 0x000000008aa00000|  0%| F|  |TAMS 0x000000008a900000, 0x000000008a900000| Untracked 
| 170|0x000000008aa00000, 0x000000008aa00000, 0x000000008ab00000|  0%| F|  |TAMS 0x000000008aa00000, 0x000000008aa00000| Untracked 
| 171|0x000000008ab00000, 0x000000008ab00000, 0x000000008ac00000|  0%| F|  |TAMS 0x000000008ab00000, 0x000000008ab00000| Untracked 
| 172|0x000000008ac00000, 0x000000008ac00000, 0x000000008ad00000|  0%| F|  |TAMS 0x000000008ac00000, 0x000000008ac00000| Untracked 
| 173|0x000000008ad00000, 0x000000008ad00000, 0x000000008ae00000|  0%| F|  |TAMS 0x000000008ad00000, 0x000000008ad00000| Untracked 
| 174|0x000000008ae00000, 0x000000008ae00000, 0x000000008af00000|  0%| F|  |TAMS 0x000000008ae00000, 0x000000008ae00000| Untracked 
| 175|0x000000008af00000, 0x000000008af00000, 0x000000008b000000|  0%| F|  |TAMS 0x000000008af00000, 0x000000008af00000| Untracked 
| 176|0x000000008b000000, 0x000000008b000000, 0x000000008b100000|  0%| F|  |TAMS 0x000000008b000000, 0x000000008b000000| Untracked 
| 177|0x000000008b100000, 0x000000008b100000, 0x000000008b200000|  0%| F|  |TAMS 0x000000008b100000, 0x000000008b100000| Untracked 
| 178|0x000000008b200000, 0x000000008b200000, 0x000000008b300000|  0%| F|  |TAMS 0x000000008b200000, 0x000000008b200000| Untracked 
| 179|0x000000008b300000, 0x000000008b300000, 0x000000008b400000|  0%| F|  |TAMS 0x000000008b300000, 0x000000008b300000| Untracked 
| 180|0x000000008b400000, 0x000000008b400000, 0x000000008b500000|  0%| F|  |TAMS 0x000000008b400000, 0x000000008b400000| Untracked 
| 181|0x000000008b500000, 0x000000008b500000, 0x000000008b600000|  0%| F|  |TAMS 0x000000008b500000, 0x000000008b500000| Untracked 
| 182|0x000000008b600000, 0x000000008b62fb60, 0x000000008b700000| 18%| S|CS|TAMS 0x000000008b600000, 0x000000008b600000| Complete 
| 183|0x000000008b700000, 0x000000008b700000, 0x000000008b800000|  0%| F|  |TAMS 0x000000008b700000, 0x000000008b700000| Untracked 
| 184|0x000000008b800000, 0x000000008b800000, 0x000000008b900000|  0%| F|  |TAMS 0x000000008b800000, 0x000000008b800000| Untracked 
| 185|0x000000008b900000, 0x000000008b900000, 0x000000008ba00000|  0%| F|  |TAMS 0x000000008b900000, 0x000000008b900000| Untracked 
| 186|0x000000008ba00000, 0x000000008ba00000, 0x000000008bb00000|  0%| F|  |TAMS 0x000000008ba00000, 0x000000008ba00000| Untracked 
| 187|0x000000008bb00000, 0x000000008bb00000, 0x000000008bc00000|  0%| F|  |TAMS 0x000000008bb00000, 0x000000008bb00000| Untracked 
| 188|0x000000008bc00000, 0x000000008bc00000, 0x000000008bd00000|  0%| F|  |TAMS 0x000000008bc00000, 0x000000008bc00000| Untracked 
| 189|0x000000008bd00000, 0x000000008bd00000, 0x000000008be00000|  0%| F|  |TAMS 0x000000008bd00000, 0x000000008bd00000| Untracked 
| 190|0x000000008be00000, 0x000000008be00000, 0x000000008bf00000|  0%| F|  |TAMS 0x000000008be00000, 0x000000008be00000| Untracked 
| 191|0x000000008bf00000, 0x000000008bf00000, 0x000000008c000000|  0%| F|  |TAMS 0x000000008bf00000, 0x000000008bf00000| Untracked 
| 192|0x000000008c000000, 0x000000008c000000, 0x000000008c100000|  0%| F|  |TAMS 0x000000008c000000, 0x000000008c000000| Untracked 
| 193|0x000000008c100000, 0x000000008c100000, 0x000000008c200000|  0%| F|  |TAMS 0x000000008c100000, 0x000000008c100000| Untracked 
| 194|0x000000008c200000, 0x000000008c200000, 0x000000008c300000|  0%| F|  |TAMS 0x000000008c200000, 0x000000008c200000| Untracked 
| 195|0x000000008c300000, 0x000000008c300000, 0x000000008c400000|  0%| F|  |TAMS 0x000000008c300000, 0x000000008c300000| Untracked 
| 196|0x000000008c400000, 0x000000008c400000, 0x000000008c500000|  0%| F|  |TAMS 0x000000008c400000, 0x000000008c400000| Untracked 
| 197|0x000000008c500000, 0x000000008c500000, 0x000000008c600000|  0%| F|  |TAMS 0x000000008c500000, 0x000000008c500000| Untracked 
| 198|0x000000008c600000, 0x000000008c600000, 0x000000008c700000|  0%| F|  |TAMS 0x000000008c600000, 0x000000008c600000| Untracked 
| 199|0x000000008c700000, 0x000000008c700000, 0x000000008c800000|  0%| F|  |TAMS 0x000000008c700000, 0x000000008c700000| Untracked 
| 200|0x000000008c800000, 0x000000008c800000, 0x000000008c900000|  0%| F|  |TAMS 0x000000008c800000, 0x000000008c800000| Untracked 
| 201|0x000000008c900000, 0x000000008c900000, 0x000000008ca00000|  0%| F|  |TAMS 0x000000008c900000, 0x000000008c900000| Untracked 
| 202|0x000000008ca00000, 0x000000008ca00000, 0x000000008cb00000|  0%| F|  |TAMS 0x000000008ca00000, 0x000000008ca00000| Untracked 
| 203|0x000000008cb00000, 0x000000008cb00000, 0x000000008cc00000|  0%| F|  |TAMS 0x000000008cb00000, 0x000000008cb00000| Untracked 
| 204|0x000000008cc00000, 0x000000008cc00000, 0x000000008cd00000|  0%| F|  |TAMS 0x000000008cc00000, 0x000000008cc00000| Untracked 
| 205|0x000000008cd00000, 0x000000008cd00000, 0x000000008ce00000|  0%| F|  |TAMS 0x000000008cd00000, 0x000000008cd00000| Untracked 
| 206|0x000000008ce00000, 0x000000008ce00000, 0x000000008cf00000|  0%| F|  |TAMS 0x000000008ce00000, 0x000000008ce00000| Untracked 
| 207|0x000000008cf00000, 0x000000008cf00000, 0x000000008d000000|  0%| F|  |TAMS 0x000000008cf00000, 0x000000008cf00000| Untracked 
| 208|0x000000008d000000, 0x000000008d000000, 0x000000008d100000|  0%| F|  |TAMS 0x000000008d000000, 0x000000008d000000| Untracked 
| 209|0x000000008d100000, 0x000000008d100000, 0x000000008d200000|  0%| F|  |TAMS 0x000000008d100000, 0x000000008d100000| Untracked 
| 210|0x000000008d200000, 0x000000008d200000, 0x000000008d300000|  0%| F|  |TAMS 0x000000008d200000, 0x000000008d200000| Untracked 
| 211|0x000000008d300000, 0x000000008d300000, 0x000000008d400000|  0%| F|  |TAMS 0x000000008d300000, 0x000000008d300000| Untracked 
| 212|0x000000008d400000, 0x000000008d400000, 0x000000008d500000|  0%| F|  |TAMS 0x000000008d400000, 0x000000008d400000| Untracked 
| 213|0x000000008d500000, 0x000000008d500000, 0x000000008d600000|  0%| F|  |TAMS 0x000000008d500000, 0x000000008d500000| Untracked 
| 214|0x000000008d600000, 0x000000008d600000, 0x000000008d700000|  0%| F|  |TAMS 0x000000008d600000, 0x000000008d600000| Untracked 
| 215|0x000000008d700000, 0x000000008d700000, 0x000000008d800000|  0%| F|  |TAMS 0x000000008d700000, 0x000000008d700000| Untracked 
| 216|0x000000008d800000, 0x000000008d800000, 0x000000008d900000|  0%| F|  |TAMS 0x000000008d800000, 0x000000008d800000| Untracked 
| 217|0x000000008d900000, 0x000000008d900000, 0x000000008da00000|  0%| F|  |TAMS 0x000000008d900000, 0x000000008d900000| Untracked 
| 218|0x000000008da00000, 0x000000008da00000, 0x000000008db00000|  0%| F|  |TAMS 0x000000008da00000, 0x000000008da00000| Untracked 
| 219|0x000000008db00000, 0x000000008db00000, 0x000000008dc00000|  0%| F|  |TAMS 0x000000008db00000, 0x000000008db00000| Untracked 

Card table byte_map: [0x000001a118140000,0x000001a118540000] _byte_map_base: 0x000001a117d40000

Marking Bits (Prev, Next): (CMBitMap*) 0x000001a104f1b320, (CMBitMap*) 0x000001a104f1b2e8
 Prev Bits: [0x000001a11a940000, 0x000001a11c940000)
 Next Bits: [0x000001a118940000, 0x000001a11a940000)

Polling page: 0x000001a102ee0000

Metaspace:

Usage:
  Non-class:     94.79 MB capacity,    92.78 MB ( 98%) used,     1.64 MB (  2%) free+waste,   380.94 KB ( <1%) overhead. 
      Class:     14.99 MB capacity,    13.78 MB ( 92%) used,     1.05 MB (  7%) free+waste,   172.50 KB (  1%) overhead. 
       Both:    109.78 MB capacity,   106.56 MB ( 97%) used,     2.68 MB (  2%) free+waste,   553.44 KB ( <1%) overhead. 

Virtual space:
  Non-class space:       96.00 MB reserved,      94.96 MB ( 99%) committed 
      Class space:        1.00 GB reserved,      15.07 MB (  1%) committed 
             Both:        1.09 GB reserved,     110.04 MB ( 10%) committed 

Chunk freelists:
   Non-Class:  52.00 KB
       Class:  71.00 KB
        Both:  123.00 KB

MaxMetaspaceSize: 17179869184.00 GB
CompressedClassSpaceSize: 1.00 GB
Initial GC threshold: 20.80 MB
Current GC threshold: 182.57 MB
CDS: off

CodeHeap 'non-profiled nmethods': size=120000Kb used=6739Kb max_used=6739Kb free=113260Kb
 bounds [0x000001a1104d0000, 0x000001a110b70000, 0x000001a117a00000]
CodeHeap 'profiled nmethods': size=120000Kb used=29066Kb max_used=29066Kb free=90933Kb
 bounds [0x000001a108fa0000, 0x000001a10ac10000, 0x000001a1104d0000]
CodeHeap 'non-nmethods': size=5760Kb used=2425Kb max_used=2508Kb free=3334Kb
 bounds [0x000001a108a00000, 0x000001a108c80000, 0x000001a108fa0000]
 total_blobs=15726 nmethods=14776 adapters=860
 compilation: enabled
              stopped_count=0, restarted_count=0
 full_count=0

Compilation events (20 events):
Event: 19.411 Thread 0x000001a123697800 nmethod 14679 0x000001a110b63990 code [0x000001a110b63b20, 0x000001a110b63bb8]
Event: 19.411 Thread 0x000001a123697800 14863       4       com.android.tools.r8.internal.Uw::X (2 bytes)
Event: 19.411 Thread 0x000001a123697800 nmethod 14863 0x000001a110b63c90 code [0x000001a110b63e20, 0x000001a110b63e78]
Event: 19.411 Thread 0x000001a123697800 14678       4       com.android.tools.r8.graph.T0::B0 (8 bytes)
Event: 19.411 Thread 0x000001a11fc91000 nmethod 15170 0x000001a10abff890 code [0x000001a10abffb60, 0x000001a10ac00858]
Event: 19.411 Thread 0x000001a11fc91000 15165       2       com.android.tools.r8.internal.Fd::a (32 bytes)
Event: 19.411 Thread 0x000001a123697800 nmethod 14678 0x000001a110b63f90 code [0x000001a110b64120, 0x000001a110b64198]
Event: 19.411 Thread 0x000001a123697800 14750       4       com.android.tools.r8.internal.s9::a (9 bytes)
Event: 19.412 Thread 0x000001a11fc91000 nmethod 15165 0x000001a10ac01210 code [0x000001a10ac013e0, 0x000001a10ac015e8]
Event: 19.412 Thread 0x000001a11fc91000 15166       2       com.android.tools.r8.internal.wh::a (180 bytes)
Event: 19.412 Thread 0x000001a123697800 nmethod 14750 0x000001a110b64290 code [0x000001a110b64420, 0x000001a110b644b8]
Event: 19.412 Thread 0x000001a123697800 14766       4       java.util.Collections$UnmodifiableList::indexOf (11 bytes)
Event: 19.412 Thread 0x000001a123697800 nmethod 14766 0x000001a110b64590 code [0x000001a110b64720, 0x000001a110b647b8]
Event: 19.412 Thread 0x000001a123697800 15092       4       java.util.Collections$SetFromMap::forEach (11 bytes)
Event: 19.413 Thread 0x000001a123697800 nmethod 15092 0x000001a110b64890 code [0x000001a110b64a20, 0x000001a110b64ab8]
Event: 19.413 Thread 0x000001a123697800 15118       4       com.android.tools.r8.internal.Ff::I (2 bytes)
Event: 19.413 Thread 0x000001a11fc91000 nmethod 15166 0x000001a10ac01790 code [0x000001a10ac01a40, 0x000001a10ac02408]
Event: 19.413 Thread 0x000001a11fc91000 15156       2       com.android.tools.r8.internal.G50::y (30 bytes)
Event: 19.413 Thread 0x000001a123697800 nmethod 15118 0x000001a110b64b90 code [0x000001a110b64d20, 0x000001a110b64d78]
Event: 19.413 Thread 0x000001a123697800 15008       4       com.android.tools.r8.internal.wn::P (2 bytes)

GC Heap History (20 events):
Event: 18.183 GC heap after
{Heap after GC invocations=30 (full 0):
 garbage-first heap   total 225280K, used 114873K [0x0000000080000000, 0x0000000100000000)
  region size 1024K, 10 young (10240K), 10 survivors (10240K)
 Metaspace       used 102272K, capacity 105406K, committed 105896K, reserved 1140736K
  class space    used 13209K, capacity 14348K, committed 14540K, reserved 1048576K
}
Event: 18.465 GC heap before
{Heap before GC invocations=31 (full 0):
 garbage-first heap   total 225280K, used 178361K [0x0000000080000000, 0x0000000100000000)
  region size 1024K, 72 young (73728K), 10 survivors (10240K)
 Metaspace       used 104701K, capacity 107948K, committed 108200K, reserved 1142784K
  class space    used 13544K, capacity 14753K, committed 14796K, reserved 1048576K
}
Event: 18.480 GC heap after
{Heap after GC invocations=32 (full 0):
 garbage-first heap   total 225280K, used 126916K [0x0000000080000000, 0x0000000100000000)
  region size 1024K, 9 young (9216K), 9 survivors (9216K)
 Metaspace       used 104701K, capacity 107948K, committed 108200K, reserved 1142784K
  class space    used 13544K, capacity 14753K, committed 14796K, reserved 1048576K
}
Event: 18.493 GC heap before
{Heap before GC invocations=32 (full 0):
 garbage-first heap   total 225280K, used 131012K [0x0000000080000000, 0x0000000100000000)
  region size 1024K, 14 young (14336K), 9 survivors (9216K)
 Metaspace       used 104884K, capacity 108134K, committed 108328K, reserved 1142784K
  class space    used 13577K, capacity 14794K, committed 14924K, reserved 1048576K
}
Event: 18.501 GC heap after
{Heap after GC invocations=33 (full 0):
 garbage-first heap   total 225280K, used 129916K [0x0000000080000000, 0x0000000100000000)
  region size 1024K, 2 young (2048K), 2 survivors (2048K)
 Metaspace       used 104884K, capacity 108134K, committed 108328K, reserved 1142784K
  class space    used 13577K, capacity 14794K, committed 14924K, reserved 1048576K
}
Event: 18.685 GC heap before
{Heap before GC invocations=33 (full 0):
 garbage-first heap   total 225280K, used 163708K [0x0000000080000000, 0x0000000100000000)
  region size 1024K, 35 young (35840K), 2 survivors (2048K)
 Metaspace       used 106643K, capacity 109916K, committed 110120K, reserved 1144832K
  class space    used 13855K, capacity 15088K, committed 15180K, reserved 1048576K
}
Event: 18.692 GC heap after
{Heap after GC invocations=34 (full 0):
 garbage-first heap   total 225280K, used 136098K [0x0000000080000000, 0x0000000100000000)
  region size 1024K, 5 young (5120K), 5 survivors (5120K)
 Metaspace       used 106643K, capacity 109916K, committed 110120K, reserved 1144832K
  class space    used 13855K, capacity 15088K, committed 15180K, reserved 1048576K
}
Event: 18.864 GC heap before
{Heap before GC invocations=35 (full 0):
 garbage-first heap   total 225280K, used 168866K [0x0000000080000000, 0x0000000100000000)
  region size 1024K, 38 young (38912K), 5 survivors (5120K)
 Metaspace       used 107689K, capacity 111025K, committed 111400K, reserved 1144832K
  class space    used 14038K, capacity 15281K, committed 15436K, reserved 1048576K
}
Event: 18.872 GC heap after
{Heap after GC invocations=36 (full 0):
 garbage-first heap   total 225280K, used 140362K [0x0000000080000000, 0x0000000100000000)
  region size 1024K, 5 young (5120K), 5 survivors (5120K)
 Metaspace       used 107689K, capacity 111025K, committed 111400K, reserved 1144832K
  class space    used 14038K, capacity 15281K, committed 15436K, reserved 1048576K
}
Event: 18.910 GC heap before
{Heap before GC invocations=36 (full 0):
 garbage-first heap   total 225280K, used 145482K [0x0000000080000000, 0x0000000100000000)
  region size 1024K, 11 young (11264K), 5 survivors (5120K)
 Metaspace       used 107823K, capacity 111129K, committed 111400K, reserved 1144832K
  class space    used 14047K, capacity 15293K, committed 15436K, reserved 1048576K
}
Event: 18.915 GC heap after
{Heap after GC invocations=37 (full 0):
 garbage-first heap   total 225280K, used 141036K [0x0000000080000000, 0x0000000100000000)
  region size 1024K, 1 young (1024K), 1 survivors (1024K)
 Metaspace       used 107823K, capacity 111129K, committed 111400K, reserved 1144832K
  class space    used 14047K, capacity 15293K, committed 15436K, reserved 1048576K
}
Event: 19.073 GC heap before
{Heap before GC invocations=37 (full 0):
 garbage-first heap   total 225280K, used 172780K [0x0000000080000000, 0x0000000100000000)
  region size 1024K, 31 young (31744K), 1 survivors (1024K)
 Metaspace       used 108298K, capacity 111655K, committed 111912K, reserved 1146880K
  class space    used 14079K, capacity 15331K, committed 15436K, reserved 1048576K
}
Event: 19.076 GC heap after
{Heap after GC invocations=38 (full 0):
 garbage-first heap   total 225280K, used 144466K [0x0000000080000000, 0x0000000100000000)
  region size 1024K, 4 young (4096K), 4 survivors (4096K)
 Metaspace       used 108298K, capacity 111655K, committed 111912K, reserved 1146880K
  class space    used 14079K, capacity 15331K, committed 15436K, reserved 1048576K
}
Event: 19.237 GC heap before
{Heap before GC invocations=39 (full 0):
 garbage-first heap   total 225280K, used 175186K [0x0000000080000000, 0x0000000100000000)
  region size 1024K, 34 young (34816K), 4 survivors (4096K)
 Metaspace       used 108873K, capacity 112207K, committed 112424K, reserved 1146880K
  class space    used 14104K, capacity 15349K, committed 15436K, reserved 1048576K
}
Event: 19.240 GC heap after
{Heap after GC invocations=40 (full 0):
 garbage-first heap   total 225280K, used 144627K [0x0000000080000000, 0x0000000100000000)
  region size 1024K, 2 young (2048K), 2 survivors (2048K)
 Metaspace       used 108873K, capacity 112207K, committed 112424K, reserved 1146880K
  class space    used 14104K, capacity 15349K, committed 15436K, reserved 1048576K
}
Event: 19.261 GC heap before
{Heap before GC invocations=40 (full 0):
 garbage-first heap   total 225280K, used 152819K [0x0000000080000000, 0x0000000100000000)
  region size 1024K, 11 young (11264K), 2 survivors (2048K)
 Metaspace       used 108925K, capacity 112220K, committed 112424K, reserved 1146880K
  class space    used 14106K, capacity 15353K, committed 15436K, reserved 1048576K
}
Event: 19.264 GC heap after
{Heap after GC invocations=41 (full 0):
 garbage-first heap   total 225280K, used 142887K [0x0000000080000000, 0x0000000100000000)
  region size 1024K, 1 young (1024K), 1 survivors (1024K)
 Metaspace       used 108925K, capacity 112220K, committed 112424K, reserved 1146880K
  class space    used 14106K, capacity 15353K, committed 15436K, reserved 1048576K
}
Event: 19.321 GC heap before
{Heap before GC invocations=41 (full 0):
 garbage-first heap   total 225280K, used 177703K [0x0000000080000000, 0x0000000100000000)
  region size 1024K, 35 young (35840K), 1 survivors (1024K)
 Metaspace       used 108972K, capacity 112286K, committed 112424K, reserved 1146880K
  class space    used 14106K, capacity 15353K, committed 15436K, reserved 1048576K
}
Event: 19.324 GC heap after
{Heap after GC invocations=42 (full 0):
 garbage-first heap   total 225280K, used 142758K [0x0000000080000000, 0x0000000100000000)
  region size 1024K, 1 young (1024K), 1 survivors (1024K)
 Metaspace       used 108972K, capacity 112286K, committed 112424K, reserved 1146880K
  class space    used 14106K, capacity 15353K, committed 15436K, reserved 1048576K
}
Event: 19.413 GC heap before
{Heap before GC invocations=42 (full 0):
 garbage-first heap   total 225280K, used 179622K [0x0000000080000000, 0x0000000100000000)
  region size 1024K, 37 young (37888K), 1 survivors (1024K)
 Metaspace       used 109115K, capacity 112417K, committed 112680K, reserved 1146880K
  class space    used 14106K, capacity 15353K, committed 15436K, reserved 1048576K
}

Deoptimization events (20 events):
Event: 19.342 Thread 0x000001a12c47c000 DEOPT PACKING pc=0x000001a10a836544 sp=0x00000005ddafd2e0
Event: 19.342 Thread 0x000001a12c47c000 DEOPT UNPACKING pc=0x000001a108a4a95e sp=0x00000005ddafc880 mode 0
Event: 19.344 Thread 0x000001a12c47c000 DEOPT PACKING pc=0x000001a10a836544 sp=0x00000005ddafd2e0
Event: 19.344 Thread 0x000001a12c47c000 DEOPT UNPACKING pc=0x000001a108a4a95e sp=0x00000005ddafc880 mode 0
Event: 19.346 Thread 0x000001a12c47c000 DEOPT PACKING pc=0x000001a10a836544 sp=0x00000005ddafd2e0
Event: 19.346 Thread 0x000001a12c47c000 DEOPT UNPACKING pc=0x000001a108a4a95e sp=0x00000005ddafc880 mode 0
Event: 19.348 Thread 0x000001a12c47c000 DEOPT PACKING pc=0x000001a10a836544 sp=0x00000005ddafd2e0
Event: 19.348 Thread 0x000001a12c47c000 DEOPT UNPACKING pc=0x000001a108a4a95e sp=0x00000005ddafc880 mode 0
Event: 19.350 Thread 0x000001a12c47c000 DEOPT PACKING pc=0x000001a10a836544 sp=0x00000005ddafd2e0
Event: 19.350 Thread 0x000001a12c47c000 DEOPT UNPACKING pc=0x000001a108a4a95e sp=0x00000005ddafc880 mode 0
Event: 19.352 Thread 0x000001a12c47c000 DEOPT PACKING pc=0x000001a10a836544 sp=0x00000005ddafd2e0
Event: 19.352 Thread 0x000001a12c47c000 DEOPT UNPACKING pc=0x000001a108a4a95e sp=0x00000005ddafc880 mode 0
Event: 19.354 Thread 0x000001a12c47c000 DEOPT PACKING pc=0x000001a10a836544 sp=0x00000005ddafd2e0
Event: 19.354 Thread 0x000001a12c47c000 DEOPT UNPACKING pc=0x000001a108a4a95e sp=0x00000005ddafc880 mode 0
Event: 19.356 Thread 0x000001a12c47c000 DEOPT PACKING pc=0x000001a10a836544 sp=0x00000005ddafd2e0
Event: 19.356 Thread 0x000001a12c47c000 DEOPT UNPACKING pc=0x000001a108a4a95e sp=0x00000005ddafc880 mode 0
Event: 19.358 Thread 0x000001a12c47c000 DEOPT PACKING pc=0x000001a10a836544 sp=0x00000005ddafd2e0
Event: 19.358 Thread 0x000001a12c47c000 DEOPT UNPACKING pc=0x000001a108a4a95e sp=0x00000005ddafc880 mode 0
Event: 19.360 Thread 0x000001a12c47c000 DEOPT PACKING pc=0x000001a10a836544 sp=0x00000005ddafd2e0
Event: 19.360 Thread 0x000001a12c47c000 DEOPT UNPACKING pc=0x000001a108a4a95e sp=0x00000005ddafc880 mode 0

Classes redefined (0 events):
No events

Internal exceptions (20 events):
Event: 17.839 Thread 0x000001a122d89800 Exception <a 'java/lang/NoSuchMethodError'{0x000000008cba7540}: 'java.lang.Object java.lang.invoke.DirectMethodHandle$Holder.invokeStatic(java.lang.Object, long)'> (0x000000008cba7540) thrown at [src/hotspot/share/interpreter/linkResolver.cpp, line 773]
Event: 17.839 Thread 0x000001a125851800 Exception <a 'java/lang/NoSuchMethodError'{0x000000008ca8ac00}: 'java.lang.Object java.lang.invoke.DirectMethodHandle$Holder.invokeStatic(java.lang.Object, long)'> (0x000000008ca8ac00) thrown at [src/hotspot/share/interpreter/linkResolver.cpp, line 773]
Event: 17.840 Thread 0x000001a125851800 Exception <a 'java/lang/NoSuchMethodError'{0x000000008ca8e728}: 'java.lang.Object java.lang.invoke.DirectMethodHandle$Holder.invokeSpecial(java.lang.Object, java.lang.Object, long)'> (0x000000008ca8e728) thrown at [src/hotspot/share/interpreter/linkResolver.cpp, line 773]
Event: 17.840 Thread 0x000001a122d89800 Exception <a 'java/lang/NoSuchMethodError'{0x000000008ca9a3a0}: 'java.lang.Object java.lang.invoke.DirectMethodHandle$Holder.invokeSpecial(java.lang.Object, java.lang.Object, long)'> (0x000000008ca9a3a0) thrown at [src/hotspot/share/interpreter/linkResolver.cpp, line 773]
Event: 17.840 Thread 0x000001a122d89800 Exception <a 'java/lang/NoSuchMethodError'{0x000000008ca9db58}: 'java.lang.Object java.lang.invoke.Invokers$Holder.linkToTargetMethod(long, java.lang.Object)'> (0x000000008ca9db58) thrown at [src/hotspot/share/interpreter/linkResolver.cpp, line 773]
Event: 17.840 Thread 0x000001a125851800 Exception <a 'java/lang/NoSuchMethodError'{0x000000008ca91f30}: 'java.lang.Object java.lang.invoke.Invokers$Holder.linkToTargetMethod(long, java.lang.Object)'> (0x000000008ca91f30) thrown at [src/hotspot/share/interpreter/linkResolver.cpp, line 773]
Event: 18.058 Thread 0x000001a122d89800 Exception <a 'java/lang/NoSuchMethodError'{0x000000008abd4a80}: 'void java.lang.invoke.DirectMethodHandle$Holder.invokeStatic(java.lang.Object, java.lang.Object, java.lang.Object, int)'> (0x000000008abd4a80) thrown at [src/hotspot/share/interpreter/linkResolver.cpp, line 773]
Event: 18.058 Thread 0x000001a125851800 Exception <a 'java/lang/NoSuchMethodError'{0x000000008aa1af08}: 'void java.lang.invoke.DirectMethodHandle$Holder.invokeStatic(java.lang.Object, java.lang.Object, java.lang.Object, int)'> (0x000000008aa1af08) thrown at [src/hotspot/share/interpreter/linkResolver.cpp, line 773]
Event: 18.060 Thread 0x000001a125851800 Exception <a 'java/lang/IncompatibleClassChangeError'{0x000000008aa212f8}: Found class java.lang.Object, but interface was expected> (0x000000008aa212f8) thrown at [src/hotspot/share/interpreter/linkResolver.cpp, line 839]
Event: 18.060 Thread 0x000001a122d89800 Exception <a 'java/lang/IncompatibleClassChangeError'{0x000000008aa3a638}: Found class java.lang.Object, but interface was expected> (0x000000008aa3a638) thrown at [src/hotspot/share/interpreter/linkResolver.cpp, line 839]
Event: 18.286 Thread 0x000001a125851800 Exception <a 'java/lang/NoSuchMethodError'{0x000000008ca3cc60}: 'java.lang.Object java.lang.invoke.DirectMethodHandle$Holder.invokeStatic(java.lang.Object, int, java.lang.Object, java.lang.Object)'> (0x000000008ca3cc60) thrown at [src/hotspot/share/interpreter/linkResolver.cpp, line 773]
Event: 18.432 Thread 0x000001a125851800 Exception <a 'java/lang/IncompatibleClassChangeError'{0x000000008a76f248}: Found class java.lang.Object, but interface was expected> (0x000000008a76f248) thrown at [src/hotspot/share/interpreter/linkResolver.cpp, line 839]
Event: 18.432 Thread 0x000001a125851800 Exception <a 'java/lang/IncompatibleClassChangeError'{0x000000008a779fc8}: Found class java.lang.Object, but interface was expected> (0x000000008a779fc8) thrown at [src/hotspot/share/interpreter/linkResolver.cpp, line 839]
Event: 18.513 Thread 0x000001a125851800 Implicit null exception at 0x000001a110a798bb to 0x000001a110a79a78
Event: 18.518 Thread 0x000001a122d89800 Exception <a 'java/lang/NoSuchMethodError'{0x000000008d898cc8}: 'void java.lang.invoke.DirectMethodHandle$Holder.invokeSpecial(java.lang.Object, java.lang.Object, int, java.lang.Object)'> (0x000000008d898cc8) thrown at [src/hotspot/share/interpreter/linkResolver.cpp, line 773]
Event: 18.518 Thread 0x000001a125851800 Exception <a 'java/lang/NoSuchMethodError'{0x000000008d8d62a8}: 'void java.lang.invoke.DirectMethodHandle$Holder.invokeSpecial(java.lang.Object, java.lang.Object, int, java.lang.Object)'> (0x000000008d8d62a8) thrown at [src/hotspot/share/interpreter/linkResolver.cpp, line 773]
Event: 18.593 Thread 0x000001a122d89800 Exception <a 'java/lang/NoSuchMethodError'{0x000000008ca9d878}: 'int java.lang.invoke.DirectMethodHandle$Holder.invokeSpecial(java.lang.Object, java.lang.Object, java.lang.Object, int, java.lang.Object)'> (0x000000008ca9d878) thrown at [src/hotspot/share/interpreter/linkResolver.cpp, line 773]
Event: 18.593 Thread 0x000001a125851800 Exception <a 'java/lang/NoSuchMethodError'{0x000000008c942f90}: 'int java.lang.invoke.DirectMethodHandle$Holder.invokeSpecial(java.lang.Object, java.lang.Object, java.lang.Object, int, java.lang.Object)'> (0x000000008c942f90) thrown at [src/hotspot/share/interpreter/linkResolver.cpp, line 773]
Event: 18.651 Thread 0x000001a122d89800 Exception <a 'java/lang/NoSuchMethodError'{0x000000008bc82af8}: 'java.lang.Object java.lang.invoke.DirectMethodHandle$Holder.invokeInterface(java.lang.Object, java.lang.Object, int)'> (0x000000008bc82af8) thrown at [src/hotspot/share/interpreter/linkResolver.cpp, line 773]
Event: 19.130 Thread 0x000001a12c47c000 Exception <a 'java/lang/NoSuchMethodError'{0x000000008d3458a0}: 'java.lang.Object java.lang.invoke.DirectMethodHandle$Holder.invokeVirtual(java.lang.Object, java.lang.Object, int)'> (0x000000008d3458a0) thrown at [src/hotspot/share/interpreter/linkResolver.cpp, line 773]

Events (20 events):
Event: 19.190 loading class com/android/builder/merge/IncrementalFileMergerInput done
Event: 19.200 Executing VM operation: ICBufferFull
Event: 19.200 Executing VM operation: ICBufferFull done
Event: 19.212 Executing VM operation: CGC_Operation
Event: 19.213 Executing VM operation: CGC_Operation done
Event: 19.237 Executing VM operation: G1CollectForAllocation
Event: 19.240 Executing VM operation: G1CollectForAllocation done
Event: 19.257 loading class com/android/tools/r8/internal/k30
Event: 19.257 loading class com/android/tools/r8/internal/k30 done
Event: 19.258 loading class com/android/tools/r8/internal/k30
Event: 19.258 loading class com/android/tools/r8/internal/k30 done
Event: 19.258 loading class com/android/tools/r8/internal/k30
Event: 19.258 loading class com/android/tools/r8/internal/k30 done
Event: 19.261 Executing VM operation: G1CollectForAllocation
Event: 19.264 Executing VM operation: G1CollectForAllocation done
Event: 19.321 Executing VM operation: G1CollectForAllocation
Event: 19.324 Executing VM operation: G1CollectForAllocation done
Event: 19.407 Executing VM operation: ICBufferFull
Event: 19.408 Executing VM operation: ICBufferFull done
Event: 19.413 Executing VM operation: G1CollectForAllocation


Dynamic libraries:
0x00007ff62dd70000 - 0x00007ff62dd7a000 	D:\AndroidTool\Android Studio\jbr\bin\java.exe
0x00007ffbd1890000 - 0x00007ffbd1a88000 	C:\WINDOWS\SYSTEM32\ntdll.dll
0x00007ffbd1660000 - 0x00007ffbd171f000 	C:\WINDOWS\System32\KERNEL32.DLL
0x00007ffbcf380000 - 0x00007ffbcf652000 	C:\WINDOWS\System32\KERNELBASE.dll
0x00007ffbcf1a0000 - 0x00007ffbcf2a0000 	C:\WINDOWS\System32\ucrtbase.dll
0x00007ffbc3e10000 - 0x00007ffbc3e2b000 	D:\AndroidTool\Android Studio\jbr\bin\VCRUNTIME140.dll
0x00007ffbb0030000 - 0x00007ffbb0047000 	D:\AndroidTool\Android Studio\jbr\bin\jli.dll
0x00007ffbd0ed0000 - 0x00007ffbd1071000 	C:\WINDOWS\System32\USER32.dll
0x00007ffbcf2a0000 - 0x00007ffbcf2c2000 	C:\WINDOWS\System32\win32u.dll
0x00007ffbd0060000 - 0x00007ffbd008b000 	C:\WINDOWS\System32\GDI32.dll
0x00007ffbcf010000 - 0x00007ffbcf11f000 	C:\WINDOWS\System32\gdi32full.dll
0x00007ffbcf6d0000 - 0x00007ffbcf76d000 	C:\WINDOWS\System32\msvcp_win.dll
0x00007ffbac910000 - 0x00007ffbacbaa000 	C:\WINDOWS\WinSxS\amd64_microsoft.windows.common-controls_6595b64144ccf1df_6.0.19041.1110_none_60b5254171f9507e\COMCTL32.dll
0x00007ffbd0a40000 - 0x00007ffbd0ade000 	C:\WINDOWS\System32\msvcrt.dll
0x00007ffbcf970000 - 0x00007ffbcf9a2000 	C:\WINDOWS\System32\IMM32.DLL
0x00007ffbba380000 - 0x00007ffbba38c000 	D:\AndroidTool\Android Studio\jbr\bin\vcruntime140_1.dll
0x00007ffb93710000 - 0x00007ffb9379d000 	D:\AndroidTool\Android Studio\jbr\bin\msvcp140.dll
0x00007ffb70e00000 - 0x00007ffb719bc000 	D:\AndroidTool\Android Studio\jbr\bin\server\jvm.dll
0x00007ffbcffb0000 - 0x00007ffbd005e000 	C:\WINDOWS\System32\ADVAPI32.dll
0x00007ffbcf8d0000 - 0x00007ffbcf96c000 	C:\WINDOWS\System32\sechost.dll
0x00007ffbcfe80000 - 0x00007ffbcffa5000 	C:\WINDOWS\System32\RPCRT4.dll
0x00007ffbd1450000 - 0x00007ffbd1458000 	C:\WINDOWS\System32\PSAPI.DLL
0x00007ffbad580000 - 0x00007ffbad589000 	C:\WINDOWS\SYSTEM32\WSOCK32.dll
0x00007ffbd1080000 - 0x00007ffbd10eb000 	C:\WINDOWS\System32\WS2_32.dll
0x00007ffbc8590000 - 0x00007ffbc85b7000 	C:\WINDOWS\SYSTEM32\WINMM.dll
0x00007ffbc7510000 - 0x00007ffbc751a000 	C:\WINDOWS\SYSTEM32\VERSION.dll
0x00007ffbcce40000 - 0x00007ffbcce52000 	C:\WINDOWS\SYSTEM32\kernel.appcore.dll
0x00007ffbcc780000 - 0x00007ffbcc790000 	D:\AndroidTool\Android Studio\jbr\bin\verify.dll
0x00007ffbc7f20000 - 0x00007ffbc8104000 	C:\WINDOWS\SYSTEM32\DBGHELP.DLL
0x00007ffbb7450000 - 0x00007ffbb7485000 	C:\WINDOWS\SYSTEM32\dbgcore.DLL
0x00007ffbcef80000 - 0x00007ffbcf002000 	C:\WINDOWS\System32\bcryptPrimitives.dll
0x00007ffbc3ed0000 - 0x00007ffbc3ef8000 	D:\AndroidTool\Android Studio\jbr\bin\java.dll
0x00007ffbcc730000 - 0x00007ffbcc73a000 	D:\AndroidTool\Android Studio\jbr\bin\jimage.dll
0x00007ffbcaa50000 - 0x00007ffbcaa68000 	D:\AndroidTool\Android Studio\jbr\bin\zip.dll
0x00007ffbd0090000 - 0x00007ffbd07d5000 	C:\WINDOWS\System32\SHELL32.dll
0x00007ffbcd040000 - 0x00007ffbcd7d2000 	C:\WINDOWS\SYSTEM32\windows.storage.dll
0x00007ffbd10f0000 - 0x00007ffbd1445000 	C:\WINDOWS\System32\combase.dll
0x00007ffbce9e0000 - 0x00007ffbcea10000 	C:\WINDOWS\SYSTEM32\Wldp.dll
0x00007ffbd0e20000 - 0x00007ffbd0ecd000 	C:\WINDOWS\System32\SHCORE.dll
0x00007ffbd0870000 - 0x00007ffbd08c5000 	C:\WINDOWS\System32\shlwapi.dll
0x00007ffbceec0000 - 0x00007ffbceedf000 	C:\WINDOWS\SYSTEM32\profapi.dll
0x00007ffbc3f20000 - 0x00007ffbc3f39000 	D:\AndroidTool\Android Studio\jbr\bin\net.dll
0x00007ffbc67d0000 - 0x00007ffbc68dc000 	C:\WINDOWS\SYSTEM32\WINHTTP.dll
0x00007ffbce740000 - 0x00007ffbce7aa000 	C:\WINDOWS\system32\mswsock.dll
0x00007ffbbd6c0000 - 0x00007ffbbd6d3000 	D:\AndroidTool\Android Studio\jbr\bin\nio.dll
0x00007ffbcaa70000 - 0x00007ffbcaa97000 	D:\AndroidTool\AndroidGradle\native\e1d6ef7f7dcc3fd88c89a11ec53ec762bb8ba0a96d01ffa2cd45eb1d1d8dd5c5\windows-amd64\native-platform.dll
0x00007ffb8e2b0000 - 0x00007ffb8e3f4000 	D:\AndroidTool\AndroidGradle\native\0d407fdbe67a94daf76414ababcb853783967236a71b16ec16e742cd7a986fd3\windows-amd64\native-platform-file-events.dll
0x00007ffbcc6b0000 - 0x00007ffbcc6ba000 	D:\AndroidTool\Android Studio\jbr\bin\management.dll
0x00007ffbc9330000 - 0x00007ffbc933b000 	D:\AndroidTool\Android Studio\jbr\bin\management_ext.dll
0x00007ffbce940000 - 0x00007ffbce958000 	C:\WINDOWS\SYSTEM32\CRYPTSP.dll
0x00007ffbcdff0000 - 0x00007ffbce024000 	C:\WINDOWS\system32\rsaenh.dll
0x00007ffbcf120000 - 0x00007ffbcf147000 	C:\WINDOWS\System32\bcrypt.dll
0x00007ffbcee80000 - 0x00007ffbceeae000 	C:\WINDOWS\SYSTEM32\USERENV.dll
0x00007ffbce930000 - 0x00007ffbce93c000 	C:\WINDOWS\SYSTEM32\CRYPTBASE.dll
0x00007ffbce3e0000 - 0x00007ffbce41b000 	C:\WINDOWS\SYSTEM32\IPHLPAPI.DLL
0x00007ffbd0a30000 - 0x00007ffbd0a38000 	C:\WINDOWS\System32\NSI.dll
0x00007ffbc6aa0000 - 0x00007ffbc6ab7000 	C:\WINDOWS\SYSTEM32\dhcpcsvc6.DLL
0x00007ffbc75b0000 - 0x00007ffbc75cd000 	C:\WINDOWS\SYSTEM32\dhcpcsvc.DLL
0x00007ffbce420000 - 0x00007ffbce4eb000 	C:\WINDOWS\SYSTEM32\DNSAPI.dll

dbghelp: loaded successfully - version: 4.0.5 - missing functions: none
symbol engine: initialized successfully - sym options: 0x614 - pdb path: .;D:\AndroidTool\Android Studio\jbr\bin;C:\WINDOWS\SYSTEM32;C:\WINDOWS\WinSxS\amd64_microsoft.windows.common-controls_6595b64144ccf1df_6.0.19041.1110_none_60b5254171f9507e;D:\AndroidTool\Android Studio\jbr\bin\server;D:\AndroidTool\AndroidGradle\native\e1d6ef7f7dcc3fd88c89a11ec53ec762bb8ba0a96d01ffa2cd45eb1d1d8dd5c5\windows-amd64;D:\AndroidTool\AndroidGradle\native\0d407fdbe67a94daf76414ababcb853783967236a71b16ec16e742cd7a986fd3\windows-amd64

VM Arguments:
jvm_args: --add-opens=java.base/java.util=ALL-UNNAMED --add-opens=java.base/java.lang=ALL-UNNAMED --add-opens=java.base/java.lang.invoke=ALL-UNNAMED --add-opens=java.base/java.util=ALL-UNNAMED --add-opens=java.prefs/java.util.prefs=ALL-UNNAMED --add-opens=java.prefs/java.util.prefs=ALL-UNNAMED --add-opens=java.base/java.nio.charset=ALL-UNNAMED --add-opens=java.base/java.net=ALL-UNNAMED --add-opens=java.base/java.util.concurrent.atomic=ALL-UNNAMED -Xmx2048m -Dfile.encoding=UTF-8 -Duser.country=CN -Duser.language=zh -Duser.variant 
java_command: org.gradle.launcher.daemon.bootstrap.GradleDaemon 7.5
java_class_path (initial): D:\AndroidTool\AndroidGradle\wrapper\dists\gradle-7.5-bin\f1w0cc9nuo0eivz97x2xlu9sv\gradle-7.5\lib\gradle-launcher-7.5.jar
Launcher Type: SUN_STANDARD

[Global flags]
     intx CICompilerCount                          = 4                                         {product} {ergonomic}
     uint ConcGCThreads                            = 2                                         {product} {ergonomic}
     uint G1ConcRefinementThreads                  = 8                                         {product} {ergonomic}
   size_t G1HeapRegionSize                         = 1048576                                   {product} {ergonomic}
    uintx GCDrainStackTargetSize                   = 64                                        {product} {ergonomic}
   size_t InitialHeapSize                          = 132120576                                 {product} {ergonomic}
   size_t MarkStackSize                            = 4194304                                   {product} {ergonomic}
   size_t MaxHeapSize                              = 2147483648                                {product} {command line}
   size_t MaxNewSize                               = 1287651328                                {product} {ergonomic}
   size_t MinHeapDeltaBytes                        = 1048576                                   {product} {ergonomic}
    uintx NonNMethodCodeHeapSize                   = 5836300                                {pd product} {ergonomic}
    uintx NonProfiledCodeHeapSize                  = 122910970                              {pd product} {ergonomic}
    uintx ProfiledCodeHeapSize                     = 122910970                              {pd product} {ergonomic}
    uintx ReservedCodeCacheSize                    = 251658240                              {pd product} {ergonomic}
     bool SegmentedCodeCache                       = true                                      {product} {ergonomic}
     bool UseCompressedClassPointers               = true                                 {lp64_product} {ergonomic}
     bool UseCompressedOops                        = true                                 {lp64_product} {ergonomic}
     bool UseG1GC                                  = true                                      {product} {ergonomic}
     bool UseLargePagesIndividualAllocation        = false                                  {pd product} {ergonomic}

Logging:
Log output configuration:
 #0: stdout all=warning uptime,level,tags
 #1: stderr all=off uptime,level,tags

Environment Variables:
JAVA_HOME=C:\Program Files\Java\jdk1.8.0_321
CLASSPATH=.;C:\Program Files\Java\jdk1.8.0_321\lib;C:\Program Files\Java\jdk1.8.0_321\lib\dt.jar;C:\Program Files\Java\jdk1.8.0_321\tools.jar
PATH=C:\Program Files\Microsoft MPI\Bin\;C:\Program Files\PlasticSCM5\server;C:\Program Files\PlasticSCM5\client;C:\Program Files\Java\jdk1.8.0_321\bin;C:\Windows\system32;C:\Windows;C:\Windows\System32\Wbem;C:\Windows\System32\WindowsPowerShell\v1.0\;C:\Program Files (x86)\NVIDIA Corporation\PhysX\Common;C:\Program Files\NVIDIA Corporation\NVIDIA NvDLISR;C:\Program Files\Intel\WiFi\bin\;C:\Program Files\Common Files\Intel\WirelessCommon\;D:\Softwares\MATLAB\bin;C:\Program Files\OpenSSH-Win64;C:\WINDOWS\System32\OpenSSH\;C:\Program Files\MySQL\MySQL Server 5.7\bin;D:\Softwares\Xshell\;C:\WINDOWS\system32;C:\WINDOWS;C:\WINDOWS\System32\Wbem;C:\WINDOWS\System32\WindowsPowerShell\v1.0\;D:\Softwares\Xftp\;D:\tomcat\apache-tomcat-9.0.63\bin;D:\tomcat\apache-tomcat-9.0.63\lib;C:\Program Files\Java\jdk1.8.0_321\jre\bin;C:\Program Files\Git\cmd;D:\Redis\;D:\Maven\apache-maven-3.8.1\bin;D:\MinGW\mingw64\bin;C:\Program Files\MySQL\MySQL Server 5.7\bin;C:\Windows\system32;C:\Windows;C:\Windows\System32\Wbem;C:\Windows\System32\WindowsPowerShell\v1.0\;C:\Program Files (x86)\NVIDIA Corporation\PhysX\Common;C:\Program Files\NVIDIA Corporation\NVIDIA NvDLISR;C:\Program Files\Intel\WiFi\bin\;C:\Program Files\Common Files\Intel\WirelessCommon\;D:\Softwares\MATLAB\bin;C:\Program Files\OpenSSH-Win64;C:\Windows\System32\OpenSSH\;C:\Program Files\MySQL\MySQL Server 8.0\bin;D:\Softwares\Anaconda3;D:\Softwares\Anaconda3\Library\mingw-w64\bin;D:\Softwares\Anaconda3\Library\usr\bin;D:\Softwares\Anaconda3\Library\bin;D:\Softwares\Anaconda3\Scripts;C:\Users\Xiexintong\AppData\Local\Microsoft\WindowsAp;C:\Users\Xiexintong\AppData\Local\Microsoft\WindowsApps;D:\Softwares\Modelsim\win32;D:\Softwares\Microsoft VS Code\bin;
USERNAME=Xiexintong
OS=Windows_NT
PROCESSOR_IDENTIFIER=Intel64 Family 6 Model 142 Stepping 12, GenuineIntel



---------------  S Y S T E M  ---------------

OS: Windows 10 , 64 bit Build 19041 (10.0.19041.2546)
OS uptime: 16 days 16:16 hours

CPU:total 8 (initial active 8) (4 cores per cpu, 2 threads per core) family 6 model 142 stepping 12 microcode 0xde, cmov, cx8, fxsr, mmx, sse, sse2, sse3, ssse3, sse4.1, sse4.2, popcnt, avx, avx2, aes, clmul, erms, 3dnowpref, lzcnt, ht, tsc, tscinvbit, bmi1, bmi2, adx, fma

Memory: 4k page, system-wide physical 8037M (405M free)
TotalPageFile size 22117M (AvailPageFile size 40M)
current process WorkingSet (physical memory assigned to process): 483M, peak: 486M
current process commit charge ("private bytes"): 582M, peak: 641M

vm_info: OpenJDK 64-Bit Server VM (11.0.15+0-b2043.56-9505619) for windows-amd64 JRE (11.0.15+0-b2043.56-9505619), built on Jan 19 2023 02:48:00 by "builduser" with unknown MS VC++:1929

END.
