#
# There is insufficient memory for the Java Runtime Environment to continue.
# Native memory allocation (malloc) failed to allocate 1619696 bytes for Chunk::new
# Possible reasons:
#   The system is out of physical RAM or swap space
#   The process is running with CompressedOops enabled, and the Java Heap may be blocking the growth of the native heap
# Possible solutions:
#   Reduce memory load on the system
#   Increase physical memory or swap space
#   Check if swap backing store is full
#   Decrease Java heap size (-Xmx/-Xms)
#   Decrease number of Java threads
#   Decrease Java thread stack sizes (-Xss)
#   Set larger code cache with -XX:ReservedCodeCacheSize=
#   JVM is running with Unscaled Compressed Oops mode in which the Java heap is
#     placed in the first 4GB address space. The Java Heap base address is the
#     maximum limit for the native heap growth. Please use -XX:HeapBaseMinAddress
#     to set the Java Heap base and to place the Java Heap above 4GB virtual address.
# This output file may be truncated or incomplete.
#
#  Out of Memory Error (src/hotspot/share/memory/arena.cpp:197), pid=18148, tid=6324
#
# JRE version: OpenJDK Runtime Environment (11.0.15) (build 11.0.15+0-b2043.56-9505619)
# Java VM: OpenJDK 64-Bit Server VM (11.0.15+0-b2043.56-9505619, mixed mode, tiered, compressed oops, g1 gc, windows-amd64)
# No core dump will be written. Minidumps are not enabled by default on client versions of Windows
#

---------------  S U M M A R Y ------------

Command Line: --add-opens=java.base/java.util=ALL-UNNAMED --add-opens=java.base/java.lang=ALL-UNNAMED --add-opens=java.base/java.lang.invoke=ALL-UNNAMED --add-opens=java.base/java.util=ALL-UNNAMED --add-opens=java.prefs/java.util.prefs=ALL-UNNAMED --add-opens=java.prefs/java.util.prefs=ALL-UNNAMED --add-opens=java.base/java.nio.charset=ALL-UNNAMED --add-opens=java.base/java.net=ALL-UNNAMED --add-opens=java.base/java.util.concurrent.atomic=ALL-UNNAMED -Xmx2048m -Dfile.encoding=UTF-8 -Duser.country=CN -Duser.language=zh -Duser.variant org.gradle.launcher.daemon.bootstrap.GradleDaemon 7.5

Host: Intel(R) Core(TM) i5-8265U CPU @ 1.60GHz, 8 cores, 7G,  Windows 10 , 64 bit Build 19041 (10.0.19041.2546)
Time: Sun Mar 12 13:40:37 2023  Windows 10 , 64 bit Build 19041 (10.0.19041.2546) elapsed time: 30.148783 seconds (0d 0h 0m 30s)

---------------  T H R E A D  ---------------

Current thread (0x00000263ba413800):  JavaThread "C2 CompilerThread0" daemon [_thread_in_native, id=6324, stack(0x000000892d800000,0x000000892d900000)]


Current CompileTask:
C2:  30148 12511   !   4       org.gradle.internal.instantiation.generator.DependencyInjectingInstantiator::doCreate (64 bytes)

Stack: [0x000000892d800000,0x000000892d900000]
Native frames: (J=compiled Java code, j=interpreted, Vv=VM code, C=native code)
V  [jvm.dll+0x64135a]
V  [jvm.dll+0x7d39f9]
V  [jvm.dll+0x7d51b9]
V  [jvm.dll+0x7d58a3]
V  [jvm.dll+0x2691c5]
V  [jvm.dll+0xc1a5c]
V  [jvm.dll+0xc200c]
V  [jvm.dll+0x3774a7]
V  [jvm.dll+0x1b3914]
V  [jvm.dll+0x22163e]
V  [jvm.dll+0x220498]
V  [jvm.dll+0x19e851]
V  [jvm.dll+0x230479]
V  [jvm.dll+0x22e5ef]
V  [jvm.dll+0x794de1]
V  [jvm.dll+0x78dc24]
V  [jvm.dll+0x6400f6]
C  [ucrtbase.dll+0x21bb2]
C  [KERNEL32.DLL+0x17614]
C  [ntdll.dll+0x526a1]


---------------  P R O C E S S  ---------------

Threads class SMR info:
_java_thread_list=0x00000263c41589c0, length=133, elements={
0x000002639f686800, 0x00000263b9b2b000, 0x00000263b9b36800, 0x00000263b9b51800,
0x00000263ba40f800, 0x00000263ba412800, 0x00000263ba413800, 0x00000263ba415800,
0x00000263ba419000, 0x00000263ba58b800, 0x00000263bc8bb000, 0x00000263bb441800,
0x00000263bcf35800, 0x00000263bb7da800, 0x00000263bb7db000, 0x00000263bc932000,
0x00000263bc8c3800, 0x00000263bca4d000, 0x00000263bc912800, 0x00000263bc943000,
0x00000263bc949000, 0x00000263bc948000, 0x00000263bc947000, 0x00000263bc949800,
0x00000263bc944000, 0x00000263bc944800, 0x00000263bc945800, 0x00000263bc946800,
0x00000263bd776000, 0x00000263bd776800, 0x00000263bd772800, 0x00000263bd779000,
0x00000263bd777800, 0x00000263bd773800, 0x00000263bd77a000, 0x00000263bd778800,
0x00000263bd774800, 0x00000263bd77b000, 0x00000263bd77e000, 0x00000263bd77f000,
0x00000263bd781800, 0x00000263bd77f800, 0x00000263bd77b800, 0x00000263bd77c800,
0x00000263bd77d000, 0x00000263bd780800, 0x00000263ba7c2000, 0x00000263ba7c5000,
0x00000263ba7c6000, 0x00000263ba7c0800, 0x00000263ba7c4800, 0x00000263ba7c7000,
0x00000263ba7c1000, 0x00000263ba7c7800, 0x00000263ba7c8800, 0x00000263ba7c2800,
0x00000263ba7c9800, 0x00000263ba7c3800, 0x00000263ba7cb800, 0x00000263ba7cf000,
0x00000263ba7ce000, 0x00000263ba7ca000, 0x00000263ba7cb000, 0x00000263ba7cd800,
0x00000263ba7cc800, 0x00000263bc7cc000, 0x00000263bc7c9800, 0x00000263bc7ca800,
0x00000263bc7d0000, 0x00000263bc7d1000, 0x00000263bc7cb000, 0x00000263bc7cd000,
0x00000263bc7d2800, 0x00000263bc7ce800, 0x00000263bc7cd800, 0x00000263bc7cf800,
0x00000263bc7d5000, 0x00000263bc7d1800, 0x00000263bc7d7800, 0x00000263bc7d3800,
0x00000263bc7d4000, 0x00000263bc7d6800, 0x00000263bc7d6000, 0x00000263bc7d8000,
0x00000263bcd78800, 0x00000263bcd76000, 0x00000263bcd76800, 0x00000263bcd77800,
0x00000263bcd79000, 0x00000263bcd75000, 0x00000263bcd73800, 0x00000263bcd7a000,
0x00000263bcd74000, 0x00000263bcd80800, 0x00000263bcd7a800, 0x00000263bcd7c800,
0x00000263bcd81800, 0x00000263bcd7d000, 0x00000263bcd7f000, 0x00000263bcd7e000,
0x00000263bcd7f800, 0x00000263bcd7b800, 0x00000263bcd82000, 0x00000263bcfe8800,
0x00000263bcfe9800, 0x00000263bcfeb800, 0x00000263bcfea000, 0x00000263bcfe7800,
0x00000263bcfef000, 0x00000263bcfec800, 0x00000263bcfeb000, 0x00000263bcff1800,
0x00000263bcff0800, 0x00000263bcff2000, 0x00000263bcff3000, 0x00000263bcfed800,
0x00000263bcff4000, 0x00000263bcff0000, 0x00000263bcfee000, 0x00000263bcff4800,
0x00000263bcff5800, 0x00000263bcff6800, 0x00000263c1ef9800, 0x00000263c1eff800,
0x00000263c1efa800, 0x00000263c1efe000, 0x00000263c1efe800, 0x00000263c1f00800,
0x00000263c1f01000, 0x00000263c1efc000, 0x00000263c1efb800, 0x00000263c29d1800,
0x00000263c440a800
}

Java Threads: ( => current thread )
  0x000002639f686800 JavaThread "main" [_thread_blocked, id=25336, stack(0x000000892cc00000,0x000000892cd00000)]
  0x00000263b9b2b000 JavaThread "Reference Handler" daemon [_thread_blocked, id=15916, stack(0x000000892d300000,0x000000892d400000)]
  0x00000263b9b36800 JavaThread "Finalizer" daemon [_thread_blocked, id=21292, stack(0x000000892d400000,0x000000892d500000)]
  0x00000263b9b51800 JavaThread "Signal Dispatcher" daemon [_thread_blocked, id=24048, stack(0x000000892d500000,0x000000892d600000)]
  0x00000263ba40f800 JavaThread "Attach Listener" daemon [_thread_blocked, id=16080, stack(0x000000892d600000,0x000000892d700000)]
  0x00000263ba412800 JavaThread "Service Thread" daemon [_thread_blocked, id=24400, stack(0x000000892d700000,0x000000892d800000)]
=>0x00000263ba413800 JavaThread "C2 CompilerThread0" daemon [_thread_in_native, id=6324, stack(0x000000892d800000,0x000000892d900000)]
  0x00000263ba415800 JavaThread "C1 CompilerThread0" daemon [_thread_blocked, id=4920, stack(0x000000892d900000,0x000000892da00000)]
  0x00000263ba419000 JavaThread "Sweeper thread" daemon [_thread_blocked, id=5960, stack(0x000000892da00000,0x000000892db00000)]
  0x00000263ba58b800 JavaThread "Common-Cleaner" daemon [_thread_blocked, id=12048, stack(0x000000892db00000,0x000000892dc00000)]
  0x00000263bc8bb000 JavaThread "Daemon health stats" [_thread_blocked, id=15700, stack(0x000000892e000000,0x000000892e100000)]
  0x00000263bb441800 JavaThread "Incoming local TCP Connector on port 8751" [_thread_in_native, id=6164, stack(0x000000892df00000,0x000000892e000000)]
  0x00000263bcf35800 JavaThread "Daemon periodic checks" [_thread_blocked, id=18464, stack(0x000000892e100000,0x000000892e200000)]
  0x00000263bb7da800 JavaThread "Daemon" [_thread_blocked, id=25104, stack(0x000000892e300000,0x000000892e400000)]
  0x00000263bb7db000 JavaThread "Handler for socket connection from /127.0.0.1:8751 to /127.0.0.1:8752" [_thread_blocked, id=23356, stack(0x000000892e400000,0x000000892e500000)]
  0x00000263bc932000 JavaThread "Cancel handler" [_thread_blocked, id=9380, stack(0x000000892e500000,0x000000892e600000)]
  0x00000263bc8c3800 JavaThread "Daemon worker" [_thread_in_Java, id=13500, stack(0x000000892e600000,0x000000892e700000)]
  0x00000263bca4d000 JavaThread "Stdin handler" [_thread_blocked, id=15156, stack(0x000000892e800000,0x000000892e900000)]
  0x00000263bc912800 JavaThread "Daemon client event forwarder" [_thread_blocked, id=15576, stack(0x000000892e900000,0x000000892ea00000)]
  0x00000263bc943000 JavaThread "Cache worker for journal cache (D:\AndroidTool\AndroidGradle\caches\journal-1)" [_thread_blocked, id=10540, stack(0x000000892ef00000,0x000000892f000000)]
  0x00000263bc949000 JavaThread "File lock request listener" [_thread_in_native, id=19236, stack(0x000000892f000000,0x000000892f100000)]
  0x00000263bc948000 JavaThread "Cache worker for file hash cache (D:\AndroidTool\AndroidGradle\caches\7.5\fileHashes)" [_thread_blocked, id=22452, stack(0x000000892f200000,0x000000892f300000)]
  0x00000263bc947000 JavaThread "File watcher server" daemon [_thread_in_native, id=3012, stack(0x000000892f300000,0x000000892f400000)]
  0x00000263bc949800 JavaThread "File watcher consumer" daemon [_thread_blocked, id=11288, stack(0x000000892f400000,0x000000892f500000)]
  0x00000263bc944000 JavaThread "jar transforms" [_thread_blocked, id=20876, stack(0x000000892f500000,0x000000892f600000)]
  0x00000263bc944800 JavaThread "jar transforms Thread 2" [_thread_blocked, id=24572, stack(0x000000892f600000,0x000000892f700000)]
  0x00000263bc945800 JavaThread "jar transforms Thread 3" [_thread_blocked, id=2372, stack(0x000000892f700000,0x000000892f800000)]
  0x00000263bc946800 JavaThread "jar transforms Thread 4" [_thread_blocked, id=18924, stack(0x000000892f800000,0x000000892f900000)]
  0x00000263bd776000 JavaThread "jar transforms Thread 5" [_thread_blocked, id=24724, stack(0x000000892f900000,0x000000892fa00000)]
  0x00000263bd776800 JavaThread "jar transforms Thread 6" [_thread_blocked, id=15864, stack(0x000000892fa00000,0x000000892fb00000)]
  0x00000263bd772800 JavaThread "jar transforms Thread 7" [_thread_blocked, id=20560, stack(0x000000892fb00000,0x000000892fc00000)]
  0x00000263bd779000 JavaThread "jar transforms Thread 8" [_thread_blocked, id=3672, stack(0x000000892fc00000,0x000000892fd00000)]
  0x00000263bd777800 JavaThread "Cache worker for checksums cache (D:\AndroidTool\AndroidProject\MyApplication\.gradle\7.5\checksums)" [_thread_blocked, id=236, stack(0x000000892fd00000,0x000000892fe00000)]
  0x00000263bd773800 JavaThread "Cache worker for cache directory md-rule (D:\AndroidTool\AndroidGradle\caches\7.5\md-rule)" [_thread_blocked, id=18832, stack(0x000000892fe00000,0x000000892ff00000)]
  0x00000263bd77a000 JavaThread "Cache worker for file content cache (D:\AndroidTool\AndroidGradle\caches\7.5\fileContent)" [_thread_blocked, id=16316, stack(0x000000892ff00000,0x0000008930000000)]
  0x00000263bd778800 JavaThread "Cache worker for file hash cache (D:\AndroidTool\AndroidProject\MyApplication\.gradle\7.5\fileHashes)" [_thread_blocked, id=4608, stack(0x0000008930000000,0x0000008930100000)]
  0x00000263bd774800 JavaThread "Cache worker for cache directory md-supplier (D:\AndroidTool\AndroidGradle\caches\7.5\md-supplier)" [_thread_blocked, id=15944, stack(0x0000008930100000,0x0000008930200000)]
  0x00000263bd77b000 JavaThread "Cache worker for execution history cache (D:\AndroidTool\AndroidGradle\caches\7.5\executionHistory)" [_thread_blocked, id=21364, stack(0x0000008930200000,0x0000008930300000)]
  0x00000263bd77e000 JavaThread "Cache worker for dependencies-accessors (D:\AndroidTool\AndroidProject\MyApplication\.gradle\7.5\dependencies-accessors)" [_thread_blocked, id=3744, stack(0x0000008930300000,0x0000008930400000)]
  0x00000263bd77f000 JavaThread "Cache worker for Build Output Cleanup Cache (D:\AndroidTool\AndroidProject\MyApplication\.gradle\buildOutputCleanup)" [_thread_blocked, id=2280, stack(0x0000008930400000,0x0000008930500000)]
  0x00000263bd781800 JavaThread "Unconstrained build operations" [_thread_blocked, id=15552, stack(0x000000892e200000,0x000000892e300000)]
  0x00000263bd77f800 JavaThread "Unconstrained build operations Thread 2" [_thread_blocked, id=17848, stack(0x0000008930500000,0x0000008930600000)]
  0x00000263bd77b800 JavaThread "Unconstrained build operations Thread 3" [_thread_blocked, id=19812, stack(0x0000008930600000,0x0000008930700000)]
  0x00000263bd77c800 JavaThread "Unconstrained build operations Thread 4" [_thread_blocked, id=22196, stack(0x0000008930700000,0x0000008930800000)]
  0x00000263bd77d000 JavaThread "Unconstrained build operations Thread 5" [_thread_blocked, id=16076, stack(0x0000008930800000,0x0000008930900000)]
  0x00000263bd780800 JavaThread "Unconstrained build operations Thread 6" [_thread_blocked, id=21612, stack(0x0000008930900000,0x0000008930a00000)]
  0x00000263ba7c2000 JavaThread "Unconstrained build operations Thread 7" [_thread_blocked, id=9504, stack(0x0000008930a00000,0x0000008930b00000)]
  0x00000263ba7c5000 JavaThread "Unconstrained build operations Thread 8" [_thread_blocked, id=6096, stack(0x0000008930b00000,0x0000008930c00000)]
  0x00000263ba7c6000 JavaThread "Unconstrained build operations Thread 9" [_thread_blocked, id=23664, stack(0x0000008930c00000,0x0000008930d00000)]
  0x00000263ba7c0800 JavaThread "Unconstrained build operations Thread 10" [_thread_blocked, id=21340, stack(0x0000008930d00000,0x0000008930e00000)]
  0x00000263ba7c4800 JavaThread "Unconstrained build operations Thread 11" [_thread_blocked, id=19804, stack(0x0000008930e00000,0x0000008930f00000)]
  0x00000263ba7c7000 JavaThread "Unconstrained build operations Thread 12" [_thread_blocked, id=17332, stack(0x0000008930f00000,0x0000008931000000)]
  0x00000263ba7c1000 JavaThread "Unconstrained build operations Thread 13" [_thread_blocked, id=12284, stack(0x0000008931000000,0x0000008931100000)]
  0x00000263ba7c7800 JavaThread "Unconstrained build operations Thread 14" [_thread_blocked, id=20552, stack(0x0000008931100000,0x0000008931200000)]
  0x00000263ba7c8800 JavaThread "Unconstrained build operations Thread 15" [_thread_blocked, id=17720, stack(0x0000008931200000,0x0000008931300000)]
  0x00000263ba7c2800 JavaThread "Unconstrained build operations Thread 16" [_thread_blocked, id=10296, stack(0x0000008931300000,0x0000008931400000)]
  0x00000263ba7c9800 JavaThread "Unconstrained build operations Thread 17" [_thread_blocked, id=14104, stack(0x0000008931400000,0x0000008931500000)]
  0x00000263ba7c3800 JavaThread "Unconstrained build operations Thread 18" [_thread_blocked, id=14772, stack(0x0000008931500000,0x0000008931600000)]
  0x00000263ba7cb800 JavaThread "Unconstrained build operations Thread 19" [_thread_blocked, id=11692, stack(0x0000008931600000,0x0000008931700000)]
  0x00000263ba7cf000 JavaThread "Unconstrained build operations Thread 20" [_thread_blocked, id=6952, stack(0x0000008931700000,0x0000008931800000)]
  0x00000263ba7ce000 JavaThread "Unconstrained build operations Thread 21" [_thread_blocked, id=5744, stack(0x0000008931800000,0x0000008931900000)]
  0x00000263ba7ca000 JavaThread "Unconstrained build operations Thread 22" [_thread_blocked, id=22020, stack(0x0000008931900000,0x0000008931a00000)]
  0x00000263ba7cb000 JavaThread "Unconstrained build operations Thread 23" [_thread_blocked, id=6276, stack(0x0000008931a00000,0x0000008931b00000)]
  0x00000263ba7cd800 JavaThread "Unconstrained build operations Thread 24" [_thread_blocked, id=7716, stack(0x0000008931b00000,0x0000008931c00000)]
  0x00000263ba7cc800 JavaThread "Unconstrained build operations Thread 25" [_thread_blocked, id=13328, stack(0x0000008931c00000,0x0000008931d00000)]
  0x00000263bc7cc000 JavaThread "Unconstrained build operations Thread 26" [_thread_blocked, id=15152, stack(0x0000008931d00000,0x0000008931e00000)]
  0x00000263bc7c9800 JavaThread "Unconstrained build operations Thread 27" [_thread_blocked, id=24072, stack(0x0000008931e00000,0x0000008931f00000)]
  0x00000263bc7ca800 JavaThread "Unconstrained build operations Thread 28" [_thread_blocked, id=24996, stack(0x0000008931f00000,0x0000008932000000)]
  0x00000263bc7d0000 JavaThread "Unconstrained build operations Thread 29" [_thread_blocked, id=12492, stack(0x0000008932000000,0x0000008932100000)]
  0x00000263bc7d1000 JavaThread "Unconstrained build operations Thread 30" [_thread_blocked, id=12232, stack(0x0000008932100000,0x0000008932200000)]
  0x00000263bc7cb000 JavaThread "Unconstrained build operations Thread 31" [_thread_blocked, id=2412, stack(0x0000008932200000,0x0000008932300000)]
  0x00000263bc7cd000 JavaThread "Unconstrained build operations Thread 32" [_thread_blocked, id=16264, stack(0x0000008932300000,0x0000008932400000)]
  0x00000263bc7d2800 JavaThread "Unconstrained build operations Thread 33" [_thread_blocked, id=19988, stack(0x0000008932400000,0x0000008932500000)]
  0x00000263bc7ce800 JavaThread "Unconstrained build operations Thread 34" [_thread_blocked, id=9716, stack(0x0000008932500000,0x0000008932600000)]
  0x00000263bc7cd800 JavaThread "Unconstrained build operations Thread 35" [_thread_blocked, id=15676, stack(0x0000008932600000,0x0000008932700000)]
  0x00000263bc7cf800 JavaThread "Unconstrained build operations Thread 36" [_thread_blocked, id=6992, stack(0x0000008932700000,0x0000008932800000)]
  0x00000263bc7d5000 JavaThread "Unconstrained build operations Thread 37" [_thread_blocked, id=24976, stack(0x0000008932800000,0x0000008932900000)]
  0x00000263bc7d1800 JavaThread "Unconstrained build operations Thread 38" [_thread_blocked, id=4632, stack(0x0000008932900000,0x0000008932a00000)]
  0x00000263bc7d7800 JavaThread "Unconstrained build operations Thread 39" [_thread_blocked, id=19104, stack(0x0000008932a00000,0x0000008932b00000)]
  0x00000263bc7d3800 JavaThread "Unconstrained build operations Thread 40" [_thread_blocked, id=24180, stack(0x0000008932b00000,0x0000008932c00000)]
  0x00000263bc7d4000 JavaThread "Unconstrained build operations Thread 41" [_thread_blocked, id=19356, stack(0x0000008932c00000,0x0000008932d00000)]
  0x00000263bc7d6800 JavaThread "Unconstrained build operations Thread 42" [_thread_blocked, id=12336, stack(0x0000008932d00000,0x0000008932e00000)]
  0x00000263bc7d6000 JavaThread "Unconstrained build operations Thread 43" [_thread_blocked, id=24584, stack(0x0000008932e00000,0x0000008932f00000)]
  0x00000263bc7d8000 JavaThread "Unconstrained build operations Thread 44" [_thread_blocked, id=13124, stack(0x0000008932f00000,0x0000008933000000)]
  0x00000263bcd78800 JavaThread "Unconstrained build operations Thread 45" [_thread_blocked, id=24360, stack(0x0000008933000000,0x0000008933100000)]
  0x00000263bcd76000 JavaThread "Unconstrained build operations Thread 46" [_thread_blocked, id=21908, stack(0x0000008933100000,0x0000008933200000)]
  0x00000263bcd76800 JavaThread "Unconstrained build operations Thread 47" [_thread_blocked, id=4328, stack(0x0000008933200000,0x0000008933300000)]
  0x00000263bcd77800 JavaThread "Unconstrained build operations Thread 48" [_thread_blocked, id=16856, stack(0x0000008933300000,0x0000008933400000)]
  0x00000263bcd79000 JavaThread "Unconstrained build operations Thread 49" [_thread_blocked, id=24816, stack(0x0000008933400000,0x0000008933500000)]
  0x00000263bcd75000 JavaThread "Unconstrained build operations Thread 50" [_thread_blocked, id=23476, stack(0x0000008933500000,0x0000008933600000)]
  0x00000263bcd73800 JavaThread "Unconstrained build operations Thread 51" [_thread_blocked, id=23184, stack(0x0000008933600000,0x0000008933700000)]
  0x00000263bcd7a000 JavaThread "Unconstrained build operations Thread 52" [_thread_blocked, id=21864, stack(0x0000008933700000,0x0000008933800000)]
  0x00000263bcd74000 JavaThread "Unconstrained build operations Thread 53" [_thread_blocked, id=21524, stack(0x0000008933800000,0x0000008933900000)]
  0x00000263bcd80800 JavaThread "Unconstrained build operations Thread 54" [_thread_blocked, id=2336, stack(0x0000008933900000,0x0000008933a00000)]
  0x00000263bcd7a800 JavaThread "Unconstrained build operations Thread 55" [_thread_blocked, id=22444, stack(0x0000008933a00000,0x0000008933b00000)]
  0x00000263bcd7c800 JavaThread "Unconstrained build operations Thread 56" [_thread_blocked, id=8820, stack(0x0000008933b00000,0x0000008933c00000)]
  0x00000263bcd81800 JavaThread "Unconstrained build operations Thread 57" [_thread_blocked, id=22920, stack(0x0000008933c00000,0x0000008933d00000)]
  0x00000263bcd7d000 JavaThread "Unconstrained build operations Thread 58" [_thread_blocked, id=7708, stack(0x0000008933d00000,0x0000008933e00000)]
  0x00000263bcd7f000 JavaThread "Unconstrained build operations Thread 59" [_thread_blocked, id=10940, stack(0x0000008933e00000,0x0000008933f00000)]
  0x00000263bcd7e000 JavaThread "Unconstrained build operations Thread 60" [_thread_blocked, id=616, stack(0x0000008933f00000,0x0000008934000000)]
  0x00000263bcd7f800 JavaThread "Unconstrained build operations Thread 61" [_thread_blocked, id=3540, stack(0x0000008934000000,0x0000008934100000)]
  0x00000263bcd7b800 JavaThread "Unconstrained build operations Thread 62" [_thread_blocked, id=856, stack(0x0000008934100000,0x0000008934200000)]
  0x00000263bcd82000 JavaThread "Unconstrained build operations Thread 63" [_thread_blocked, id=1152, stack(0x0000008934200000,0x0000008934300000)]
  0x00000263bcfe8800 JavaThread "Unconstrained build operations Thread 64" [_thread_blocked, id=24600, stack(0x0000008934400000,0x0000008934500000)]
  0x00000263bcfe9800 JavaThread "Unconstrained build operations Thread 65" [_thread_blocked, id=10592, stack(0x0000008934500000,0x0000008934600000)]
  0x00000263bcfeb800 JavaThread "Unconstrained build operations Thread 66" [_thread_blocked, id=12408, stack(0x0000008934600000,0x0000008934700000)]
  0x00000263bcfea000 JavaThread "Unconstrained build operations Thread 67" [_thread_blocked, id=5392, stack(0x0000008934700000,0x0000008934800000)]
  0x00000263bcfe7800 JavaThread "Unconstrained build operations Thread 68" [_thread_blocked, id=17384, stack(0x0000008934800000,0x0000008934900000)]
  0x00000263bcfef000 JavaThread "Unconstrained build operations Thread 69" [_thread_blocked, id=20712, stack(0x0000008934900000,0x0000008934a00000)]
  0x00000263bcfec800 JavaThread "Unconstrained build operations Thread 70" [_thread_blocked, id=17444, stack(0x0000008934a00000,0x0000008934b00000)]
  0x00000263bcfeb000 JavaThread "Unconstrained build operations Thread 71" [_thread_blocked, id=20664, stack(0x0000008934b00000,0x0000008934c00000)]
  0x00000263bcff1800 JavaThread "Unconstrained build operations Thread 72" [_thread_blocked, id=17272, stack(0x0000008934c00000,0x0000008934d00000)]
  0x00000263bcff0800 JavaThread "Unconstrained build operations Thread 73" [_thread_blocked, id=10952, stack(0x0000008934d00000,0x0000008934e00000)]
  0x00000263bcff2000 JavaThread "Unconstrained build operations Thread 74" [_thread_blocked, id=1140, stack(0x0000008934e00000,0x0000008934f00000)]
  0x00000263bcff3000 JavaThread "Unconstrained build operations Thread 75" [_thread_blocked, id=7532, stack(0x0000008934f00000,0x0000008935000000)]
  0x00000263bcfed800 JavaThread "Unconstrained build operations Thread 76" [_thread_blocked, id=10000, stack(0x0000008935000000,0x0000008935100000)]
  0x00000263bcff4000 JavaThread "Unconstrained build operations Thread 77" [_thread_blocked, id=18296, stack(0x0000008935100000,0x0000008935200000)]
  0x00000263bcff0000 JavaThread "Unconstrained build operations Thread 78" [_thread_blocked, id=22372, stack(0x0000008935200000,0x0000008935300000)]
  0x00000263bcfee000 JavaThread "Unconstrained build operations Thread 79" [_thread_blocked, id=25392, stack(0x0000008935300000,0x0000008935400000)]
  0x00000263bcff4800 JavaThread "Unconstrained build operations Thread 80" [_thread_blocked, id=9648, stack(0x0000008935400000,0x0000008935500000)]
  0x00000263bcff5800 JavaThread "Memory manager" [_thread_blocked, id=1168, stack(0x0000008935500000,0x0000008935600000)]
  0x00000263bcff6800 JavaThread "included builds" [_thread_blocked, id=19652, stack(0x0000008935600000,0x0000008935700000)]
  0x00000263c1ef9800 JavaThread "Execution worker" [_thread_blocked, id=20840, stack(0x0000008935700000,0x0000008935800000)]
  0x00000263c1eff800 JavaThread "Execution worker Thread 2" [_thread_blocked, id=23956, stack(0x0000008935800000,0x0000008935900000)]
  0x00000263c1efa800 JavaThread "Execution worker Thread 3" [_thread_blocked, id=10412, stack(0x0000008935900000,0x0000008935a00000)]
  0x00000263c1efe000 JavaThread "Execution worker Thread 4" [_thread_blocked, id=1756, stack(0x0000008935a00000,0x0000008935b00000)]
  0x00000263c1efe800 JavaThread "Execution worker Thread 5" [_thread_blocked, id=12268, stack(0x0000008935b00000,0x0000008935c00000)]
  0x00000263c1f00800 JavaThread "Execution worker Thread 6" [_thread_blocked, id=25556, stack(0x0000008935c00000,0x0000008935d00000)]
  0x00000263c1f01000 JavaThread "Execution worker Thread 7" [_thread_blocked, id=24932, stack(0x0000008935d00000,0x0000008935e00000)]
  0x00000263c1efc000 JavaThread "Cache worker for execution history cache (D:\AndroidTool\AndroidProject\MyApplication\.gradle\7.5\executionHistory)" [_thread_blocked, id=18892, stack(0x0000008935e00000,0x0000008935f00000)]
  0x00000263c1efb800 JavaThread "idea-tooling-model-converter" [_thread_blocked, id=3372, stack(0x0000008935f00000,0x0000008936000000)]
  0x00000263c29d1800 JavaThread "C2 CompilerThread1" daemon [_thread_in_native, id=18156, stack(0x0000008934300000,0x0000008934400000)]
  0x00000263c440a800 JavaThread "C2 CompilerThread2" daemon [_thread_in_native, id=5688, stack(0x0000008936100000,0x0000008936200000)]

Other Threads:
  0x00000263b9b25800 VMThread "VM Thread" [stack: 0x000000892d200000,0x000000892d300000] [id=20780]
  0x00000263ba58f000 WatcherThread [stack: 0x000000892dc00000,0x000000892dd00000] [id=2176]
  0x000002639f6a1800 GCTaskThread "GC Thread#0" [stack: 0x000000892cd00000,0x000000892ce00000] [id=25188]
  0x00000263bb2fe000 GCTaskThread "GC Thread#1" [stack: 0x000000892dd00000,0x000000892de00000] [id=5816]
  0x00000263bafb7000 GCTaskThread "GC Thread#2" [stack: 0x000000892de00000,0x000000892df00000] [id=16992]
  0x00000263bc437000 GCTaskThread "GC Thread#3" [stack: 0x000000892ea00000,0x000000892eb00000] [id=14396]
  0x00000263bd109800 GCTaskThread "GC Thread#4" [stack: 0x000000892eb00000,0x000000892ec00000] [id=17048]
  0x00000263bd12c800 GCTaskThread "GC Thread#5" [stack: 0x000000892ec00000,0x000000892ed00000] [id=10824]
  0x00000263bd12d800 GCTaskThread "GC Thread#6" [stack: 0x000000892ed00000,0x000000892ee00000] [id=18844]
  0x00000263bd1b7000 GCTaskThread "GC Thread#7" [stack: 0x000000892ee00000,0x000000892ef00000] [id=7608]
  0x000002639f6d4000 ConcurrentGCThread "G1 Main Marker" [stack: 0x000000892ce00000,0x000000892cf00000] [id=7260]
  0x000002639f6d5000 ConcurrentGCThread "G1 Conc#0" [stack: 0x000000892cf00000,0x000000892d000000] [id=12976]
  0x00000263bd1f3800 ConcurrentGCThread "G1 Conc#1" [stack: 0x000000892f100000,0x000000892f200000] [id=8308]
  0x00000263b997a800 ConcurrentGCThread "G1 Refine#0" [stack: 0x000000892d000000,0x000000892d100000] [id=2448]
  0x00000263b997b000 ConcurrentGCThread "G1 Young RemSet Sampling" [stack: 0x000000892d100000,0x000000892d200000] [id=14664]

Threads with active compile tasks:
C2 CompilerThread0    30205 12511   !   4       org.gradle.internal.instantiation.generator.DependencyInjectingInstantiator::doCreate (64 bytes)
C2 CompilerThread1    30205 12776       4       jdk.internal.org.objectweb.asm.MethodWriter::visitMethodInsn (228 bytes)
C2 CompilerThread2    30205 12750       4       kotlin.io.FilesKt__FilePathComponentsKt::toComponents (233 bytes)

VM state:not at safepoint (normal execution)

VM Mutex/Monitor currently owned by a thread: None

Heap address: 0x0000000080000000, size: 2048 MB, Compressed Oops mode: 32-bit
Narrow klass base: 0x0000000000000000, Narrow klass shift: 3
Compressed class space size: 1073741824 Address: 0x0000000100000000

Heap:
 garbage-first heap   total 272384K, used 184929K [0x0000000080000000, 0x0000000100000000)
  region size 1024K, 12 young (12288K), 6 survivors (6144K)
 Metaspace       used 108251K, capacity 111443K, committed 111696K, reserved 1146880K
  class space    used 13856K, capacity 15022K, committed 15104K, reserved 1048576K
Heap Regions: E=young(eden), S=young(survivor), O=old, HS=humongous(starts), HC=humongous(continues), CS=collection set, F=free, A=archive, TAMS=top-at-mark-start (previous, next)
|   0|0x0000000080000000, 0x0000000080100000, 0x0000000080100000|100%| O|  |TAMS 0x0000000080100000, 0x0000000080000000| Untracked 
|   1|0x0000000080100000, 0x0000000080200000, 0x0000000080200000|100%| O|  |TAMS 0x0000000080200000, 0x0000000080100000| Untracked 
|   2|0x0000000080200000, 0x0000000080300000, 0x0000000080300000|100%| O|  |TAMS 0x0000000080300000, 0x0000000080200000| Untracked 
|   3|0x0000000080300000, 0x0000000080400000, 0x0000000080400000|100%|HS|  |TAMS 0x0000000080400000, 0x0000000080300000| Complete 
|   4|0x0000000080400000, 0x0000000080500000, 0x0000000080500000|100%|HC|  |TAMS 0x0000000080500000, 0x0000000080400000| Complete 
|   5|0x0000000080500000, 0x0000000080600000, 0x0000000080600000|100%|HC|  |TAMS 0x0000000080600000, 0x0000000080500000| Complete 
|   6|0x0000000080600000, 0x0000000080700000, 0x0000000080700000|100%| O|  |TAMS 0x0000000080700000, 0x0000000080600000| Untracked 
|   7|0x0000000080700000, 0x0000000080800000, 0x0000000080800000|100%| O|  |TAMS 0x0000000080800000, 0x0000000080700000| Untracked 
|   8|0x0000000080800000, 0x0000000080900000, 0x0000000080900000|100%| O|  |TAMS 0x0000000080900000, 0x0000000080800000| Untracked 
|   9|0x0000000080900000, 0x0000000080a00000, 0x0000000080a00000|100%| O|  |TAMS 0x0000000080a00000, 0x0000000080900000| Untracked 
|  10|0x0000000080a00000, 0x0000000080b00000, 0x0000000080b00000|100%| O|  |TAMS 0x0000000080b00000, 0x0000000080a00000| Untracked 
|  11|0x0000000080b00000, 0x0000000080c00000, 0x0000000080c00000|100%| O|  |TAMS 0x0000000080c00000, 0x0000000080b00000| Untracked 
|  12|0x0000000080c00000, 0x0000000080d00000, 0x0000000080d00000|100%| O|  |TAMS 0x0000000080d00000, 0x0000000080c00000| Untracked 
|  13|0x0000000080d00000, 0x0000000080e00000, 0x0000000080e00000|100%| O|  |TAMS 0x0000000080e00000, 0x0000000080d00000| Untracked 
|  14|0x0000000080e00000, 0x0000000080f00000, 0x0000000080f00000|100%| O|  |TAMS 0x0000000080f00000, 0x0000000080e00000| Untracked 
|  15|0x0000000080f00000, 0x0000000081000000, 0x0000000081000000|100%| O|  |TAMS 0x0000000081000000, 0x0000000080f00000| Untracked 
|  16|0x0000000081000000, 0x0000000081100000, 0x0000000081100000|100%| O|  |TAMS 0x0000000081100000, 0x0000000081000000| Untracked 
|  17|0x0000000081100000, 0x0000000081200000, 0x0000000081200000|100%|HS|  |TAMS 0x0000000081200000, 0x0000000081100000| Complete 
|  18|0x0000000081200000, 0x0000000081300000, 0x0000000081300000|100%|HC|  |TAMS 0x0000000081300000, 0x0000000081200000| Complete 
|  19|0x0000000081300000, 0x0000000081400000, 0x0000000081400000|100%|HS|  |TAMS 0x0000000081400000, 0x0000000081300000| Complete 
|  20|0x0000000081400000, 0x0000000081500000, 0x0000000081500000|100%|HC|  |TAMS 0x0000000081500000, 0x0000000081400000| Complete 
|  21|0x0000000081500000, 0x0000000081600000, 0x0000000081600000|100%|HC|  |TAMS 0x0000000081600000, 0x0000000081500000| Complete 
|  22|0x0000000081600000, 0x0000000081700000, 0x0000000081700000|100%|HS|  |TAMS 0x0000000081700000, 0x0000000081600000| Complete 
|  23|0x0000000081700000, 0x0000000081800000, 0x0000000081800000|100%|HC|  |TAMS 0x0000000081800000, 0x0000000081700000| Complete 
|  24|0x0000000081800000, 0x0000000081900000, 0x0000000081900000|100%|HC|  |TAMS 0x0000000081900000, 0x0000000081800000| Complete 
|  25|0x0000000081900000, 0x0000000081a00000, 0x0000000081a00000|100%|HS|  |TAMS 0x0000000081a00000, 0x0000000081900000| Complete 
|  26|0x0000000081a00000, 0x0000000081b00000, 0x0000000081b00000|100%|HC|  |TAMS 0x0000000081b00000, 0x0000000081a00000| Complete 
|  27|0x0000000081b00000, 0x0000000081c00000, 0x0000000081c00000|100%|HS|  |TAMS 0x0000000081c00000, 0x0000000081b00000| Complete 
|  28|0x0000000081c00000, 0x0000000081d00000, 0x0000000081d00000|100%|HC|  |TAMS 0x0000000081d00000, 0x0000000081c00000| Complete 
|  29|0x0000000081d00000, 0x0000000081e00000, 0x0000000081e00000|100%|HC|  |TAMS 0x0000000081e00000, 0x0000000081d00000| Complete 
|  30|0x0000000081e00000, 0x0000000081f00000, 0x0000000081f00000|100%|HC|  |TAMS 0x0000000081f00000, 0x0000000081e00000| Complete 
|  31|0x0000000081f00000, 0x0000000082000000, 0x0000000082000000|100%|HC|  |TAMS 0x0000000082000000, 0x0000000081f00000| Complete 
|  32|0x0000000082000000, 0x0000000082100000, 0x0000000082100000|100%|HC|  |TAMS 0x0000000082100000, 0x0000000082000000| Complete 
|  33|0x0000000082100000, 0x0000000082200000, 0x0000000082200000|100%|HC|  |TAMS 0x0000000082200000, 0x0000000082100000| Complete 
|  34|0x0000000082200000, 0x0000000082300000, 0x0000000082300000|100%|HC|  |TAMS 0x0000000082300000, 0x0000000082200000| Complete 
|  35|0x0000000082300000, 0x0000000082400000, 0x0000000082400000|100%|HC|  |TAMS 0x0000000082400000, 0x0000000082300000| Complete 
|  36|0x0000000082400000, 0x0000000082500000, 0x0000000082500000|100%|HC|  |TAMS 0x0000000082500000, 0x0000000082400000| Complete 
|  37|0x0000000082500000, 0x0000000082600000, 0x0000000082600000|100%|HS|  |TAMS 0x0000000082600000, 0x0000000082500000| Complete 
|  38|0x0000000082600000, 0x0000000082700000, 0x0000000082700000|100%|HC|  |TAMS 0x0000000082700000, 0x0000000082600000| Complete 
|  39|0x0000000082700000, 0x0000000082800000, 0x0000000082800000|100%|HS|  |TAMS 0x0000000082800000, 0x0000000082700000| Complete 
|  40|0x0000000082800000, 0x0000000082900000, 0x0000000082900000|100%|HC|  |TAMS 0x0000000082900000, 0x0000000082800000| Complete 
|  41|0x0000000082900000, 0x0000000082a00000, 0x0000000082a00000|100%|HC|  |TAMS 0x0000000082a00000, 0x0000000082900000| Complete 
|  42|0x0000000082a00000, 0x0000000082b00000, 0x0000000082b00000|100%|HC|  |TAMS 0x0000000082b00000, 0x0000000082a00000| Complete 
|  43|0x0000000082b00000, 0x0000000082c00000, 0x0000000082c00000|100%|HC|  |TAMS 0x0000000082c00000, 0x0000000082b00000| Complete 
|  44|0x0000000082c00000, 0x0000000082d00000, 0x0000000082d00000|100%| O|  |TAMS 0x0000000082d00000, 0x0000000082c00000| Untracked 
|  45|0x0000000082d00000, 0x0000000082e00000, 0x0000000082e00000|100%| O|  |TAMS 0x0000000082e00000, 0x0000000082d00000| Untracked 
|  46|0x0000000082e00000, 0x0000000082f00000, 0x0000000082f00000|100%| O|  |TAMS 0x0000000082f00000, 0x0000000082e00000| Untracked 
|  47|0x0000000082f00000, 0x0000000083000000, 0x0000000083000000|100%| O|  |TAMS 0x0000000083000000, 0x0000000082f00000| Untracked 
|  48|0x0000000083000000, 0x0000000083100000, 0x0000000083100000|100%| O|  |TAMS 0x0000000083100000, 0x0000000083000000| Untracked 
|  49|0x0000000083100000, 0x0000000083200000, 0x0000000083200000|100%| O|  |TAMS 0x0000000083200000, 0x0000000083100000| Untracked 
|  50|0x0000000083200000, 0x0000000083300000, 0x0000000083300000|100%| O|  |TAMS 0x0000000083300000, 0x0000000083200000| Untracked 
|  51|0x0000000083300000, 0x0000000083400000, 0x0000000083400000|100%| O|  |TAMS 0x0000000083400000, 0x0000000083300000| Untracked 
|  52|0x0000000083400000, 0x0000000083500000, 0x0000000083500000|100%| O|  |TAMS 0x0000000083500000, 0x0000000083400000| Untracked 
|  53|0x0000000083500000, 0x0000000083600000, 0x0000000083600000|100%| O|  |TAMS 0x0000000083600000, 0x0000000083500000| Untracked 
|  54|0x0000000083600000, 0x0000000083700000, 0x0000000083700000|100%|HS|  |TAMS 0x0000000083700000, 0x0000000083600000| Complete 
|  55|0x0000000083700000, 0x0000000083800000, 0x0000000083800000|100%|HC|  |TAMS 0x0000000083800000, 0x0000000083700000| Complete 
|  56|0x0000000083800000, 0x0000000083900000, 0x0000000083900000|100%|HC|  |TAMS 0x0000000083900000, 0x0000000083800000| Complete 
|  57|0x0000000083900000, 0x0000000083a00000, 0x0000000083a00000|100%| O|  |TAMS 0x0000000083a00000, 0x0000000083900000| Untracked 
|  58|0x0000000083a00000, 0x0000000083b00000, 0x0000000083b00000|100%| O|  |TAMS 0x0000000083b00000, 0x0000000083a00000| Untracked 
|  59|0x0000000083b00000, 0x0000000083c00000, 0x0000000083c00000|100%| O|  |TAMS 0x0000000083c00000, 0x0000000083b00000| Untracked 
|  60|0x0000000083c00000, 0x0000000083d00000, 0x0000000083d00000|100%| O|  |TAMS 0x0000000083d00000, 0x0000000083c00000| Untracked 
|  61|0x0000000083d00000, 0x0000000083e00000, 0x0000000083e00000|100%| O|  |TAMS 0x0000000083e00000, 0x0000000083d00000| Untracked 
|  62|0x0000000083e00000, 0x0000000083f00000, 0x0000000083f00000|100%|HS|  |TAMS 0x0000000083f00000, 0x0000000083e00000| Complete 
|  63|0x0000000083f00000, 0x0000000084000000, 0x0000000084000000|100%|HC|  |TAMS 0x0000000084000000, 0x0000000083f00000| Complete 
|  64|0x0000000084000000, 0x0000000084100000, 0x0000000084100000|100%|HC|  |TAMS 0x0000000084100000, 0x0000000084000000| Complete 
|  65|0x0000000084100000, 0x0000000084200000, 0x0000000084200000|100%|HC|  |TAMS 0x0000000084200000, 0x0000000084100000| Complete 
|  66|0x0000000084200000, 0x0000000084300000, 0x0000000084300000|100%|HC|  |TAMS 0x0000000084300000, 0x0000000084200000| Complete 
|  67|0x0000000084300000, 0x0000000084400000, 0x0000000084400000|100%|HC|  |TAMS 0x0000000084400000, 0x0000000084300000| Complete 
|  68|0x0000000084400000, 0x0000000084500000, 0x0000000084500000|100%|HC|  |TAMS 0x0000000084500000, 0x0000000084400000| Complete 
|  69|0x0000000084500000, 0x0000000084600000, 0x0000000084600000|100%|HC|  |TAMS 0x0000000084600000, 0x0000000084500000| Complete 
|  70|0x0000000084600000, 0x0000000084700000, 0x0000000084700000|100%|HC|  |TAMS 0x0000000084700000, 0x0000000084600000| Complete 
|  71|0x0000000084700000, 0x0000000084800000, 0x0000000084800000|100%|HC|  |TAMS 0x0000000084800000, 0x0000000084700000| Complete 
|  72|0x0000000084800000, 0x0000000084900000, 0x0000000084900000|100%|HS|  |TAMS 0x0000000084900000, 0x0000000084800000| Complete 
|  73|0x0000000084900000, 0x0000000084a00000, 0x0000000084a00000|100%|HC|  |TAMS 0x0000000084a00000, 0x0000000084900000| Complete 
|  74|0x0000000084a00000, 0x0000000084b00000, 0x0000000084b00000|100%| O|  |TAMS 0x0000000084b00000, 0x0000000084a00000| Untracked 
|  75|0x0000000084b00000, 0x0000000084c00000, 0x0000000084c00000|100%| O|  |TAMS 0x0000000084c00000, 0x0000000084b00000| Untracked 
|  76|0x0000000084c00000, 0x0000000084d00000, 0x0000000084d00000|100%|HS|  |TAMS 0x0000000084d00000, 0x0000000084c00000| Complete 
|  77|0x0000000084d00000, 0x0000000084e00000, 0x0000000084e00000|100%|HC|  |TAMS 0x0000000084e00000, 0x0000000084d00000| Complete 
|  78|0x0000000084e00000, 0x0000000084f00000, 0x0000000084f00000|100%|HC|  |TAMS 0x0000000084f00000, 0x0000000084e00000| Complete 
|  79|0x0000000084f00000, 0x0000000085000000, 0x0000000085000000|100%|HS|  |TAMS 0x0000000085000000, 0x0000000084f00000| Complete 
|  80|0x0000000085000000, 0x0000000085100000, 0x0000000085100000|100%|HC|  |TAMS 0x0000000085100000, 0x0000000085000000| Complete 
|  81|0x0000000085100000, 0x0000000085200000, 0x0000000085200000|100%| O|  |TAMS 0x0000000085200000, 0x0000000085100000| Untracked 
|  82|0x0000000085200000, 0x0000000085300000, 0x0000000085300000|100%| O|  |TAMS 0x0000000085300000, 0x0000000085200000| Untracked 
|  83|0x0000000085300000, 0x0000000085400000, 0x0000000085400000|100%| O|  |TAMS 0x0000000085400000, 0x0000000085300000| Untracked 
|  84|0x0000000085400000, 0x0000000085500000, 0x0000000085500000|100%| O|  |TAMS 0x0000000085500000, 0x0000000085400000| Untracked 
|  85|0x0000000085500000, 0x0000000085600000, 0x0000000085600000|100%| O|  |TAMS 0x0000000085600000, 0x0000000085500000| Untracked 
|  86|0x0000000085600000, 0x0000000085700000, 0x0000000085700000|100%|HS|  |TAMS 0x0000000085700000, 0x0000000085600000| Complete 
|  87|0x0000000085700000, 0x0000000085800000, 0x0000000085800000|100%|HC|  |TAMS 0x0000000085800000, 0x0000000085700000| Complete 
|  88|0x0000000085800000, 0x0000000085900000, 0x0000000085900000|100%|HC|  |TAMS 0x0000000085900000, 0x0000000085800000| Complete 
|  89|0x0000000085900000, 0x0000000085a00000, 0x0000000085a00000|100%|HC|  |TAMS 0x0000000085a00000, 0x0000000085900000| Complete 
|  90|0x0000000085a00000, 0x0000000085b00000, 0x0000000085b00000|100%|HC|  |TAMS 0x0000000085b00000, 0x0000000085a00000| Complete 
|  91|0x0000000085b00000, 0x0000000085c00000, 0x0000000085c00000|100%| O|  |TAMS 0x0000000085c00000, 0x0000000085b00000| Untracked 
|  92|0x0000000085c00000, 0x0000000085d00000, 0x0000000085d00000|100%| O|  |TAMS 0x0000000085d00000, 0x0000000085c00000| Untracked 
|  93|0x0000000085d00000, 0x0000000085e00000, 0x0000000085e00000|100%| O|  |TAMS 0x0000000085e00000, 0x0000000085d00000| Untracked 
|  94|0x0000000085e00000, 0x0000000085f00000, 0x0000000085f00000|100%| O|  |TAMS 0x0000000085f00000, 0x0000000085e00000| Untracked 
|  95|0x0000000085f00000, 0x0000000086000000, 0x0000000086000000|100%| O|  |TAMS 0x0000000086000000, 0x0000000085f00000| Untracked 
|  96|0x0000000086000000, 0x0000000086100000, 0x0000000086100000|100%| O|  |TAMS 0x0000000086100000, 0x0000000086000000| Untracked 
|  97|0x0000000086100000, 0x0000000086200000, 0x0000000086200000|100%| O|  |TAMS 0x0000000086200000, 0x0000000086100000| Untracked 
|  98|0x0000000086200000, 0x0000000086300000, 0x0000000086300000|100%|HS|  |TAMS 0x0000000086300000, 0x0000000086200000| Complete 
|  99|0x0000000086300000, 0x0000000086400000, 0x0000000086400000|100%|HS|  |TAMS 0x0000000086400000, 0x0000000086300000| Complete 
| 100|0x0000000086400000, 0x0000000086500000, 0x0000000086500000|100%| O|  |TAMS 0x0000000086500000, 0x0000000086400000| Untracked 
| 101|0x0000000086500000, 0x0000000086600000, 0x0000000086600000|100%| O|  |TAMS 0x0000000086600000, 0x0000000086500000| Untracked 
| 102|0x0000000086600000, 0x0000000086700000, 0x0000000086700000|100%| O|  |TAMS 0x0000000086700000, 0x0000000086600000| Untracked 
| 103|0x0000000086700000, 0x0000000086800000, 0x0000000086800000|100%| O|  |TAMS 0x0000000086800000, 0x0000000086700000| Untracked 
| 104|0x0000000086800000, 0x0000000086900000, 0x0000000086900000|100%| O|  |TAMS 0x0000000086900000, 0x0000000086800000| Untracked 
| 105|0x0000000086900000, 0x0000000086a00000, 0x0000000086a00000|100%| O|  |TAMS 0x0000000086a00000, 0x0000000086900000| Untracked 
| 106|0x0000000086a00000, 0x0000000086b00000, 0x0000000086b00000|100%| O|  |TAMS 0x0000000086b00000, 0x0000000086a00000| Untracked 
| 107|0x0000000086b00000, 0x0000000086c00000, 0x0000000086c00000|100%| O|  |TAMS 0x0000000086c00000, 0x0000000086b00000| Untracked 
| 108|0x0000000086c00000, 0x0000000086d00000, 0x0000000086d00000|100%| O|  |TAMS 0x0000000086d00000, 0x0000000086c00000| Untracked 
| 109|0x0000000086d00000, 0x0000000086e00000, 0x0000000086e00000|100%| O|  |TAMS 0x0000000086e00000, 0x0000000086d00000| Untracked 
| 110|0x0000000086e00000, 0x0000000086f00000, 0x0000000086f00000|100%| O|  |TAMS 0x0000000086f00000, 0x0000000086e00000| Untracked 
| 111|0x0000000086f00000, 0x0000000087000000, 0x0000000087000000|100%| O|  |TAMS 0x0000000087000000, 0x0000000086f00000| Untracked 
| 112|0x0000000087000000, 0x0000000087100000, 0x0000000087100000|100%| O|  |TAMS 0x0000000087100000, 0x0000000087000000| Untracked 
| 113|0x0000000087100000, 0x0000000087200000, 0x0000000087200000|100%| O|  |TAMS 0x0000000087200000, 0x0000000087100000| Untracked 
| 114|0x0000000087200000, 0x0000000087300000, 0x0000000087300000|100%| O|  |TAMS 0x0000000087300000, 0x0000000087200000| Untracked 
| 115|0x0000000087300000, 0x0000000087400000, 0x0000000087400000|100%| O|  |TAMS 0x0000000087400000, 0x0000000087300000| Untracked 
| 116|0x0000000087400000, 0x0000000087500000, 0x0000000087500000|100%| O|  |TAMS 0x0000000087500000, 0x0000000087400000| Untracked 
| 117|0x0000000087500000, 0x0000000087600000, 0x0000000087600000|100%| O|  |TAMS 0x0000000087600000, 0x0000000087500000| Untracked 
| 118|0x0000000087600000, 0x0000000087700000, 0x0000000087700000|100%| O|  |TAMS 0x0000000087700000, 0x0000000087600000| Untracked 
| 119|0x0000000087700000, 0x0000000087800000, 0x0000000087800000|100%| O|  |TAMS 0x0000000087800000, 0x0000000087700000| Untracked 
| 120|0x0000000087800000, 0x0000000087900000, 0x0000000087900000|100%| O|  |TAMS 0x0000000087900000, 0x0000000087800000| Untracked 
| 121|0x0000000087900000, 0x0000000087a00000, 0x0000000087a00000|100%|HS|  |TAMS 0x0000000087a00000, 0x0000000087900000| Complete 
| 122|0x0000000087a00000, 0x0000000087b00000, 0x0000000087b00000|100%|HC|  |TAMS 0x0000000087b00000, 0x0000000087a00000| Complete 
| 123|0x0000000087b00000, 0x0000000087c00000, 0x0000000087c00000|100%|HS|  |TAMS 0x0000000087c00000, 0x0000000087b00000| Complete 
| 124|0x0000000087c00000, 0x0000000087d00000, 0x0000000087d00000|100%|HC|  |TAMS 0x0000000087d00000, 0x0000000087c00000| Complete 
| 125|0x0000000087d00000, 0x0000000087e00000, 0x0000000087e00000|100%|HC|  |TAMS 0x0000000087e00000, 0x0000000087d00000| Complete 
| 126|0x0000000087e00000, 0x0000000087f00000, 0x0000000087f00000|100%|HS|  |TAMS 0x0000000087f00000, 0x0000000087e00000| Complete 
| 127|0x0000000087f00000, 0x0000000088000000, 0x0000000088000000|100%|HC|  |TAMS 0x0000000088000000, 0x0000000087f00000| Complete 
| 128|0x0000000088000000, 0x0000000088100000, 0x0000000088100000|100%|HC|  |TAMS 0x0000000088100000, 0x0000000088000000| Complete 
| 129|0x0000000088100000, 0x0000000088200000, 0x0000000088200000|100%|HS|  |TAMS 0x0000000088200000, 0x0000000088100000| Complete 
| 130|0x0000000088200000, 0x0000000088300000, 0x0000000088300000|100%|HC|  |TAMS 0x0000000088300000, 0x0000000088200000| Complete 
| 131|0x0000000088300000, 0x0000000088400000, 0x0000000088400000|100%|HS|  |TAMS 0x0000000088400000, 0x0000000088300000| Complete 
| 132|0x0000000088400000, 0x0000000088500000, 0x0000000088500000|100%|HC|  |TAMS 0x0000000088500000, 0x0000000088400000| Complete 
| 133|0x0000000088500000, 0x0000000088600000, 0x0000000088600000|100%|HC|  |TAMS 0x0000000088600000, 0x0000000088500000| Complete 
| 134|0x0000000088600000, 0x0000000088700000, 0x0000000088700000|100%|HC|  |TAMS 0x0000000088700000, 0x0000000088600000| Complete 
| 135|0x0000000088700000, 0x0000000088800000, 0x0000000088800000|100%|HC|  |TAMS 0x0000000088800000, 0x0000000088700000| Complete 
| 136|0x0000000088800000, 0x0000000088900000, 0x0000000088900000|100%|HC|  |TAMS 0x0000000088900000, 0x0000000088800000| Complete 
| 137|0x0000000088900000, 0x0000000088a00000, 0x0000000088a00000|100%|HC|  |TAMS 0x0000000088a00000, 0x0000000088900000| Complete 
| 138|0x0000000088a00000, 0x0000000088b00000, 0x0000000088b00000|100%|HC|  |TAMS 0x0000000088b00000, 0x0000000088a00000| Complete 
| 139|0x0000000088b00000, 0x0000000088c00000, 0x0000000088c00000|100%|HC|  |TAMS 0x0000000088c00000, 0x0000000088b00000| Complete 
| 140|0x0000000088c00000, 0x0000000088d00000, 0x0000000088d00000|100%|HC|  |TAMS 0x0000000088d00000, 0x0000000088c00000| Complete 
| 141|0x0000000088d00000, 0x0000000088e00000, 0x0000000088e00000|100%|HS|  |TAMS 0x0000000088e00000, 0x0000000088d00000| Complete 
| 142|0x0000000088e00000, 0x0000000088f00000, 0x0000000088f00000|100%|HC|  |TAMS 0x0000000088f00000, 0x0000000088e00000| Complete 
| 143|0x0000000088f00000, 0x0000000089000000, 0x0000000089000000|100%|HS|  |TAMS 0x0000000089000000, 0x0000000088f00000| Complete 
| 144|0x0000000089000000, 0x0000000089100000, 0x0000000089100000|100%|HC|  |TAMS 0x0000000089100000, 0x0000000089000000| Complete 
| 145|0x0000000089100000, 0x0000000089200000, 0x0000000089200000|100%|HC|  |TAMS 0x0000000089200000, 0x0000000089100000| Complete 
| 146|0x0000000089200000, 0x0000000089300000, 0x0000000089300000|100%|HC|  |TAMS 0x0000000089300000, 0x0000000089200000| Complete 
| 147|0x0000000089300000, 0x0000000089400000, 0x0000000089400000|100%|HC|  |TAMS 0x0000000089400000, 0x0000000089300000| Complete 
| 148|0x0000000089400000, 0x0000000089500000, 0x0000000089500000|100%| O|  |TAMS 0x0000000089500000, 0x0000000089400000| Untracked 
| 149|0x0000000089500000, 0x0000000089600000, 0x0000000089600000|100%| O|  |TAMS 0x0000000089600000, 0x0000000089500000| Untracked 
| 150|0x0000000089600000, 0x0000000089700000, 0x0000000089700000|100%| O|  |TAMS 0x0000000089700000, 0x0000000089600000| Untracked 
| 151|0x0000000089700000, 0x0000000089800000, 0x0000000089800000|100%| O|  |TAMS 0x0000000089800000, 0x0000000089700000| Untracked 
| 152|0x0000000089800000, 0x0000000089900000, 0x0000000089900000|100%| O|  |TAMS 0x0000000089900000, 0x0000000089800000| Untracked 
| 153|0x0000000089900000, 0x0000000089a00000, 0x0000000089a00000|100%| O|  |TAMS 0x0000000089a00000, 0x0000000089900000| Untracked 
| 154|0x0000000089a00000, 0x0000000089b00000, 0x0000000089b00000|100%| O|  |TAMS 0x0000000089b00000, 0x0000000089a00000| Untracked 
| 155|0x0000000089b00000, 0x0000000089c00000, 0x0000000089c00000|100%| O|  |TAMS 0x0000000089c00000, 0x0000000089b00000| Untracked 
| 156|0x0000000089c00000, 0x0000000089d00000, 0x0000000089d00000|100%| O|  |TAMS 0x0000000089d00000, 0x0000000089c00000| Untracked 
| 157|0x0000000089d00000, 0x0000000089e00000, 0x0000000089e00000|100%| O|  |TAMS 0x0000000089e00000, 0x0000000089d00000| Untracked 
| 158|0x0000000089e00000, 0x0000000089f00000, 0x0000000089f00000|100%| O|  |TAMS 0x0000000089f00000, 0x0000000089e00000| Untracked 
| 159|0x0000000089f00000, 0x000000008a000000, 0x000000008a000000|100%| O|  |TAMS 0x000000008a000000, 0x0000000089f00000| Untracked 
| 160|0x000000008a000000, 0x000000008a100000, 0x000000008a100000|100%| O|  |TAMS 0x000000008a100000, 0x000000008a000000| Untracked 
| 161|0x000000008a100000, 0x000000008a200000, 0x000000008a200000|100%| O|  |TAMS 0x000000008a200000, 0x000000008a100000| Untracked 
| 162|0x000000008a200000, 0x000000008a300000, 0x000000008a300000|100%| O|  |TAMS 0x000000008a300000, 0x000000008a200000| Untracked 
| 163|0x000000008a300000, 0x000000008a400000, 0x000000008a400000|100%| O|  |TAMS 0x000000008a400000, 0x000000008a300000| Untracked 
| 164|0x000000008a400000, 0x000000008a500000, 0x000000008a500000|100%| O|  |TAMS 0x000000008a500000, 0x000000008a400000| Untracked 
| 165|0x000000008a500000, 0x000000008a600000, 0x000000008a600000|100%| O|  |TAMS 0x000000008a600000, 0x000000008a500000| Untracked 
| 166|0x000000008a600000, 0x000000008a700000, 0x000000008a700000|100%| O|  |TAMS 0x000000008a700000, 0x000000008a600000| Untracked 
| 167|0x000000008a700000, 0x000000008a800000, 0x000000008a800000|100%| O|  |TAMS 0x000000008a800000, 0x000000008a700000| Untracked 
| 168|0x000000008a800000, 0x000000008a900000, 0x000000008a900000|100%| O|  |TAMS 0x000000008a900000, 0x000000008a800000| Untracked 
| 169|0x000000008a900000, 0x000000008aa00000, 0x000000008aa00000|100%| O|  |TAMS 0x000000008aa00000, 0x000000008a900000| Untracked 
| 170|0x000000008aa00000, 0x000000008aa83600, 0x000000008ab00000| 51%| O|  |TAMS 0x000000008aa83600, 0x000000008aa00000| Untracked 
| 171|0x000000008ab00000, 0x000000008ab00000, 0x000000008ac00000|  0%| F|  |TAMS 0x000000008ab00000, 0x000000008ab00000| Untracked 
| 172|0x000000008ac00000, 0x000000008ac00000, 0x000000008ad00000|  0%| F|  |TAMS 0x000000008ac00000, 0x000000008ac00000| Untracked 
| 173|0x000000008ad00000, 0x000000008ad00000, 0x000000008ae00000|  0%| F|  |TAMS 0x000000008ad00000, 0x000000008ad00000| Untracked 
| 174|0x000000008ae00000, 0x000000008ae00000, 0x000000008af00000|  0%| F|  |TAMS 0x000000008ae00000, 0x000000008ae00000| Untracked 
| 175|0x000000008af00000, 0x000000008af00000, 0x000000008b000000|  0%| F|  |TAMS 0x000000008af00000, 0x000000008af00000| Untracked 
| 176|0x000000008b000000, 0x000000008b000000, 0x000000008b100000|  0%| F|  |TAMS 0x000000008b000000, 0x000000008b000000| Untracked 
| 177|0x000000008b100000, 0x000000008b100000, 0x000000008b200000|  0%| F|  |TAMS 0x000000008b100000, 0x000000008b100000| Untracked 
| 178|0x000000008b200000, 0x000000008b200000, 0x000000008b300000|  0%| F|  |TAMS 0x000000008b200000, 0x000000008b200000| Untracked 
| 179|0x000000008b300000, 0x000000008b300000, 0x000000008b400000|  0%| F|  |TAMS 0x000000008b300000, 0x000000008b300000| Untracked 
| 180|0x000000008b400000, 0x000000008b400000, 0x000000008b500000|  0%| F|  |TAMS 0x000000008b400000, 0x000000008b400000| Untracked 
| 181|0x000000008b500000, 0x000000008b500000, 0x000000008b600000|  0%| F|  |TAMS 0x000000008b500000, 0x000000008b500000| Untracked 
| 182|0x000000008b600000, 0x000000008b600000, 0x000000008b700000|  0%| F|  |TAMS 0x000000008b600000, 0x000000008b600000| Untracked 
| 183|0x000000008b700000, 0x000000008b700000, 0x000000008b800000|  0%| F|  |TAMS 0x000000008b700000, 0x000000008b700000| Untracked 
| 184|0x000000008b800000, 0x000000008b800000, 0x000000008b900000|  0%| F|  |TAMS 0x000000008b800000, 0x000000008b800000| Untracked 
| 185|0x000000008b900000, 0x000000008b900000, 0x000000008ba00000|  0%| F|  |TAMS 0x000000008b900000, 0x000000008b900000| Untracked 
| 186|0x000000008ba00000, 0x000000008ba00000, 0x000000008bb00000|  0%| F|  |TAMS 0x000000008ba00000, 0x000000008ba00000| Untracked 
| 187|0x000000008bb00000, 0x000000008bb00000, 0x000000008bc00000|  0%| F|  |TAMS 0x000000008bb00000, 0x000000008bb00000| Untracked 
| 188|0x000000008bc00000, 0x000000008bc00000, 0x000000008bd00000|  0%| F|  |TAMS 0x000000008bc00000, 0x000000008bc00000| Untracked 
| 189|0x000000008bd00000, 0x000000008bd00000, 0x000000008be00000|  0%| F|  |TAMS 0x000000008bd00000, 0x000000008bd00000| Untracked 
| 190|0x000000008be00000, 0x000000008be00000, 0x000000008bf00000|  0%| F|  |TAMS 0x000000008be00000, 0x000000008be00000| Untracked 
| 191|0x000000008bf00000, 0x000000008bf00000, 0x000000008c000000|  0%| F|  |TAMS 0x000000008bf00000, 0x000000008bf00000| Untracked 
| 192|0x000000008c000000, 0x000000008c000000, 0x000000008c100000|  0%| F|  |TAMS 0x000000008c000000, 0x000000008c000000| Untracked 
| 193|0x000000008c100000, 0x000000008c100000, 0x000000008c200000|  0%| F|  |TAMS 0x000000008c100000, 0x000000008c100000| Untracked 
| 194|0x000000008c200000, 0x000000008c200000, 0x000000008c300000|  0%| F|  |TAMS 0x000000008c200000, 0x000000008c200000| Untracked 
| 195|0x000000008c300000, 0x000000008c300000, 0x000000008c400000|  0%| F|  |TAMS 0x000000008c300000, 0x000000008c300000| Untracked 
| 196|0x000000008c400000, 0x000000008c400000, 0x000000008c500000|  0%| F|  |TAMS 0x000000008c400000, 0x000000008c400000| Untracked 
| 197|0x000000008c500000, 0x000000008c500000, 0x000000008c600000|  0%| F|  |TAMS 0x000000008c500000, 0x000000008c500000| Untracked 
| 198|0x000000008c600000, 0x000000008c600000, 0x000000008c700000|  0%| F|  |TAMS 0x000000008c600000, 0x000000008c600000| Untracked 
| 199|0x000000008c700000, 0x000000008c700000, 0x000000008c800000|  0%| F|  |TAMS 0x000000008c700000, 0x000000008c700000| Untracked 
| 200|0x000000008c800000, 0x000000008c800000, 0x000000008c900000|  0%| F|  |TAMS 0x000000008c800000, 0x000000008c800000| Untracked 
| 201|0x000000008c900000, 0x000000008c900000, 0x000000008ca00000|  0%| F|  |TAMS 0x000000008c900000, 0x000000008c900000| Untracked 
| 202|0x000000008ca00000, 0x000000008ca00000, 0x000000008cb00000|  0%| F|  |TAMS 0x000000008ca00000, 0x000000008ca00000| Untracked 
| 203|0x000000008cb00000, 0x000000008cb00000, 0x000000008cc00000|  0%| F|  |TAMS 0x000000008cb00000, 0x000000008cb00000| Untracked 
| 204|0x000000008cc00000, 0x000000008cc00000, 0x000000008cd00000|  0%| F|  |TAMS 0x000000008cc00000, 0x000000008cc00000| Untracked 
| 205|0x000000008cd00000, 0x000000008cd00000, 0x000000008ce00000|  0%| F|  |TAMS 0x000000008cd00000, 0x000000008cd00000| Untracked 
| 206|0x000000008ce00000, 0x000000008ce00000, 0x000000008cf00000|  0%| F|  |TAMS 0x000000008ce00000, 0x000000008ce00000| Untracked 
| 207|0x000000008cf00000, 0x000000008cf00000, 0x000000008d000000|  0%| F|  |TAMS 0x000000008cf00000, 0x000000008cf00000| Untracked 
| 208|0x000000008d000000, 0x000000008d000000, 0x000000008d100000|  0%| F|  |TAMS 0x000000008d000000, 0x000000008d000000| Untracked 
| 209|0x000000008d100000, 0x000000008d100000, 0x000000008d200000|  0%| F|  |TAMS 0x000000008d100000, 0x000000008d100000| Untracked 
| 210|0x000000008d200000, 0x000000008d200000, 0x000000008d300000|  0%| F|  |TAMS 0x000000008d200000, 0x000000008d200000| Untracked 
| 211|0x000000008d300000, 0x000000008d300000, 0x000000008d400000|  0%| F|  |TAMS 0x000000008d300000, 0x000000008d300000| Untracked 
| 212|0x000000008d400000, 0x000000008d400000, 0x000000008d500000|  0%| F|  |TAMS 0x000000008d400000, 0x000000008d400000| Untracked 
| 213|0x000000008d500000, 0x000000008d500000, 0x000000008d600000|  0%| F|  |TAMS 0x000000008d500000, 0x000000008d500000| Untracked 
| 214|0x000000008d600000, 0x000000008d614f50, 0x000000008d700000|  8%| S|CS|TAMS 0x000000008d600000, 0x000000008d600000| Complete 
| 215|0x000000008d700000, 0x000000008d800000, 0x000000008d800000|100%| S|CS|TAMS 0x000000008d700000, 0x000000008d700000| Complete 
| 216|0x000000008d800000, 0x000000008d900000, 0x000000008d900000|100%| S|CS|TAMS 0x000000008d800000, 0x000000008d800000| Complete 
| 217|0x000000008d900000, 0x000000008da00000, 0x000000008da00000|100%| S|CS|TAMS 0x000000008d900000, 0x000000008d900000| Complete 
| 218|0x000000008da00000, 0x000000008db00000, 0x000000008db00000|100%| S|CS|TAMS 0x000000008da00000, 0x000000008da00000| Complete 
| 219|0x000000008db00000, 0x000000008dc00000, 0x000000008dc00000|100%| S|CS|TAMS 0x000000008db00000, 0x000000008db00000| Complete 
| 220|0x000000008dc00000, 0x000000008dc00000, 0x000000008dd00000|  0%| F|  |TAMS 0x000000008dc00000, 0x000000008dc00000| Untracked 
| 221|0x000000008dd00000, 0x000000008dd00000, 0x000000008de00000|  0%| F|  |TAMS 0x000000008dd00000, 0x000000008dd00000| Untracked 
| 222|0x000000008de00000, 0x000000008de00000, 0x000000008df00000|  0%| F|  |TAMS 0x000000008de00000, 0x000000008de00000| Untracked 
| 223|0x000000008df00000, 0x000000008df00000, 0x000000008e000000|  0%| F|  |TAMS 0x000000008df00000, 0x000000008df00000| Untracked 
| 224|0x000000008e000000, 0x000000008e000000, 0x000000008e100000|  0%| F|  |TAMS 0x000000008e000000, 0x000000008e000000| Untracked 
| 225|0x000000008e100000, 0x000000008e100000, 0x000000008e200000|  0%| F|  |TAMS 0x000000008e100000, 0x000000008e100000| Untracked 
| 226|0x000000008e200000, 0x000000008e200000, 0x000000008e300000|  0%| F|  |TAMS 0x000000008e200000, 0x000000008e200000| Untracked 
| 227|0x000000008e300000, 0x000000008e300000, 0x000000008e400000|  0%| F|  |TAMS 0x000000008e300000, 0x000000008e300000| Untracked 
| 228|0x000000008e400000, 0x000000008e400000, 0x000000008e500000|  0%| F|  |TAMS 0x000000008e400000, 0x000000008e400000| Untracked 
| 229|0x000000008e500000, 0x000000008e500000, 0x000000008e600000|  0%| F|  |TAMS 0x000000008e500000, 0x000000008e500000| Untracked 
| 230|0x000000008e600000, 0x000000008e600000, 0x000000008e700000|  0%| F|  |TAMS 0x000000008e600000, 0x000000008e600000| Untracked 
| 231|0x000000008e700000, 0x000000008e700000, 0x000000008e800000|  0%| F|  |TAMS 0x000000008e700000, 0x000000008e700000| Untracked 
| 232|0x000000008e800000, 0x000000008e800000, 0x000000008e900000|  0%| F|  |TAMS 0x000000008e800000, 0x000000008e800000| Untracked 
| 233|0x000000008e900000, 0x000000008e900000, 0x000000008ea00000|  0%| F|  |TAMS 0x000000008e900000, 0x000000008e900000| Untracked 
| 234|0x000000008ea00000, 0x000000008ea00000, 0x000000008eb00000|  0%| F|  |TAMS 0x000000008ea00000, 0x000000008ea00000| Untracked 
| 235|0x000000008eb00000, 0x000000008eb00000, 0x000000008ec00000|  0%| F|  |TAMS 0x000000008eb00000, 0x000000008eb00000| Untracked 
| 236|0x000000008ec00000, 0x000000008ec00000, 0x000000008ed00000|  0%| F|  |TAMS 0x000000008ec00000, 0x000000008ec00000| Untracked 
| 237|0x000000008ed00000, 0x000000008ed00000, 0x000000008ee00000|  0%| F|  |TAMS 0x000000008ed00000, 0x000000008ed00000| Untracked 
| 238|0x000000008ee00000, 0x000000008ee00000, 0x000000008ef00000|  0%| F|  |TAMS 0x000000008ee00000, 0x000000008ee00000| Untracked 
| 239|0x000000008ef00000, 0x000000008ef00000, 0x000000008f000000|  0%| F|  |TAMS 0x000000008ef00000, 0x000000008ef00000| Untracked 
| 240|0x000000008f000000, 0x000000008f000000, 0x000000008f100000|  0%| F|  |TAMS 0x000000008f000000, 0x000000008f000000| Untracked 
| 241|0x000000008f100000, 0x000000008f100000, 0x000000008f200000|  0%| F|  |TAMS 0x000000008f100000, 0x000000008f100000| Untracked 
| 242|0x000000008f200000, 0x000000008f200000, 0x000000008f300000|  0%| F|  |TAMS 0x000000008f200000, 0x000000008f200000| Untracked 
| 243|0x000000008f300000, 0x000000008f300000, 0x000000008f400000|  0%| F|  |TAMS 0x000000008f300000, 0x000000008f300000| Untracked 
| 244|0x000000008f400000, 0x000000008f400000, 0x000000008f500000|  0%| F|  |TAMS 0x000000008f400000, 0x000000008f400000| Untracked 
| 245|0x000000008f500000, 0x000000008f500000, 0x000000008f600000|  0%| F|  |TAMS 0x000000008f500000, 0x000000008f500000| Untracked 
| 246|0x000000008f600000, 0x000000008f600000, 0x000000008f700000|  0%| F|  |TAMS 0x000000008f600000, 0x000000008f600000| Untracked 
| 247|0x000000008f700000, 0x000000008f700000, 0x000000008f800000|  0%| F|  |TAMS 0x000000008f700000, 0x000000008f700000| Untracked 
| 248|0x000000008f800000, 0x000000008f800000, 0x000000008f900000|  0%| F|  |TAMS 0x000000008f800000, 0x000000008f800000| Untracked 
| 249|0x000000008f900000, 0x000000008f900000, 0x000000008fa00000|  0%| F|  |TAMS 0x000000008f900000, 0x000000008f900000| Untracked 
| 250|0x000000008fa00000, 0x000000008fa00000, 0x000000008fb00000|  0%| F|  |TAMS 0x000000008fa00000, 0x000000008fa00000| Untracked 
| 251|0x000000008fb00000, 0x000000008fb00000, 0x000000008fc00000|  0%| F|  |TAMS 0x000000008fb00000, 0x000000008fb00000| Untracked 
| 252|0x000000008fc00000, 0x000000008fc00000, 0x000000008fd00000|  0%| F|  |TAMS 0x000000008fc00000, 0x000000008fc00000| Untracked 
| 253|0x000000008fd00000, 0x000000008fd00000, 0x000000008fe00000|  0%| F|  |TAMS 0x000000008fd00000, 0x000000008fd00000| Untracked 
| 254|0x000000008fe00000, 0x000000008fe00000, 0x000000008ff00000|  0%| F|  |TAMS 0x000000008fe00000, 0x000000008fe00000| Untracked 
| 255|0x000000008ff00000, 0x000000008ff00000, 0x0000000090000000|  0%| F|  |TAMS 0x000000008ff00000, 0x000000008ff00000| Untracked 
| 256|0x0000000090000000, 0x0000000090000000, 0x0000000090100000|  0%| F|  |TAMS 0x0000000090000000, 0x0000000090000000| Untracked 
| 257|0x0000000090100000, 0x0000000090100000, 0x0000000090200000|  0%| F|  |TAMS 0x0000000090100000, 0x0000000090100000| Untracked 
| 258|0x0000000090200000, 0x0000000090200000, 0x0000000090300000|  0%| F|  |TAMS 0x0000000090200000, 0x0000000090200000| Untracked 
| 259|0x0000000090300000, 0x0000000090300000, 0x0000000090400000|  0%| F|  |TAMS 0x0000000090300000, 0x0000000090300000| Untracked 
| 260|0x0000000090400000, 0x000000009047ca78, 0x0000000090500000| 48%| E|  |TAMS 0x0000000090400000, 0x0000000090400000| Complete 
| 261|0x0000000090500000, 0x0000000090600000, 0x0000000090600000|100%| E|CS|TAMS 0x0000000090500000, 0x0000000090500000| Complete 
| 262|0x0000000090600000, 0x0000000090700000, 0x0000000090700000|100%| E|CS|TAMS 0x0000000090600000, 0x0000000090600000| Complete 
| 263|0x0000000090700000, 0x0000000090800000, 0x0000000090800000|100%| E|CS|TAMS 0x0000000090700000, 0x0000000090700000| Complete 
| 264|0x0000000090800000, 0x0000000090900000, 0x0000000090900000|100%| E|CS|TAMS 0x0000000090800000, 0x0000000090800000| Complete 
| 265|0x0000000090900000, 0x0000000090a00000, 0x0000000090a00000|100%| E|CS|TAMS 0x0000000090900000, 0x0000000090900000| Complete 

Card table byte_map: [0x00000263b28e0000,0x00000263b2ce0000] _byte_map_base: 0x00000263b24e0000

Marking Bits (Prev, Next): (CMBitMap*) 0x000002639f6cb120, (CMBitMap*) 0x000002639f6cb0e8
 Prev Bits: [0x00000263b50e0000, 0x00000263b70e0000)
 Next Bits: [0x00000263b30e0000, 0x00000263b50e0000)

Polling page: 0x000002639d580000

Metaspace:

Usage:
  Non-class:     94.16 MB capacity,    92.19 MB ( 98%) used,     1.66 MB (  2%) free+waste,   327.44 KB ( <1%) overhead. 
      Class:     14.67 MB capacity,    13.53 MB ( 92%) used,  1016.28 KB (  7%) free+waste,   149.25 KB ( <1%) overhead. 
       Both:    108.83 MB capacity,   105.72 MB ( 97%) used,     2.65 MB (  2%) free+waste,   476.69 KB ( <1%) overhead. 

Virtual space:
  Non-class space:       96.00 MB reserved,      94.33 MB ( 98%) committed 
      Class space:        1.00 GB reserved,      14.75 MB (  1%) committed 
             Both:        1.09 GB reserved,     109.08 MB ( 10%) committed 

Chunk freelists:
   Non-Class:  43.00 KB
       Class:  18.00 KB
        Both:  61.00 KB

MaxMetaspaceSize: 17179869184.00 GB
CompressedClassSpaceSize: 1.00 GB
Initial GC threshold: 20.80 MB
Current GC threshold: 179.51 MB
CDS: off

CodeHeap 'non-profiled nmethods': size=120000Kb used=7375Kb max_used=7375Kb free=112625Kb
 bounds [0x00000263aac80000, 0x00000263ab3c0000, 0x00000263b21b0000]
CodeHeap 'profiled nmethods': size=120000Kb used=28290Kb max_used=28290Kb free=91710Kb
 bounds [0x00000263a3750000, 0x00000263a5300000, 0x00000263aac80000]
CodeHeap 'non-nmethods': size=5760Kb used=2454Kb max_used=2498Kb free=3305Kb
 bounds [0x00000263a31b0000, 0x00000263a3440000, 0x00000263a3750000]
 total_blobs=13625 nmethods=12637 adapters=900
 compilation: enabled
              stopped_count=0, restarted_count=0
 full_count=0

Compilation events (20 events):
Event: 30.136 Thread 0x00000263ba415800 12753       2       kotlin.collections.AbstractList::iterator (12 bytes)
Event: 30.137 Thread 0x00000263ba415800 nmethod 12753 0x00000263a52e1810 code [0x00000263a52e19c0, 0x00000263a52e1b58]
Event: 30.137 Thread 0x00000263ba415800 12754       2       kotlin.collections.AbstractList$IteratorImpl::<init> (10 bytes)
Event: 30.137 Thread 0x00000263ba415800 nmethod 12754 0x00000263a52e1c10 code [0x00000263a52e1dc0, 0x00000263a52e1ef8]
Event: 30.137 Thread 0x00000263ba415800 12755       2       kotlin.collections.CollectionsKt___CollectionsKt::asSequence (18 bytes)
Event: 30.137 Thread 0x00000263ba415800 nmethod 12755 0x00000263a52e1f90 code [0x00000263a52e2180, 0x00000263a52e2498]
Event: 30.137 Thread 0x00000263ba415800 12757       2       kotlin.collections.CollectionsKt___CollectionsKt$asSequence$$inlined$Sequence$1::iterator (12 bytes)
Event: 30.137 Thread 0x00000263ba415800 nmethod 12757 0x00000263a52e2690 code [0x00000263a52e2840, 0x00000263a52e2968]
Event: 30.137 Thread 0x00000263ba415800 12756       2       kotlin.collections.CollectionsKt___CollectionsKt$asSequence$$inlined$Sequence$1::<init> (10 bytes)
Event: 30.138 Thread 0x00000263ba415800 nmethod 12756 0x00000263a52e2a10 code [0x00000263a52e2bc0, 0x00000263a52e2cf8]
Event: 30.138 Thread 0x00000263ba415800 12758       2       kotlin.sequences.FilteringSequence::<init> (32 bytes)
Event: 30.138 Thread 0x00000263ba415800 nmethod 12758 0x00000263a52e2d90 code [0x00000263a52e2fc0, 0x00000263a52e34b8]
Event: 30.138 Thread 0x00000263ba415800 12759   !   2       jdk.internal.reflect.GeneratedMethodAccessor42::invoke (63 bytes)
Event: 30.139 Thread 0x00000263ba415800 nmethod 12759 0x00000263a52e3790 code [0x00000263a52e39a0, 0x00000263a52e3e48]
Event: 30.139 Thread 0x00000263ba415800 12760   !   2       jdk.internal.reflect.GeneratedMethodAccessor43::invoke (63 bytes)
Event: 30.139 Thread 0x00000263ba415800 nmethod 12760 0x00000263a52e4190 code [0x00000263a52e43a0, 0x00000263a52e4848]
Event: 30.139 Thread 0x00000263ba415800 12761       2       kotlin.collections.ArrayDeque::add (7 bytes)
Event: 30.139 Thread 0x00000263ba415800 nmethod 12761 0x00000263a52e4b90 code [0x00000263a52e4d40, 0x00000263a52e4e48]
Event: 30.139 Thread 0x00000263ba415800 12762       2       kotlin.collections.ArrayDeque::addLast (40 bytes)
Event: 30.140 Thread 0x00000263ba415800 nmethod 12762 0x00000263a52e4f10 code [0x00000263a52e50e0, 0x00000263a52e5308]

GC Heap History (20 events):
Event: 22.805 GC heap before
{Heap before GC invocations=74 (full 0):
 garbage-first heap   total 226304K, used 173735K [0x0000000080000000, 0x0000000100000000)
  region size 1024K, 17 young (17408K), 4 survivors (4096K)
 Metaspace       used 85997K, capacity 88628K, committed 88912K, reserved 1126400K
  class space    used 11290K, capacity 12253K, committed 12288K, reserved 1048576K
}
Event: 22.811 GC heap after
{Heap after GC invocations=75 (full 0):
 garbage-first heap   total 226304K, used 163242K [0x0000000080000000, 0x0000000100000000)
  region size 1024K, 3 young (3072K), 3 survivors (3072K)
 Metaspace       used 85997K, capacity 88628K, committed 88912K, reserved 1126400K
  class space    used 11290K, capacity 12253K, committed 12288K, reserved 1048576K
}
Event: 23.011 GC heap before
{Heap before GC invocations=76 (full 0):
 garbage-first heap   total 226304K, used 188842K [0x0000000080000000, 0x0000000100000000)
  region size 1024K, 27 young (27648K), 3 survivors (3072K)
 Metaspace       used 87824K, capacity 90474K, committed 90704K, reserved 1128448K
  class space    used 11433K, capacity 12418K, committed 12544K, reserved 1048576K
}
Event: 23.015 GC heap after
{Heap after GC invocations=77 (full 0):
 garbage-first heap   total 226304K, used 162814K [0x0000000080000000, 0x0000000100000000)
  region size 1024K, 1 young (1024K), 1 survivors (1024K)
 Metaspace       used 87824K, capacity 90474K, committed 90704K, reserved 1128448K
  class space    used 11433K, capacity 12418K, committed 12544K, reserved 1048576K
}
Event: 23.186 GC heap before
{Heap before GC invocations=77 (full 0):
 garbage-first heap   total 226304K, used 187390K [0x0000000080000000, 0x0000000100000000)
  region size 1024K, 26 young (26624K), 1 survivors (1024K)
 Metaspace       used 89515K, capacity 92188K, committed 92368K, reserved 1128448K
  class space    used 11677K, capacity 12646K, committed 12672K, reserved 1048576K
}
Event: 23.189 GC heap after
{Heap after GC invocations=78 (full 0):
 garbage-first heap   total 226304K, used 163099K [0x0000000080000000, 0x0000000100000000)
  region size 1024K, 1 young (1024K), 1 survivors (1024K)
 Metaspace       used 89515K, capacity 92188K, committed 92368K, reserved 1128448K
  class space    used 11677K, capacity 12646K, committed 12672K, reserved 1048576K
}
Event: 23.639 GC heap before
{Heap before GC invocations=79 (full 0):
 garbage-first heap   total 226304K, used 188699K [0x0000000080000000, 0x0000000100000000)
  region size 1024K, 27 young (27648K), 1 survivors (1024K)
 Metaspace       used 93182K, capacity 95879K, committed 95952K, reserved 1132544K
  class space    used 12184K, capacity 13160K, committed 13184K, reserved 1048576K
}
Event: 23.642 GC heap after
{Heap after GC invocations=80 (full 0):
 garbage-first heap   total 226304K, used 164410K [0x0000000080000000, 0x0000000100000000)
  region size 1024K, 2 young (2048K), 2 survivors (2048K)
 Metaspace       used 93182K, capacity 95879K, committed 95952K, reserved 1132544K
  class space    used 12184K, capacity 13160K, committed 13184K, reserved 1048576K
}
Event: 24.243 GC heap before
{Heap before GC invocations=80 (full 0):
 garbage-first heap   total 226304K, used 191034K [0x0000000080000000, 0x0000000100000000)
  region size 1024K, 28 young (28672K), 2 survivors (2048K)
 Metaspace       used 95142K, capacity 97986K, committed 98128K, reserved 1134592K
  class space    used 12449K, capacity 13487K, committed 13568K, reserved 1048576K
}
Event: 24.248 GC heap after
{Heap after GC invocations=81 (full 0):
 garbage-first heap   total 226304K, used 166178K [0x0000000080000000, 0x0000000100000000)
  region size 1024K, 4 young (4096K), 4 survivors (4096K)
 Metaspace       used 95142K, capacity 97986K, committed 98128K, reserved 1134592K
  class space    used 12449K, capacity 13487K, committed 13568K, reserved 1048576K
}
Event: 24.965 GC heap before
{Heap before GC invocations=82 (full 0):
 garbage-first heap   total 226304K, used 191778K [0x0000000080000000, 0x0000000100000000)
  region size 1024K, 30 young (30720K), 4 survivors (4096K)
 Metaspace       used 98946K, capacity 101859K, committed 102096K, reserved 1138688K
  class space    used 12881K, capacity 13945K, committed 13952K, reserved 1048576K
}
Event: 24.974 GC heap after
{Heap after GC invocations=83 (full 0):
 garbage-first heap   total 272384K, used 167539K [0x0000000080000000, 0x0000000100000000)
  region size 1024K, 4 young (4096K), 4 survivors (4096K)
 Metaspace       used 98946K, capacity 101859K, committed 102096K, reserved 1138688K
  class space    used 12881K, capacity 13945K, committed 13952K, reserved 1048576K
}
Event: 26.328 GC heap before
{Heap before GC invocations=83 (full 0):
 garbage-first heap   total 272384K, used 210547K [0x0000000080000000, 0x0000000100000000)
  region size 1024K, 46 young (47104K), 4 survivors (4096K)
 Metaspace       used 105458K, capacity 108373K, committed 108624K, reserved 1142784K
  class space    used 13678K, capacity 14799K, committed 14848K, reserved 1048576K
}
Event: 26.343 GC heap after
{Heap after GC invocations=84 (full 0):
 garbage-first heap   total 272384K, used 170795K [0x0000000080000000, 0x0000000100000000)
  region size 1024K, 6 young (6144K), 6 survivors (6144K)
 Metaspace       used 105458K, capacity 108373K, committed 108624K, reserved 1142784K
  class space    used 13678K, capacity 14799K, committed 14848K, reserved 1048576K
}
Event: 27.950 GC heap before
{Heap before GC invocations=85 (full 0):
 garbage-first heap   total 272384K, used 213803K [0x0000000080000000, 0x0000000100000000)
  region size 1024K, 49 young (50176K), 6 survivors (6144K)
 Metaspace       used 106335K, capacity 109394K, committed 109648K, reserved 1144832K
  class space    used 13724K, capacity 14847K, committed 14848K, reserved 1048576K
}
Event: 27.964 GC heap after
{Heap after GC invocations=86 (full 0):
 garbage-first heap   total 272384K, used 174854K [0x0000000080000000, 0x0000000100000000)
  region size 1024K, 7 young (7168K), 7 survivors (7168K)
 Metaspace       used 106335K, capacity 109394K, committed 109648K, reserved 1144832K
  class space    used 13724K, capacity 14847K, committed 14848K, reserved 1048576K
}
Event: 28.825 GC heap before
{Heap before GC invocations=86 (full 0):
 garbage-first heap   total 272384K, used 218886K [0x0000000080000000, 0x0000000100000000)
  region size 1024K, 50 young (51200K), 7 survivors (7168K)
 Metaspace       used 107089K, capacity 110115K, committed 110288K, reserved 1144832K
  class space    used 13760K, capacity 14881K, committed 14976K, reserved 1048576K
}
Event: 28.836 GC heap after
{Heap after GC invocations=87 (full 0):
 garbage-first heap   total 272384K, used 177446K [0x0000000080000000, 0x0000000100000000)
  region size 1024K, 3 young (3072K), 3 survivors (3072K)
 Metaspace       used 107089K, capacity 110115K, committed 110288K, reserved 1144832K
  class space    used 13760K, capacity 14881K, committed 14976K, reserved 1048576K
}
Event: 30.127 GC heap before
{Heap before GC invocations=88 (full 0):
 garbage-first heap   total 272384K, used 220454K [0x0000000080000000, 0x0000000100000000)
  region size 1024K, 46 young (47104K), 3 survivors (3072K)
 Metaspace       used 108054K, capacity 111121K, committed 111440K, reserved 1146880K
  class space    used 13831K, capacity 14980K, committed 15104K, reserved 1048576K
}
Event: 30.134 GC heap after
{Heap after GC invocations=89 (full 0):
 garbage-first heap   total 272384K, used 179809K [0x0000000080000000, 0x0000000100000000)
  region size 1024K, 6 young (6144K), 6 survivors (6144K)
 Metaspace       used 108054K, capacity 111121K, committed 111440K, reserved 1146880K
  class space    used 13831K, capacity 14980K, committed 15104K, reserved 1048576K
}

Deoptimization events (20 events):
Event: 29.288 Thread 0x00000263bc8c3800 Uncommon trap: trap_request=0xffffffc6 fr.pc=0x00000263ab2616b0 relative=0x0000000000000050
Event: 29.288 Thread 0x00000263bc8c3800 Uncommon trap: reason=bimorphic_or_optimized_type_check action=maybe_recompile pc=0x00000263ab2616b0 method=com.google.common.collect.ImmutableList.copyOf(Ljava/util/Collection;)Lcom/google/common/collect/ImmutableList; @ 11 c2
Event: 29.288 Thread 0x00000263bc8c3800 DEOPT PACKING pc=0x00000263ab2616b0 sp=0x000000892e6f9270
Event: 29.288 Thread 0x00000263bc8c3800 DEOPT UNPACKING pc=0x00000263a31fa1af sp=0x000000892e6f9238 mode 2
Event: 29.323 Thread 0x00000263bc8c3800 Uncommon trap: trap_request=0xffffffc6 fr.pc=0x00000263ab2616b0 relative=0x0000000000000050
Event: 29.323 Thread 0x00000263bc8c3800 Uncommon trap: reason=bimorphic_or_optimized_type_check action=maybe_recompile pc=0x00000263ab2616b0 method=com.google.common.collect.ImmutableList.copyOf(Ljava/util/Collection;)Lcom/google/common/collect/ImmutableList; @ 11 c2
Event: 29.324 Thread 0x00000263bc8c3800 DEOPT PACKING pc=0x00000263ab2616b0 sp=0x000000892e6f92a0
Event: 29.324 Thread 0x00000263bc8c3800 DEOPT UNPACKING pc=0x00000263a31fa1af sp=0x000000892e6f9268 mode 2
Event: 30.124 Thread 0x00000263bb7db000 Uncommon trap: trap_request=0xffffff4d fr.pc=0x00000263ab0bb1a8 relative=0x0000000000000188
Event: 30.124 Thread 0x00000263bb7db000 Uncommon trap: reason=unstable_if action=reinterpret pc=0x00000263ab0bb1a8 method=java.lang.String.equals(Ljava/lang/Object;)Z @ 27 c2
Event: 30.124 Thread 0x00000263bb7db000 DEOPT PACKING pc=0x00000263ab0bb1a8 sp=0x000000892e4fe810
Event: 30.124 Thread 0x00000263bb7db000 DEOPT UNPACKING pc=0x00000263a31fa1af sp=0x000000892e4fe7a0 mode 2
Event: 30.125 Thread 0x00000263bb7db000 Uncommon trap: trap_request=0xffffff4d fr.pc=0x00000263ab36b5b0 relative=0x0000000000000070
Event: 30.125 Thread 0x00000263bb7db000 Uncommon trap: reason=unstable_if action=reinterpret pc=0x00000263ab36b5b0 method=org.gradle.internal.logging.slf4j.OutputEventListenerBackedLogger.isLevelAtMost(Lorg/gradle/api/logging/LogLevel;)Z @ 11 c2
Event: 30.125 Thread 0x00000263bb7db000 DEOPT PACKING pc=0x00000263ab36b5b0 sp=0x000000892e4fea80
Event: 30.125 Thread 0x00000263bb7db000 DEOPT UNPACKING pc=0x00000263a31fa1af sp=0x000000892e4fea20 mode 2
Event: 30.139 Thread 0x00000263bca4c800 Uncommon trap: trap_request=0xffffffde fr.pc=0x00000263ab14a648 relative=0x0000000000000348
Event: 30.139 Thread 0x00000263bca4c800 Uncommon trap: reason=class_check action=maybe_recompile pc=0x00000263ab14a648 method=java.lang.ThreadLocal.setInitialValue()Ljava/lang/Object; @ 31 c2
Event: 30.139 Thread 0x00000263bca4c800 DEOPT PACKING pc=0x00000263ab14a648 sp=0x000000892e7fdbf0
Event: 30.139 Thread 0x00000263bca4c800 DEOPT UNPACKING pc=0x00000263a31fa1af sp=0x000000892e7fdb20 mode 2

Classes redefined (0 events):
No events

Internal exceptions (20 events):
Event: 24.077 Thread 0x00000263bc8c3800 Exception <a 'java/lang/NoSuchMethodError'{0x000000008c4e5448}: 'void java.lang.invoke.DirectMethodHandle$Holder.invokeStatic(java.lang.Object, java.lang.Object, java.lang.Object, java.lang.Object, int, java.lang.Object, java.lang.Object)'> (0x000000008c4e5448) thrown at [src/hotspot/share/interpreter/linkResolver.cpp, line 773]
Event: 24.266 Thread 0x00000263bc8c3800 Exception <a 'java/lang/IncompatibleClassChangeError'{0x000000008dcacea8}: Found class java.lang.Object, but interface was expected> (0x000000008dcacea8) thrown at [src/hotspot/share/interpreter/linkResolver.cpp, line 839]
Event: 24.351 Thread 0x00000263bc7ca800 Exception <a 'java/lang/IncompatibleClassChangeError'{0x000000008dae75e8}: Found class java.lang.Object, but interface was expected> (0x000000008dae75e8) thrown at [src/hotspot/share/interpreter/linkResolver.cpp, line 839]
Event: 24.387 Thread 0x00000263bc7ca800 Exception <a 'java/lang/NoSuchMethodError'{0x000000008d8ae758}: 'int java.lang.invoke.DirectMethodHandle$Holder.invokeStaticInit(java.lang.Object, java.lang.Object, java.lang.Object, java.lang.Object, java.lang.Object)'> (0x000000008d8ae758) thrown at [src/hotspot/share/interpreter/linkResolver.cpp, line 773]
Event: 25.157 Thread 0x00000263bc8c3800 Implicit null exception at 0x00000263ab073af4 to 0x00000263ab07410c
Event: 25.191 Thread 0x00000263bc912800 Exception <a 'java/lang/NoSuchMethodError'{0x0000000090403568}: <clinit>> (0x0000000090403568) thrown at [src/hotspot/share/prims/jni.cpp, line 1367]
Event: 25.193 Thread 0x00000263bc912800 Exception <a 'java/lang/NoSuchMethodError'{0x0000000090415458}: <clinit>> (0x0000000090415458) thrown at [src/hotspot/share/prims/jni.cpp, line 1367]
Event: 25.193 Thread 0x00000263bc912800 Exception <a 'java/lang/NoSuchMethodError'{0x0000000090417f20}: <clinit>> (0x0000000090417f20) thrown at [src/hotspot/share/prims/jni.cpp, line 1367]
Event: 25.274 Thread 0x00000263bc8c3800 Exception <a 'sun/nio/fs/WindowsException'{0x00000000902a8b80}> (0x00000000902a8b80) thrown at [src/hotspot/share/prims/jni.cpp, line 617]
Event: 26.029 Thread 0x00000263bc912800 Exception <a 'java/lang/NoSuchMethodError'{0x000000008e409820}: <clinit>> (0x000000008e409820) thrown at [src/hotspot/share/prims/jni.cpp, line 1367]
Event: 26.032 Thread 0x00000263bc912800 Exception <a 'java/lang/NoSuchMethodError'{0x000000008e4aaaf0}: <clinit>> (0x000000008e4aaaf0) thrown at [src/hotspot/share/prims/jni.cpp, line 1367]
Event: 26.034 Thread 0x00000263bc912800 Exception <a 'java/lang/NoSuchMethodError'{0x000000008e4c6a58}: <clinit>> (0x000000008e4c6a58) thrown at [src/hotspot/share/prims/jni.cpp, line 1367]
Event: 26.034 Thread 0x00000263bc912800 Exception <a 'java/lang/NoSuchMethodError'{0x000000008e4c7b20}: <clinit>> (0x000000008e4c7b20) thrown at [src/hotspot/share/prims/jni.cpp, line 1367]
Event: 26.034 Thread 0x00000263bc912800 Exception <a 'java/lang/NoSuchMethodError'{0x000000008e4c8a30}: <clinit>> (0x000000008e4c8a30) thrown at [src/hotspot/share/prims/jni.cpp, line 1367]
Event: 27.785 Thread 0x00000263bcfe9800 Exception <a 'java/lang/NoSuchMethodError'{0x000000008f74f9f8}: 'java.lang.Object java.lang.invoke.DirectMethodHandle$Holder.invokeSpecialIFC(java.lang.Object, java.lang.Object, java.lang.Object)'> (0x000000008f74f9f8) thrown at [src/hotspot/share/interpreter/linkResolver.cpp, line 773]
Event: 27.785 Thread 0x00000263bcd76800 Exception <a 'java/lang/NoSuchMethodError'{0x000000008f8fb730}: 'java.lang.Object java.lang.invoke.DirectMethodHandle$Holder.invokeSpecialIFC(java.lang.Object, java.lang.Object, java.lang.Object)'> (0x000000008f8fb730) thrown at [src/hotspot/share/interpreter/linkResolver.cpp, line 773]
Event: 27.785 Thread 0x00000263ba7cb000 Exception <a 'java/lang/NoSuchMethodError'{0x000000008f8a3e38}: 'java.lang.Object java.lang.invoke.DirectMethodHandle$Holder.invokeSpecialIFC(java.lang.Object, java.lang.Object, java.lang.Object)'> (0x000000008f8a3e38) thrown at [src/hotspot/share/interpreter/linkResolver.cpp, line 773]
Event: 27.785 Thread 0x00000263bcfee000 Exception <a 'java/lang/NoSuchMethodError'{0x000000008f886618}: 'java.lang.Object java.lang.invoke.DirectMethodHandle$Holder.invokeSpecialIFC(java.lang.Object, java.lang.Object, java.lang.Object)'> (0x000000008f886618) thrown at [src/hotspot/share/interpreter/linkResolver.cpp, line 773]
Event: 30.124 Thread 0x00000263bb7db000 Exception <a 'java/io/IOException'{0x000000008df67290}> (0x000000008df67290) thrown at [src/hotspot/share/prims/jni.cpp, line 617]
Event: 30.140 Thread 0x00000263bca4c800 Exception <a 'java/io/IOException'{0x0000000090807b88}> (0x0000000090807b88) thrown at [src/hotspot/share/prims/jni.cpp, line 617]

Events (20 events):
Event: 30.096 loading class com/intellij/openapi/util/io/FileUtil$2 done
Event: 30.097 loading class com/android/tools/idea/gradle/model/IdeModuleWellKnownSourceSet
Event: 30.097 loading class com/android/tools/idea/gradle/model/IdeModuleWellKnownSourceSet done
Event: 30.097 loading class com/android/tools/idea/gradle/model/IdeModuleSourceSet
Event: 30.097 loading class com/android/tools/idea/gradle/model/IdeModuleSourceSet done
Event: 30.098 loading class com/android/tools/idea/gradle/model/IdeModuleWellKnownSourceSet$Companion
Event: 30.098 loading class com/android/tools/idea/gradle/model/IdeModuleWellKnownSourceSet$Companion done
Event: 30.099 loading class com/android/tools/idea/gradle/model/impl/IdePreResolvedModuleLibraryImpl
Event: 30.099 loading class com/android/tools/idea/gradle/model/impl/IdePreResolvedModuleLibraryImpl done
Event: 30.099 loading class com/android/tools/idea/gradle/model/IdePreResolvedModuleLibrary
Event: 30.099 loading class com/android/tools/idea/gradle/model/IdePreResolvedModuleLibrary done
Event: 30.100 loading class com/android/tools/idea/gradle/project/sync/InternedModels$getOrCreate$3
Event: 30.100 loading class com/android/tools/idea/gradle/project/sync/InternedModels$getOrCreate$3 done
Event: 30.127 Executing VM operation: G1CollectForAllocation
Event: 30.134 Executing VM operation: G1CollectForAllocation done
Event: 30.139 loading class org/gradle/internal/serialize/Message
Event: 30.139 loading class org/gradle/internal/serialize/Message done
Event: 30.140 Executing VM operation: RevokeBias
Event: 30.140 Executing VM operation: RevokeBias done
Event: 30.140 Thread 0x00000263bca4c800 Thread exited: 0x00000263bca4c800


Dynamic libraries:
0x00007ff7093d0000 - 0x00007ff7093da000 	D:\AndroidTool\Android Studio\jbr\bin\java.exe
0x00007ffbd1890000 - 0x00007ffbd1a88000 	C:\WINDOWS\SYSTEM32\ntdll.dll
0x00007ffbd1660000 - 0x00007ffbd171f000 	C:\WINDOWS\System32\KERNEL32.DLL
0x00007ffbcf380000 - 0x00007ffbcf652000 	C:\WINDOWS\System32\KERNELBASE.dll
0x00007ffbcf1a0000 - 0x00007ffbcf2a0000 	C:\WINDOWS\System32\ucrtbase.dll
0x00007ffbb0030000 - 0x00007ffbb0047000 	D:\AndroidTool\Android Studio\jbr\bin\jli.dll
0x00007ffbd0ed0000 - 0x00007ffbd1071000 	C:\WINDOWS\System32\USER32.dll
0x00007ffbcf2a0000 - 0x00007ffbcf2c2000 	C:\WINDOWS\System32\win32u.dll
0x00007ffbd0060000 - 0x00007ffbd008b000 	C:\WINDOWS\System32\GDI32.dll
0x00007ffbac910000 - 0x00007ffbacbaa000 	C:\WINDOWS\WinSxS\amd64_microsoft.windows.common-controls_6595b64144ccf1df_6.0.19041.1110_none_60b5254171f9507e\COMCTL32.dll
0x00007ffbcf010000 - 0x00007ffbcf11f000 	C:\WINDOWS\System32\gdi32full.dll
0x00007ffbd0a40000 - 0x00007ffbd0ade000 	C:\WINDOWS\System32\msvcrt.dll
0x00007ffbcf6d0000 - 0x00007ffbcf76d000 	C:\WINDOWS\System32\msvcp_win.dll
0x00007ffbaff00000 - 0x00007ffbaff1b000 	D:\AndroidTool\Android Studio\jbr\bin\VCRUNTIME140.dll
0x00007ffbcf970000 - 0x00007ffbcf9a2000 	C:\WINDOWS\System32\IMM32.DLL
0x00007ffbbd6c0000 - 0x00007ffbbd6cc000 	D:\AndroidTool\Android Studio\jbr\bin\vcruntime140_1.dll
0x00007ffb8e370000 - 0x00007ffb8e3fd000 	D:\AndroidTool\Android Studio\jbr\bin\msvcp140.dll
0x00007ffb70e00000 - 0x00007ffb719bc000 	D:\AndroidTool\Android Studio\jbr\bin\server\jvm.dll
0x00007ffbcffb0000 - 0x00007ffbd005e000 	C:\WINDOWS\System32\ADVAPI32.dll
0x00007ffbcf8d0000 - 0x00007ffbcf96c000 	C:\WINDOWS\System32\sechost.dll
0x00007ffbcfe80000 - 0x00007ffbcffa5000 	C:\WINDOWS\System32\RPCRT4.dll
0x00007ffbd1450000 - 0x00007ffbd1458000 	C:\WINDOWS\System32\PSAPI.DLL
0x00007ffbc8590000 - 0x00007ffbc85b7000 	C:\WINDOWS\SYSTEM32\WINMM.dll
0x00007ffbad580000 - 0x00007ffbad589000 	C:\WINDOWS\SYSTEM32\WSOCK32.dll
0x00007ffbc7510000 - 0x00007ffbc751a000 	C:\WINDOWS\SYSTEM32\VERSION.dll
0x00007ffbd1080000 - 0x00007ffbd10eb000 	C:\WINDOWS\System32\WS2_32.dll
0x00007ffbcce40000 - 0x00007ffbcce52000 	C:\WINDOWS\SYSTEM32\kernel.appcore.dll
0x00007ffbcc780000 - 0x00007ffbcc790000 	D:\AndroidTool\Android Studio\jbr\bin\verify.dll
0x00007ffbc7f20000 - 0x00007ffbc8104000 	C:\WINDOWS\SYSTEM32\DBGHELP.DLL
0x00007ffbb7450000 - 0x00007ffbb7485000 	C:\WINDOWS\SYSTEM32\dbgcore.DLL
0x00007ffbcef80000 - 0x00007ffbcf002000 	C:\WINDOWS\System32\bcryptPrimitives.dll
0x00007ffbc3ed0000 - 0x00007ffbc3ef8000 	D:\AndroidTool\Android Studio\jbr\bin\java.dll
0x00007ffbcc730000 - 0x00007ffbcc73a000 	D:\AndroidTool\Android Studio\jbr\bin\jimage.dll
0x00007ffbcaa50000 - 0x00007ffbcaa68000 	D:\AndroidTool\Android Studio\jbr\bin\zip.dll
0x00007ffbd0090000 - 0x00007ffbd07d5000 	C:\WINDOWS\System32\SHELL32.dll
0x00007ffbcd040000 - 0x00007ffbcd7d2000 	C:\WINDOWS\SYSTEM32\windows.storage.dll
0x00007ffbd10f0000 - 0x00007ffbd1445000 	C:\WINDOWS\System32\combase.dll
0x00007ffbce9e0000 - 0x00007ffbcea10000 	C:\WINDOWS\SYSTEM32\Wldp.dll
0x00007ffbd0e20000 - 0x00007ffbd0ecd000 	C:\WINDOWS\System32\SHCORE.dll
0x00007ffbd0870000 - 0x00007ffbd08c5000 	C:\WINDOWS\System32\shlwapi.dll
0x00007ffbceec0000 - 0x00007ffbceedf000 	C:\WINDOWS\SYSTEM32\profapi.dll
0x00007ffbc3f20000 - 0x00007ffbc3f39000 	D:\AndroidTool\Android Studio\jbr\bin\net.dll
0x00007ffbc67d0000 - 0x00007ffbc68dc000 	C:\WINDOWS\SYSTEM32\WINHTTP.dll
0x00007ffbce740000 - 0x00007ffbce7aa000 	C:\WINDOWS\system32\mswsock.dll
0x00007ffbc3e70000 - 0x00007ffbc3e83000 	D:\AndroidTool\Android Studio\jbr\bin\nio.dll
0x00007ffb9b9a0000 - 0x00007ffb9b9c7000 	D:\AndroidTool\AndroidGradle\native\e1d6ef7f7dcc3fd88c89a11ec53ec762bb8ba0a96d01ffa2cd45eb1d1d8dd5c5\windows-amd64\native-platform.dll
0x00007ffb81d60000 - 0x00007ffb81ea4000 	D:\AndroidTool\AndroidGradle\native\0d407fdbe67a94daf76414ababcb853783967236a71b16ec16e742cd7a986fd3\windows-amd64\native-platform-file-events.dll
0x00007ffbcc6b0000 - 0x00007ffbcc6ba000 	D:\AndroidTool\Android Studio\jbr\bin\management.dll
0x00007ffbc9330000 - 0x00007ffbc933b000 	D:\AndroidTool\Android Studio\jbr\bin\management_ext.dll
0x00007ffbce940000 - 0x00007ffbce958000 	C:\WINDOWS\SYSTEM32\CRYPTSP.dll
0x00007ffbcdff0000 - 0x00007ffbce024000 	C:\WINDOWS\system32\rsaenh.dll
0x00007ffbcf120000 - 0x00007ffbcf147000 	C:\WINDOWS\System32\bcrypt.dll
0x00007ffbcee80000 - 0x00007ffbceeae000 	C:\WINDOWS\SYSTEM32\USERENV.dll
0x00007ffbce930000 - 0x00007ffbce93c000 	C:\WINDOWS\SYSTEM32\CRYPTBASE.dll
0x00007ffbce3e0000 - 0x00007ffbce41b000 	C:\WINDOWS\SYSTEM32\IPHLPAPI.DLL
0x00007ffbd0a30000 - 0x00007ffbd0a38000 	C:\WINDOWS\System32\NSI.dll
0x00007ffbc6aa0000 - 0x00007ffbc6ab7000 	C:\WINDOWS\SYSTEM32\dhcpcsvc6.DLL
0x00007ffbc75b0000 - 0x00007ffbc75cd000 	C:\WINDOWS\SYSTEM32\dhcpcsvc.DLL
0x00007ffbce420000 - 0x00007ffbce4eb000 	C:\WINDOWS\SYSTEM32\DNSAPI.dll
0x00007ffbaf500000 - 0x00007ffbaf527000 	D:\AndroidTool\Android Studio\jbr\bin\sunec.dll
0x00007ffbc8350000 - 0x00007ffbc835a000 	C:\Windows\System32\rasadhlp.dll
0x00007ffbbfe30000 - 0x00007ffbbfeb0000 	C:\WINDOWS\System32\fwpuclnt.dll

dbghelp: loaded successfully - version: 4.0.5 - missing functions: none
symbol engine: initialized successfully - sym options: 0x614 - pdb path: .;D:\AndroidTool\Android Studio\jbr\bin;C:\WINDOWS\SYSTEM32;C:\WINDOWS\WinSxS\amd64_microsoft.windows.common-controls_6595b64144ccf1df_6.0.19041.1110_none_60b5254171f9507e;D:\AndroidTool\Android Studio\jbr\bin\server;D:\AndroidTool\AndroidGradle\native\e1d6ef7f7dcc3fd88c89a11ec53ec762bb8ba0a96d01ffa2cd45eb1d1d8dd5c5\windows-amd64;D:\AndroidTool\AndroidGradle\native\0d407fdbe67a94daf76414ababcb853783967236a71b16ec16e742cd7a986fd3\windows-amd64

VM Arguments:
jvm_args: --add-opens=java.base/java.util=ALL-UNNAMED --add-opens=java.base/java.lang=ALL-UNNAMED --add-opens=java.base/java.lang.invoke=ALL-UNNAMED --add-opens=java.base/java.util=ALL-UNNAMED --add-opens=java.prefs/java.util.prefs=ALL-UNNAMED --add-opens=java.prefs/java.util.prefs=ALL-UNNAMED --add-opens=java.base/java.nio.charset=ALL-UNNAMED --add-opens=java.base/java.net=ALL-UNNAMED --add-opens=java.base/java.util.concurrent.atomic=ALL-UNNAMED -Xmx2048m -Dfile.encoding=UTF-8 -Duser.country=CN -Duser.language=zh -Duser.variant 
java_command: org.gradle.launcher.daemon.bootstrap.GradleDaemon 7.5
java_class_path (initial): D:\AndroidTool\AndroidGradle\wrapper\dists\gradle-7.5-bin\f1w0cc9nuo0eivz97x2xlu9sv\gradle-7.5\lib\gradle-launcher-7.5.jar
Launcher Type: SUN_STANDARD

[Global flags]
     intx CICompilerCount                          = 4                                         {product} {ergonomic}
     uint ConcGCThreads                            = 2                                         {product} {ergonomic}
     uint G1ConcRefinementThreads                  = 8                                         {product} {ergonomic}
   size_t G1HeapRegionSize                         = 1048576                                   {product} {ergonomic}
    uintx GCDrainStackTargetSize                   = 64                                        {product} {ergonomic}
   size_t InitialHeapSize                          = 132120576                                 {product} {ergonomic}
   size_t MarkStackSize                            = 4194304                                   {product} {ergonomic}
   size_t MaxHeapSize                              = 2147483648                                {product} {command line}
   size_t MaxNewSize                               = 1287651328                                {product} {ergonomic}
   size_t MinHeapDeltaBytes                        = 1048576                                   {product} {ergonomic}
    uintx NonNMethodCodeHeapSize                   = 5836300                                {pd product} {ergonomic}
    uintx NonProfiledCodeHeapSize                  = 122910970                              {pd product} {ergonomic}
    uintx ProfiledCodeHeapSize                     = 122910970                              {pd product} {ergonomic}
    uintx ReservedCodeCacheSize                    = 251658240                              {pd product} {ergonomic}
     bool SegmentedCodeCache                       = true                                      {product} {ergonomic}
     bool UseCompressedClassPointers               = true                                 {lp64_product} {ergonomic}
     bool UseCompressedOops                        = true                                 {lp64_product} {ergonomic}
     bool UseG1GC                                  = true                                      {product} {ergonomic}
     bool UseLargePagesIndividualAllocation        = false                                  {pd product} {ergonomic}

Logging:
Log output configuration:
 #0: stdout all=warning uptime,level,tags
 #1: stderr all=off uptime,level,tags

Environment Variables:
JAVA_HOME=C:\Program Files\Java\jdk1.8.0_321
CLASSPATH=.;C:\Program Files\Java\jdk1.8.0_321\lib;C:\Program Files\Java\jdk1.8.0_321\lib\dt.jar;C:\Program Files\Java\jdk1.8.0_321\tools.jar
PATH=C:\Program Files\Microsoft MPI\Bin\;C:\Program Files\PlasticSCM5\server;C:\Program Files\PlasticSCM5\client;C:\Program Files\Java\jdk1.8.0_321\bin;C:\Windows\system32;C:\Windows;C:\Windows\System32\Wbem;C:\Windows\System32\WindowsPowerShell\v1.0\;C:\Program Files (x86)\NVIDIA Corporation\PhysX\Common;C:\Program Files\NVIDIA Corporation\NVIDIA NvDLISR;C:\Program Files\Intel\WiFi\bin\;C:\Program Files\Common Files\Intel\WirelessCommon\;D:\Softwares\MATLAB\bin;C:\Program Files\OpenSSH-Win64;C:\WINDOWS\System32\OpenSSH\;C:\Program Files\MySQL\MySQL Server 5.7\bin;D:\Softwares\Xshell\;C:\WINDOWS\system32;C:\WINDOWS;C:\WINDOWS\System32\Wbem;C:\WINDOWS\System32\WindowsPowerShell\v1.0\;D:\Softwares\Xftp\;D:\tomcat\apache-tomcat-9.0.63\bin;D:\tomcat\apache-tomcat-9.0.63\lib;C:\Program Files\Java\jdk1.8.0_321\jre\bin;C:\Program Files\Git\cmd;D:\Redis\;D:\Maven\apache-maven-3.8.1\bin;D:\MinGW\mingw64\bin;C:\Program Files\MySQL\MySQL Server 5.7\bin;C:\Windows\system32;C:\Windows;C:\Windows\System32\Wbem;C:\Windows\System32\WindowsPowerShell\v1.0\;C:\Program Files (x86)\NVIDIA Corporation\PhysX\Common;C:\Program Files\NVIDIA Corporation\NVIDIA NvDLISR;C:\Program Files\Intel\WiFi\bin\;C:\Program Files\Common Files\Intel\WirelessCommon\;D:\Softwares\MATLAB\bin;C:\Program Files\OpenSSH-Win64;C:\Windows\System32\OpenSSH\;C:\Program Files\MySQL\MySQL Server 8.0\bin;D:\Softwares\Anaconda3;D:\Softwares\Anaconda3\Library\mingw-w64\bin;D:\Softwares\Anaconda3\Library\usr\bin;D:\Softwares\Anaconda3\Library\bin;D:\Softwares\Anaconda3\Scripts;C:\Users\Xiexintong\AppData\Local\Microsoft\WindowsAp;C:\Users\Xiexintong\AppData\Local\Microsoft\WindowsApps;D:\Softwares\Modelsim\win32;D:\Softwares\Microsoft VS Code\bin;
USERNAME=Xiexintong
OS=Windows_NT
PROCESSOR_IDENTIFIER=Intel64 Family 6 Model 142 Stepping 12, GenuineIntel



---------------  S Y S T E M  ---------------

OS: Windows 10 , 64 bit Build 19041 (10.0.19041.2546)
OS uptime: 16 days 15:12 hours

CPU:total 8 (initial active 8) (4 cores per cpu, 2 threads per core) family 6 model 142 stepping 12 microcode 0xde, cmov, cx8, fxsr, mmx, sse, sse2, sse3, ssse3, sse4.1, sse4.2, popcnt, avx, avx2, aes, clmul, erms, 3dnowpref, lzcnt, ht, tsc, tscinvbit, bmi1, bmi2, adx, fma

Memory: 4k page, system-wide physical 8037M (373M free)
TotalPageFile size 22117M (AvailPageFile size 303M)
current process WorkingSet (physical memory assigned to process): 551M, peak: 561M
current process commit charge ("private bytes"): 621M, peak: 627M

vm_info: OpenJDK 64-Bit Server VM (11.0.15+0-b2043.56-9505619) for windows-amd64 JRE (11.0.15+0-b2043.56-9505619), built on Jan 19 2023 02:48:00 by "builduser" with unknown MS VC++:1929

END.
