#
# There is insufficient memory for the Java Runtime Environment to continue.
# Native memory allocation (mmap) failed to map 55574528 bytes for Failed to commit area from 0x0000000090800000 to 0x0000000093d00000 of length 55574528.
# Possible reasons:
#   The system is out of physical RAM or swap space
#   The process is running with CompressedOops enabled, and the Java Heap may be blocking the growth of the native heap
# Possible solutions:
#   Reduce memory load on the system
#   Increase physical memory or swap space
#   Check if swap backing store is full
#   Decrease Java heap size (-Xmx/-Xms)
#   Decrease number of Java threads
#   Decrease Java thread stack sizes (-Xss)
#   Set larger code cache with -XX:ReservedCodeCacheSize=
#   JVM is running with Unscaled Compressed Oops mode in which the Java heap is
#     placed in the first 4GB address space. The Java Heap base address is the
#     maximum limit for the native heap growth. Please use -XX:HeapBaseMinAddress
#     to set the Java Heap base and to place the Java Heap above 4GB virtual address.
# This output file may be truncated or incomplete.
#
#  Out of Memory Error (src/hotspot/os/windows/os_windows.cpp:3627), pid=1216, tid=5988
#
# JRE version: OpenJDK Runtime Environment (11.0.15) (build 11.0.15+0-b2043.56-9505619)
# Java VM: OpenJDK 64-Bit Server VM (11.0.15+0-b2043.56-9505619, mixed mode, tiered, compressed oops, g1 gc, windows-amd64)
# No core dump will be written. Minidumps are not enabled by default on client versions of Windows
#

---------------  S U M M A R Y ------------

Command Line: --add-opens=java.base/java.util=ALL-UNNAMED --add-opens=java.base/java.lang=ALL-UNNAMED --add-opens=java.base/java.lang.invoke=ALL-UNNAMED --add-opens=java.base/java.util=ALL-UNNAMED --add-opens=java.prefs/java.util.prefs=ALL-UNNAMED --add-opens=java.prefs/java.util.prefs=ALL-UNNAMED --add-opens=java.base/java.nio.charset=ALL-UNNAMED --add-opens=java.base/java.net=ALL-UNNAMED --add-opens=java.base/java.util.concurrent.atomic=ALL-UNNAMED -Xmx2048m -Dfile.encoding=UTF-8 -Duser.country=CN -Duser.language=zh -Duser.variant org.gradle.launcher.daemon.bootstrap.GradleDaemon 7.5

Host: Intel(R) Core(TM) i5-8265U CPU @ 1.60GHz, 8 cores, 7G,  Windows 10 , 64 bit Build 19041 (10.0.19041.2546)
Time: Sun Mar 12 14:43:50 2023  Windows 10 , 64 bit Build 19041 (10.0.19041.2546) elapsed time: 2580.701992 seconds (0d 0h 43m 0s)

---------------  T H R E A D  ---------------

Current thread (0x0000016551d6b800):  VMThread "VM Thread" [stack: 0x0000003e7c900000,0x0000003e7ca00000] [id=5988]

Stack: [0x0000003e7c900000,0x0000003e7ca00000]
[error occurred during error reporting (printing stack bounds), id 0xc0000005, EXCEPTION_ACCESS_VIOLATION (0xc0000005) at pc=0x000001653b3e112d]

Native frames: (J=compiled Java code, j=interpreted, Vv=VM code, C=native code)
V  [jvm.dll+0x64135a]
V  [jvm.dll+0x7d39f9]
V  [jvm.dll+0x7d51b9]
V  [jvm.dll+0x7d5805]
V  [jvm.dll+0x7d57bb]
V  [jvm.dll+0x640655]
V  [jvm.dll+0x640d68]
C  [ntdll.dll+0xa241f]
C  [ntdll.dll+0x514a4]
C  [ntdll.dll+0xa0f4e]
C  0x000001653b3e112d

VM_Operation (0x0000003e062fae60): G1CollectForAllocation, mode: safepoint, requested by thread 0x000001655c995000


---------------  P R O C E S S  ---------------

Threads class SMR info:
_java_thread_list=0x000001655d0c8240, length=143, elements={
0x00000165378ba000, 0x0000016551d6d800, 0x0000016551d71000, 0x000001655264a800,
0x000001655264b000, 0x0000016552650000, 0x0000016552659000, 0x000001655265e800,
0x000001655266a000, 0x00000165527be800, 0x000001655559e800, 0x0000016552993800,
0x0000016552f69000, 0x0000016554996000, 0x0000016554994000, 0x0000016554995000,
0x0000016554997800, 0x0000016554991800, 0x0000016554996800, 0x0000016554998000,
0x0000016554992800, 0x0000016554993800, 0x0000016557f5f000, 0x0000016557f5f800,
0x0000016557f60800, 0x0000016557f63000, 0x0000016557f5e000, 0x0000016557f66000,
0x00000165591f4800, 0x00000165591f0800, 0x00000165591f2000, 0x00000165591f1000,
0x00000165591f3800, 0x00000165591f2800, 0x00000165591fc800, 0x00000165591fd800,
0x00000165591f7800, 0x00000165591fa000, 0x00000165591fe000, 0x00000165591f8800,
0x00000165591ff000, 0x00000165591fb000, 0x00000165591fb800, 0x00000165591f9800,
0x0000016557f61000, 0x0000016557f69800, 0x0000016557f63800, 0x0000016557f6a000,
0x0000016557f64800, 0x0000016557f6b000, 0x0000016557f65800, 0x0000016557f6c000,
0x0000016557f6c800, 0x0000016555394000, 0x000001655538e000, 0x0000016555394800,
0x0000016555391800, 0x000001655538f000, 0x0000016555395800, 0x0000016555392800,
0x0000016555393000, 0x0000016555390000, 0x0000016555396800, 0x0000016555390800,
0x000001655539d000, 0x0000016555399800, 0x000001655539c000, 0x000001655539a800,
0x000001655539b800, 0x0000016555397000, 0x0000016555398000, 0x0000016555399000,
0x0000016559e8c800, 0x0000016559e8d800, 0x0000016559e89800, 0x0000016559e8f000,
0x0000016559e8e000, 0x0000016559e8b000, 0x0000016559e8b800, 0x0000016559e8a000,
0x0000016559e92000, 0x0000016559e94000, 0x0000016559e94800, 0x0000016559e90800,
0x0000016559e95800, 0x0000016559e90000, 0x0000016559e93000, 0x0000016559e96800,
0x0000016559e97000, 0x0000016559e91800, 0x0000016559e98000, 0x0000016555fba800,
0x0000016555fb5000, 0x0000016555fbb800, 0x0000016555fb8000, 0x0000016555fb5800,
0x0000016555fb9000, 0x0000016555fb6800, 0x0000016555fba000, 0x0000016555fb7800,
0x0000016558b0b000, 0x0000016558b0e800, 0x0000016558b0d000, 0x0000016558b09800,
0x0000016558b0a800, 0x0000016558b0c000, 0x0000016558b08800, 0x0000016558b10000,
0x0000016558b0f000, 0x0000016558b0d800, 0x0000016558b11000, 0x0000016558b16000,
0x0000016558b11800, 0x0000016558b12800, 0x0000016558b16800, 0x0000016558b13800,
0x0000016558b17800, 0x0000016558b14000, 0x0000016558b15000, 0x000001655c997800,
0x000001655c994800, 0x000001655c999000, 0x000001655c998800, 0x000001655c99b000,
0x000001655c99a000, 0x000001655c995000, 0x000001655c996000, 0x000001655c99c800,
0x000001655c997000, 0x000001655c9a0800, 0x000001655c99f000, 0x000001655c9a1800,
0x000001655c99b800, 0x000001655c9a2000, 0x000001655c9a3000, 0x000001655c99d800,
0x000001655c9a0000, 0x000001655c99e000, 0x000001655c76c000, 0x000001655c76b000,
0x000001655c76d800, 0x000001655c76f800, 0x000001655c770000
}

Java Threads: ( => current thread )
  0x00000165378ba000 JavaThread "main" [_thread_blocked, id=14860, stack(0x0000003e7c300000,0x0000003e7c400000)]
  0x0000016551d6d800 JavaThread "Reference Handler" daemon [_thread_blocked, id=24572, stack(0x0000003e7ca00000,0x0000003e7cb00000)]
  0x0000016551d71000 JavaThread "Finalizer" daemon [_thread_blocked, id=19152, stack(0x0000003e7cb00000,0x0000003e7cc00000)]
  0x000001655264a800 JavaThread "Signal Dispatcher" daemon [_thread_blocked, id=4280, stack(0x0000003e7cc00000,0x0000003e7cd00000)]
  0x000001655264b000 JavaThread "Attach Listener" daemon [_thread_blocked, id=2352, stack(0x0000003e7cd00000,0x0000003e7ce00000)]
  0x0000016552650000 JavaThread "Service Thread" daemon [_thread_blocked, id=18528, stack(0x0000003e7ce00000,0x0000003e7cf00000)]
  0x0000016552659000 JavaThread "C2 CompilerThread0" daemon [_thread_blocked, id=24124, stack(0x0000003e7cf00000,0x0000003e7d000000)]
  0x000001655265e800 JavaThread "C1 CompilerThread0" daemon [_thread_blocked, id=22292, stack(0x0000003e7d000000,0x0000003e7d100000)]
  0x000001655266a000 JavaThread "Sweeper thread" daemon [_thread_blocked, id=13664, stack(0x0000003e7d100000,0x0000003e7d200000)]
  0x00000165527be800 JavaThread "Common-Cleaner" daemon [_thread_blocked, id=18568, stack(0x0000003e7d200000,0x0000003e7d300000)]
  0x000001655559e800 JavaThread "Daemon health stats" [_thread_blocked, id=1520, stack(0x0000003e7d800000,0x0000003e7d900000)]
  0x0000016552993800 JavaThread "Incoming local TCP Connector on port 6611" [_thread_in_native, id=25300, stack(0x0000003e7d400000,0x0000003e7d500000)]
  0x0000016552f69000 JavaThread "Daemon periodic checks" [_thread_blocked, id=10156, stack(0x0000003e7d500000,0x0000003e7d600000)]
  0x0000016554996000 JavaThread "Cache worker for journal cache (D:\AndroidTool\AndroidGradle\caches\journal-1)" [_thread_blocked, id=17488, stack(0x0000003e7e500000,0x0000003e7e600000)]
  0x0000016554994000 JavaThread "File lock request listener" [_thread_in_native, id=23564, stack(0x0000003e7e600000,0x0000003e7e700000)]
  0x0000016554995000 JavaThread "Cache worker for file hash cache (D:\AndroidTool\AndroidGradle\caches\7.5\fileHashes)" [_thread_blocked, id=8308, stack(0x0000003e7e800000,0x0000003e7e900000)]
  0x0000016554997800 JavaThread "File watcher server" daemon [_thread_blocked, id=23192, stack(0x0000003e7ea00000,0x0000003e7eb00000)]
  0x0000016554991800 JavaThread "File watcher consumer" daemon [_thread_blocked, id=21512, stack(0x0000003e7eb00000,0x0000003e7ec00000)]
  0x0000016554996800 JavaThread "jar transforms" [_thread_blocked, id=5420, stack(0x0000003e7ec00000,0x0000003e7ed00000)]
  0x0000016554998000 JavaThread "jar transforms Thread 2" [_thread_blocked, id=16492, stack(0x0000003e7ed00000,0x0000003e7ee00000)]
  0x0000016554992800 JavaThread "jar transforms Thread 3" [_thread_blocked, id=10052, stack(0x0000003e7ee00000,0x0000003e7ef00000)]
  0x0000016554993800 JavaThread "jar transforms Thread 4" [_thread_blocked, id=1824, stack(0x0000003e7ef00000,0x0000003e7f000000)]
  0x0000016557f5f000 JavaThread "jar transforms Thread 5" [_thread_blocked, id=4844, stack(0x0000003e7f000000,0x0000003e7f100000)]
  0x0000016557f5f800 JavaThread "jar transforms Thread 6" [_thread_blocked, id=580, stack(0x0000003e7f100000,0x0000003e7f200000)]
  0x0000016557f60800 JavaThread "jar transforms Thread 7" [_thread_blocked, id=24412, stack(0x0000003e7f200000,0x0000003e7f300000)]
  0x0000016557f63000 JavaThread "jar transforms Thread 8" [_thread_blocked, id=25292, stack(0x0000003e7f300000,0x0000003e7f400000)]
  0x0000016557f5e000 JavaThread "Cache worker for file content cache (D:\AndroidTool\AndroidGradle\caches\7.5\fileContent)" [_thread_blocked, id=14072, stack(0x0000003e7f600000,0x0000003e7f700000)]
  0x0000016557f66000 JavaThread "Cache worker for execution history cache (D:\AndroidTool\AndroidGradle\caches\7.5\executionHistory)" [_thread_blocked, id=12136, stack(0x0000003e7f900000,0x0000003e7fa00000)]
  0x00000165591f4800 JavaThread "Memory manager" [_thread_blocked, id=1080, stack(0x0000003e04c00000,0x0000003e04d00000)]
  0x00000165591f0800 JavaThread "Daemon Thread 2" [_thread_blocked, id=3008, stack(0x0000003e00000000,0x0000003e00100000)]
  0x00000165591f2000 JavaThread "Handler for socket connection from /127.0.0.1:6611 to /127.0.0.1:9549" [_thread_in_native, id=9052, stack(0x0000003e00100000,0x0000003e00200000)]
  0x00000165591f1000 JavaThread "Cancel handler" [_thread_blocked, id=11488, stack(0x0000003e00200000,0x0000003e00300000)]
  0x00000165591f3800 JavaThread "Daemon worker Thread 2" [_thread_blocked, id=20240, stack(0x0000003e00300000,0x0000003e00400000)]
  0x00000165591f2800 JavaThread "Asynchronous log dispatcher for DefaultDaemonConnection: socket connection from /127.0.0.1:6611 to /127.0.0.1:9549" [_thread_blocked, id=22568, stack(0x0000003e00400000,0x0000003e00500000)]
  0x00000165591fc800 JavaThread "Stdin handler" [_thread_blocked, id=22396, stack(0x0000003e00500000,0x0000003e00600000)]
  0x00000165591fd800 JavaThread "Daemon client event forwarder" [_thread_blocked, id=14000, stack(0x0000003e00600000,0x0000003e00700000)]
  0x00000165591f7800 JavaThread "Cache worker for checksums cache (D:\AndroidTool\AndroidProject\MyApplication\.gradle\7.5\checksums)" [_thread_blocked, id=12580, stack(0x0000003e00800000,0x0000003e00900000)]
  0x00000165591fa000 JavaThread "Cache worker for cache directory md-rule (D:\AndroidTool\AndroidGradle\caches\7.5\md-rule)" [_thread_blocked, id=12496, stack(0x0000003e00900000,0x0000003e00a00000)]
  0x00000165591fe000 JavaThread "Cache worker for file hash cache (D:\AndroidTool\AndroidProject\MyApplication\.gradle\7.5\fileHashes)" [_thread_blocked, id=5956, stack(0x0000003e00a00000,0x0000003e00b00000)]
  0x00000165591f8800 JavaThread "Cache worker for cache directory md-supplier (D:\AndroidTool\AndroidGradle\caches\7.5\md-supplier)" [_thread_blocked, id=1900, stack(0x0000003e00b00000,0x0000003e00c00000)]
  0x00000165591ff000 JavaThread "Cache worker for dependencies-accessors (D:\AndroidTool\AndroidProject\MyApplication\.gradle\7.5\dependencies-accessors)" [_thread_blocked, id=21488, stack(0x0000003e00c00000,0x0000003e00d00000)]
  0x00000165591fb000 JavaThread "Cache worker for Build Output Cleanup Cache (D:\AndroidTool\AndroidProject\MyApplication\.gradle\buildOutputCleanup)" [_thread_blocked, id=22040, stack(0x0000003e00d00000,0x0000003e00e00000)]
  0x00000165591fb800 JavaThread "Unconstrained build operations" [_thread_blocked, id=21932, stack(0x0000003e00e00000,0x0000003e00f00000)]
  0x00000165591f9800 JavaThread "Unconstrained build operations Thread 2" [_thread_blocked, id=16828, stack(0x0000003e00f00000,0x0000003e01000000)]
  0x0000016557f61000 JavaThread "Unconstrained build operations Thread 3" [_thread_blocked, id=8836, stack(0x0000003e01000000,0x0000003e01100000)]
  0x0000016557f69800 JavaThread "Unconstrained build operations Thread 4" [_thread_blocked, id=18144, stack(0x0000003e01100000,0x0000003e01200000)]
  0x0000016557f63800 JavaThread "Unconstrained build operations Thread 5" [_thread_blocked, id=20856, stack(0x0000003e01200000,0x0000003e01300000)]
  0x0000016557f6a000 JavaThread "Unconstrained build operations Thread 6" [_thread_blocked, id=23852, stack(0x0000003e01300000,0x0000003e01400000)]
  0x0000016557f64800 JavaThread "Unconstrained build operations Thread 7" [_thread_blocked, id=13376, stack(0x0000003e01400000,0x0000003e01500000)]
  0x0000016557f6b000 JavaThread "Unconstrained build operations Thread 8" [_thread_blocked, id=25000, stack(0x0000003e01500000,0x0000003e01600000)]
  0x0000016557f65800 JavaThread "Unconstrained build operations Thread 9" [_thread_blocked, id=14352, stack(0x0000003e01600000,0x0000003e01700000)]
  0x0000016557f6c000 JavaThread "Unconstrained build operations Thread 10" [_thread_blocked, id=18888, stack(0x0000003e01700000,0x0000003e01800000)]
  0x0000016557f6c800 JavaThread "Unconstrained build operations Thread 11" [_thread_blocked, id=5028, stack(0x0000003e01800000,0x0000003e01900000)]
  0x0000016555394000 JavaThread "Unconstrained build operations Thread 12" [_thread_blocked, id=1468, stack(0x0000003e01900000,0x0000003e01a00000)]
  0x000001655538e000 JavaThread "Unconstrained build operations Thread 13" [_thread_blocked, id=10748, stack(0x0000003e01a00000,0x0000003e01b00000)]
  0x0000016555394800 JavaThread "Unconstrained build operations Thread 14" [_thread_blocked, id=11192, stack(0x0000003e01b00000,0x0000003e01c00000)]
  0x0000016555391800 JavaThread "Unconstrained build operations Thread 15" [_thread_blocked, id=25344, stack(0x0000003e01c00000,0x0000003e01d00000)]
  0x000001655538f000 JavaThread "Unconstrained build operations Thread 16" [_thread_blocked, id=12836, stack(0x0000003e01d00000,0x0000003e01e00000)]
  0x0000016555395800 JavaThread "Unconstrained build operations Thread 17" [_thread_blocked, id=22712, stack(0x0000003e01e00000,0x0000003e01f00000)]
  0x0000016555392800 JavaThread "Unconstrained build operations Thread 18" [_thread_blocked, id=23144, stack(0x0000003e01f00000,0x0000003e02000000)]
  0x0000016555393000 JavaThread "Unconstrained build operations Thread 19" [_thread_blocked, id=4928, stack(0x0000003e02000000,0x0000003e02100000)]
  0x0000016555390000 JavaThread "Unconstrained build operations Thread 20" [_thread_blocked, id=3280, stack(0x0000003e02100000,0x0000003e02200000)]
  0x0000016555396800 JavaThread "Unconstrained build operations Thread 21" [_thread_blocked, id=18660, stack(0x0000003e02200000,0x0000003e02300000)]
  0x0000016555390800 JavaThread "Unconstrained build operations Thread 22" [_thread_blocked, id=17808, stack(0x0000003e02300000,0x0000003e02400000)]
  0x000001655539d000 JavaThread "Unconstrained build operations Thread 23" [_thread_blocked, id=18020, stack(0x0000003e02400000,0x0000003e02500000)]
  0x0000016555399800 JavaThread "Unconstrained build operations Thread 24" [_thread_blocked, id=9044, stack(0x0000003e02500000,0x0000003e02600000)]
  0x000001655539c000 JavaThread "Unconstrained build operations Thread 25" [_thread_blocked, id=25196, stack(0x0000003e02600000,0x0000003e02700000)]
  0x000001655539a800 JavaThread "Unconstrained build operations Thread 26" [_thread_blocked, id=6744, stack(0x0000003e02700000,0x0000003e02800000)]
  0x000001655539b800 JavaThread "Unconstrained build operations Thread 27" [_thread_blocked, id=12488, stack(0x0000003e02800000,0x0000003e02900000)]
  0x0000016555397000 JavaThread "Unconstrained build operations Thread 28" [_thread_blocked, id=7560, stack(0x0000003e02900000,0x0000003e02a00000)]
  0x0000016555398000 JavaThread "Unconstrained build operations Thread 29" [_thread_blocked, id=20984, stack(0x0000003e02a00000,0x0000003e02b00000)]
  0x0000016555399000 JavaThread "Unconstrained build operations Thread 30" [_thread_blocked, id=18380, stack(0x0000003e02b00000,0x0000003e02c00000)]
  0x0000016559e8c800 JavaThread "Unconstrained build operations Thread 31" [_thread_blocked, id=9468, stack(0x0000003e02c00000,0x0000003e02d00000)]
  0x0000016559e8d800 JavaThread "Unconstrained build operations Thread 32" [_thread_blocked, id=23152, stack(0x0000003e02d00000,0x0000003e02e00000)]
  0x0000016559e89800 JavaThread "Unconstrained build operations Thread 33" [_thread_blocked, id=15884, stack(0x0000003e02e00000,0x0000003e02f00000)]
  0x0000016559e8f000 JavaThread "Unconstrained build operations Thread 34" [_thread_blocked, id=2504, stack(0x0000003e02f00000,0x0000003e03000000)]
  0x0000016559e8e000 JavaThread "Unconstrained build operations Thread 35" [_thread_blocked, id=17448, stack(0x0000003e03000000,0x0000003e03100000)]
  0x0000016559e8b000 JavaThread "Unconstrained build operations Thread 36" [_thread_blocked, id=17868, stack(0x0000003e03100000,0x0000003e03200000)]
  0x0000016559e8b800 JavaThread "Unconstrained build operations Thread 37" [_thread_blocked, id=7892, stack(0x0000003e03200000,0x0000003e03300000)]
  0x0000016559e8a000 JavaThread "Unconstrained build operations Thread 38" [_thread_blocked, id=18596, stack(0x0000003e03300000,0x0000003e03400000)]
  0x0000016559e92000 JavaThread "Unconstrained build operations Thread 39" [_thread_blocked, id=10708, stack(0x0000003e03400000,0x0000003e03500000)]
  0x0000016559e94000 JavaThread "Unconstrained build operations Thread 40" [_thread_blocked, id=9940, stack(0x0000003e03500000,0x0000003e03600000)]
  0x0000016559e94800 JavaThread "Unconstrained build operations Thread 41" [_thread_blocked, id=23784, stack(0x0000003e03600000,0x0000003e03700000)]
  0x0000016559e90800 JavaThread "Unconstrained build operations Thread 42" [_thread_blocked, id=13096, stack(0x0000003e03700000,0x0000003e03800000)]
  0x0000016559e95800 JavaThread "Unconstrained build operations Thread 43" [_thread_blocked, id=16676, stack(0x0000003e03800000,0x0000003e03900000)]
  0x0000016559e90000 JavaThread "Unconstrained build operations Thread 44" [_thread_blocked, id=4788, stack(0x0000003e03900000,0x0000003e03a00000)]
  0x0000016559e93000 JavaThread "Unconstrained build operations Thread 45" [_thread_blocked, id=6808, stack(0x0000003e03a00000,0x0000003e03b00000)]
  0x0000016559e96800 JavaThread "Unconstrained build operations Thread 46" [_thread_blocked, id=5756, stack(0x0000003e03b00000,0x0000003e03c00000)]
  0x0000016559e97000 JavaThread "Unconstrained build operations Thread 47" [_thread_blocked, id=8488, stack(0x0000003e03c00000,0x0000003e03d00000)]
  0x0000016559e91800 JavaThread "Unconstrained build operations Thread 48" [_thread_blocked, id=3880, stack(0x0000003e03d00000,0x0000003e03e00000)]
  0x0000016559e98000 JavaThread "Unconstrained build operations Thread 49" [_thread_blocked, id=10892, stack(0x0000003e03e00000,0x0000003e03f00000)]
  0x0000016555fba800 JavaThread "Unconstrained build operations Thread 50" [_thread_blocked, id=15124, stack(0x0000003e03f00000,0x0000003e04000000)]
  0x0000016555fb5000 JavaThread "Unconstrained build operations Thread 51" [_thread_blocked, id=5304, stack(0x0000003e04000000,0x0000003e04100000)]
  0x0000016555fbb800 JavaThread "Unconstrained build operations Thread 52" [_thread_blocked, id=2292, stack(0x0000003e04100000,0x0000003e04200000)]
  0x0000016555fb8000 JavaThread "Unconstrained build operations Thread 53" [_thread_blocked, id=7104, stack(0x0000003e04200000,0x0000003e04300000)]
  0x0000016555fb5800 JavaThread "Unconstrained build operations Thread 54" [_thread_blocked, id=15068, stack(0x0000003e04300000,0x0000003e04400000)]
  0x0000016555fb9000 JavaThread "Unconstrained build operations Thread 55" [_thread_blocked, id=13652, stack(0x0000003e04400000,0x0000003e04500000)]
  0x0000016555fb6800 JavaThread "Unconstrained build operations Thread 56" [_thread_blocked, id=15420, stack(0x0000003e04500000,0x0000003e04600000)]
  0x0000016555fba000 JavaThread "Unconstrained build operations Thread 57" [_thread_blocked, id=5672, stack(0x0000003e04600000,0x0000003e04700000)]
  0x0000016555fb7800 JavaThread "Unconstrained build operations Thread 58" [_thread_blocked, id=17140, stack(0x0000003e04700000,0x0000003e04800000)]
  0x0000016558b0b000 JavaThread "Unconstrained build operations Thread 59" [_thread_blocked, id=7188, stack(0x0000003e04800000,0x0000003e04900000)]
  0x0000016558b0e800 JavaThread "Unconstrained build operations Thread 60" [_thread_blocked, id=11036, stack(0x0000003e04900000,0x0000003e04a00000)]
  0x0000016558b0d000 JavaThread "Unconstrained build operations Thread 61" [_thread_blocked, id=20892, stack(0x0000003e04a00000,0x0000003e04b00000)]
  0x0000016558b09800 JavaThread "Unconstrained build operations Thread 62" [_thread_blocked, id=644, stack(0x0000003e04b00000,0x0000003e04c00000)]
  0x0000016558b0a800 JavaThread "Unconstrained build operations Thread 63" [_thread_blocked, id=24600, stack(0x0000003e04d00000,0x0000003e04e00000)]
  0x0000016558b0c000 JavaThread "Unconstrained build operations Thread 64" [_thread_blocked, id=24880, stack(0x0000003e04e00000,0x0000003e04f00000)]
  0x0000016558b08800 JavaThread "Unconstrained build operations Thread 65" [_thread_blocked, id=14584, stack(0x0000003e04f00000,0x0000003e05000000)]
  0x0000016558b10000 JavaThread "Unconstrained build operations Thread 66" [_thread_blocked, id=24804, stack(0x0000003e05000000,0x0000003e05100000)]
  0x0000016558b0f000 JavaThread "Unconstrained build operations Thread 67" [_thread_blocked, id=14452, stack(0x0000003e05100000,0x0000003e05200000)]
  0x0000016558b0d800 JavaThread "Unconstrained build operations Thread 68" [_thread_blocked, id=7800, stack(0x0000003e05200000,0x0000003e05300000)]
  0x0000016558b11000 JavaThread "Unconstrained build operations Thread 69" [_thread_blocked, id=11820, stack(0x0000003e05300000,0x0000003e05400000)]
  0x0000016558b16000 JavaThread "Unconstrained build operations Thread 70" [_thread_blocked, id=19036, stack(0x0000003e05400000,0x0000003e05500000)]
  0x0000016558b11800 JavaThread "Unconstrained build operations Thread 71" [_thread_blocked, id=24992, stack(0x0000003e05500000,0x0000003e05600000)]
  0x0000016558b12800 JavaThread "Unconstrained build operations Thread 72" [_thread_blocked, id=13072, stack(0x0000003e05600000,0x0000003e05700000)]
  0x0000016558b16800 JavaThread "Unconstrained build operations Thread 73" [_thread_blocked, id=16420, stack(0x0000003e05700000,0x0000003e05800000)]
  0x0000016558b13800 JavaThread "Unconstrained build operations Thread 74" [_thread_blocked, id=11684, stack(0x0000003e05800000,0x0000003e05900000)]
  0x0000016558b17800 JavaThread "Unconstrained build operations Thread 75" [_thread_blocked, id=3964, stack(0x0000003e05900000,0x0000003e05a00000)]
  0x0000016558b14000 JavaThread "Unconstrained build operations Thread 76" [_thread_blocked, id=4952, stack(0x0000003e05a00000,0x0000003e05b00000)]
  0x0000016558b15000 JavaThread "Unconstrained build operations Thread 77" [_thread_blocked, id=12684, stack(0x0000003e05b00000,0x0000003e05c00000)]
  0x000001655c997800 JavaThread "Unconstrained build operations Thread 78" [_thread_blocked, id=2136, stack(0x0000003e05c00000,0x0000003e05d00000)]
  0x000001655c994800 JavaThread "Unconstrained build operations Thread 79" [_thread_blocked, id=22024, stack(0x0000003e05d00000,0x0000003e05e00000)]
  0x000001655c999000 JavaThread "Unconstrained build operations Thread 80" [_thread_blocked, id=23196, stack(0x0000003e05e00000,0x0000003e05f00000)]
  0x000001655c998800 JavaThread "build event listener" [_thread_blocked, id=3236, stack(0x0000003e05f00000,0x0000003e06000000)]
  0x000001655c99b000 JavaThread "included builds" [_thread_blocked, id=5076, stack(0x0000003e06000000,0x0000003e06100000)]
  0x000001655c99a000 JavaThread "Execution worker" [_thread_blocked, id=18520, stack(0x0000003e06100000,0x0000003e06200000)]
  0x000001655c995000 JavaThread "Execution worker Thread 2" [_thread_blocked, id=22788, stack(0x0000003e06200000,0x0000003e06300000)]
  0x000001655c996000 JavaThread "Execution worker Thread 3" [_thread_blocked, id=17584, stack(0x0000003e06300000,0x0000003e06400000)]
  0x000001655c99c800 JavaThread "Execution worker Thread 4" [_thread_blocked, id=3376, stack(0x0000003e06400000,0x0000003e06500000)]
  0x000001655c997000 JavaThread "Execution worker Thread 5" [_thread_blocked, id=24604, stack(0x0000003e06500000,0x0000003e06600000)]
  0x000001655c9a0800 JavaThread "Execution worker Thread 6" [_thread_blocked, id=22828, stack(0x0000003e06600000,0x0000003e06700000)]
  0x000001655c99f000 JavaThread "Execution worker Thread 7" [_thread_blocked, id=4676, stack(0x0000003e06700000,0x0000003e06800000)]
  0x000001655c9a1800 JavaThread "Cache worker for execution history cache (D:\AndroidTool\AndroidProject\MyApplication\.gradle\7.5\executionHistory)" [_thread_blocked, id=14332, stack(0x0000003e06800000,0x0000003e06900000)]
  0x000001655c99b800 JavaThread "Cache worker for Java compile cache (D:\AndroidTool\AndroidGradle\caches\7.5\javaCompile)" [_thread_blocked, id=9948, stack(0x0000003e06900000,0x0000003e06a00000)]
  0x000001655c9a2000 JavaThread "Build operations" [_thread_blocked, id=11408, stack(0x0000003e06a00000,0x0000003e06b00000)]
  0x000001655c9a3000 JavaThread "Build operations Thread 2" [_thread_blocked, id=9040, stack(0x0000003e06b00000,0x0000003e06c00000)]
  0x000001655c99d800 JavaThread "Build operations Thread 3" [_thread_blocked, id=7932, stack(0x0000003e06c00000,0x0000003e06d00000)]
  0x000001655c9a0000 JavaThread "Build operations Thread 4" [_thread_blocked, id=12272, stack(0x0000003e06d00000,0x0000003e06e00000)]
  0x000001655c99e000 JavaThread "Build operations Thread 5" [_thread_blocked, id=16752, stack(0x0000003e06e00000,0x0000003e06f00000)]
  0x000001655c76c000 JavaThread "Build operations Thread 6" [_thread_blocked, id=22692, stack(0x0000003e06f00000,0x0000003e07000000)]
  0x000001655c76b000 JavaThread "Build operations Thread 7" [_thread_blocked, id=7608, stack(0x0000003e07000000,0x0000003e07100000)]
  0x000001655c76d800 JavaThread "Build operations Thread 8" [_thread_blocked, id=22136, stack(0x0000003e07100000,0x0000003e07200000)]
  0x000001655c76f800 JavaThread "WorkerExecutor Queue" [_thread_blocked, id=13292, stack(0x0000003e00700000,0x0000003e00800000)]
  0x000001655c770000 JavaThread "WorkerExecutor Queue Thread 2" [_thread_blocked, id=22876, stack(0x0000003e07200000,0x0000003e07300000)]

Other Threads:
=>0x0000016551d6b800 VMThread "VM Thread" [stack: 0x0000003e7c900000,0x0000003e7ca00000] [id=5988]
  0x00000165527d2000 WatcherThread [stack: 0x0000003e7d300000,0x0000003e7d400000] [id=1260]
  0x00000165378d2800 GCTaskThread "GC Thread#0" [stack: 0x0000003e7c400000,0x0000003e7c500000] [id=16164]
  0x0000016553989800 GCTaskThread "GC Thread#1" [stack: 0x0000003e7d600000,0x0000003e7d700000] [id=22308]
  0x0000016553536000 GCTaskThread "GC Thread#2" [stack: 0x0000003e7d700000,0x0000003e7d800000] [id=16564]
  0x0000016554ff2000 GCTaskThread "GC Thread#3" [stack: 0x0000003e7e000000,0x0000003e7e100000] [id=2768]
  0x0000016553f82800 GCTaskThread "GC Thread#4" [stack: 0x0000003e7e100000,0x0000003e7e200000] [id=6240]
  0x0000016554b80800 GCTaskThread "GC Thread#5" [stack: 0x0000003e7e200000,0x0000003e7e300000] [id=15204]
  0x00000165552fa000 GCTaskThread "GC Thread#6" [stack: 0x0000003e7e300000,0x0000003e7e400000] [id=7812]
  0x0000016553be7800 GCTaskThread "GC Thread#7" [stack: 0x0000003e7e400000,0x0000003e7e500000] [id=19672]
  0x0000016537904800 ConcurrentGCThread "G1 Main Marker" [stack: 0x0000003e7c500000,0x0000003e7c600000] [id=21320]
  0x0000016537905800 ConcurrentGCThread "G1 Conc#0" [stack: 0x0000003e7c600000,0x0000003e7c700000] [id=11324]
  0x0000016555a28000 ConcurrentGCThread "G1 Conc#1" [stack: 0x0000003e7e700000,0x0000003e7e800000] [id=20292]
  0x0000016551bb8800 ConcurrentGCThread "G1 Refine#0" [stack: 0x0000003e7c700000,0x0000003e7c800000] [id=484]
  0x0000016551bb9800 ConcurrentGCThread "G1 Young RemSet Sampling" [stack: 0x0000003e7c800000,0x0000003e7c900000] [id=14416]

Threads with active compile tasks:
C2 CompilerThread0  2580730 16719       4       com.esotericsoftware.kryo.io.Output::writeString (125 bytes)
C1 CompilerThread0  2580730 16726       3       org.gradle.api.internal.attributes.DefaultImmutableAttributes::uncachedCoerce (147 bytes)

VM state:at safepoint (normal execution)

VM Mutex/Monitor currently owned by a thread:  ([mutex/lock_event])
[0x00000165378b7100] Threads_lock - owner thread: 0x0000016551d6b800
[0x00000165378b5d50] Heap_lock - owner thread: 0x000001655c995000

Heap address: 0x0000000080000000, size: 2048 MB, Compressed Oops mode: 32-bit
Narrow klass base: 0x0000000000000000, Narrow klass shift: 3
Compressed class space size: 1073741824 Address: 0x0000000100000000

Heap:
 garbage-first heap   total 324608K, used 227135K [0x0000000080000000, 0x0000000100000000)
  region size 1024K, 2 young (2048K), 2 survivors (2048K)
 Metaspace       used 117412K, capacity 120711K, committed 120912K, reserved 1155072K
  class space    used 14794K, capacity 16037K, committed 16128K, reserved 1048576K
Heap Regions: E=young(eden), S=young(survivor), O=old, HS=humongous(starts), HC=humongous(continues), CS=collection set, F=free, A=archive, TAMS=top-at-mark-start (previous, next)
|   0|0x0000000080000000, 0x0000000080100000, 0x0000000080100000|100%| O|  |TAMS 0x0000000080100000, 0x0000000080000000| Untracked 
|   1|0x0000000080100000, 0x0000000080200000, 0x0000000080200000|100%| O|  |TAMS 0x0000000080200000, 0x0000000080100000| Untracked 
|   2|0x0000000080200000, 0x0000000080300000, 0x0000000080300000|100%| O|  |TAMS 0x0000000080300000, 0x0000000080200000| Untracked 
|   3|0x0000000080300000, 0x0000000080400000, 0x0000000080400000|100%|HS|  |TAMS 0x0000000080400000, 0x0000000080300000| Complete 
|   4|0x0000000080400000, 0x0000000080500000, 0x0000000080500000|100%|HC|  |TAMS 0x0000000080500000, 0x0000000080400000| Complete 
|   5|0x0000000080500000, 0x0000000080600000, 0x0000000080600000|100%|HC|  |TAMS 0x0000000080600000, 0x0000000080500000| Complete 
|   6|0x0000000080600000, 0x0000000080700000, 0x0000000080700000|100%| O|  |TAMS 0x0000000080700000, 0x0000000080600000| Untracked 
|   7|0x0000000080700000, 0x0000000080800000, 0x0000000080800000|100%| O|  |TAMS 0x0000000080800000, 0x0000000080700000| Untracked 
|   8|0x0000000080800000, 0x0000000080900000, 0x0000000080900000|100%| O|  |TAMS 0x0000000080900000, 0x0000000080800000| Untracked 
|   9|0x0000000080900000, 0x0000000080a00000, 0x0000000080a00000|100%| O|  |TAMS 0x0000000080a00000, 0x0000000080900000| Complete 
|  10|0x0000000080a00000, 0x0000000080b00000, 0x0000000080b00000|100%| O|  |TAMS 0x0000000080b00000, 0x0000000080a00000| Untracked 
|  11|0x0000000080b00000, 0x0000000080c00000, 0x0000000080c00000|100%| O|  |TAMS 0x0000000080c00000, 0x0000000080b00000| Complete 
|  12|0x0000000080c00000, 0x0000000080d00000, 0x0000000080d00000|100%| O|  |TAMS 0x0000000080d00000, 0x0000000080c00000| Untracked 
|  13|0x0000000080d00000, 0x0000000080e00000, 0x0000000080e00000|100%| O|  |TAMS 0x0000000080e00000, 0x0000000080d00000| Untracked 
|  14|0x0000000080e00000, 0x0000000080f00000, 0x0000000080f00000|100%| O|  |TAMS 0x0000000080f00000, 0x0000000080e00000| Untracked 
|  15|0x0000000080f00000, 0x0000000081000000, 0x0000000081000000|100%| O|  |TAMS 0x0000000081000000, 0x0000000080f00000| Complete 
|  16|0x0000000081000000, 0x0000000081100000, 0x0000000081100000|100%| O|  |TAMS 0x0000000081100000, 0x0000000081000000| Complete 
|  17|0x0000000081100000, 0x0000000081200000, 0x0000000081200000|100%|HS|  |TAMS 0x0000000081200000, 0x0000000081100000| Complete 
|  18|0x0000000081200000, 0x0000000081300000, 0x0000000081300000|100%|HC|  |TAMS 0x0000000081300000, 0x0000000081200000| Complete 
|  19|0x0000000081300000, 0x0000000081400000, 0x0000000081400000|100%|HS|  |TAMS 0x0000000081400000, 0x0000000081300000| Complete 
|  20|0x0000000081400000, 0x0000000081500000, 0x0000000081500000|100%|HC|  |TAMS 0x0000000081500000, 0x0000000081400000| Complete 
|  21|0x0000000081500000, 0x0000000081600000, 0x0000000081600000|100%|HC|  |TAMS 0x0000000081600000, 0x0000000081500000| Complete 
|  22|0x0000000081600000, 0x0000000081700000, 0x0000000081700000|100%|HS|  |TAMS 0x0000000081700000, 0x0000000081600000| Complete 
|  23|0x0000000081700000, 0x0000000081800000, 0x0000000081800000|100%|HC|  |TAMS 0x0000000081800000, 0x0000000081700000| Complete 
|  24|0x0000000081800000, 0x0000000081900000, 0x0000000081900000|100%|HC|  |TAMS 0x0000000081900000, 0x0000000081800000| Complete 
|  25|0x0000000081900000, 0x0000000081a00000, 0x0000000081a00000|100%|HS|  |TAMS 0x0000000081a00000, 0x0000000081900000| Complete 
|  26|0x0000000081a00000, 0x0000000081b00000, 0x0000000081b00000|100%|HC|  |TAMS 0x0000000081b00000, 0x0000000081a00000| Complete 
|  27|0x0000000081b00000, 0x0000000081c00000, 0x0000000081c00000|100%|HS|  |TAMS 0x0000000081c00000, 0x0000000081b00000| Complete 
|  28|0x0000000081c00000, 0x0000000081d00000, 0x0000000081d00000|100%|HC|  |TAMS 0x0000000081d00000, 0x0000000081c00000| Complete 
|  29|0x0000000081d00000, 0x0000000081e00000, 0x0000000081e00000|100%|HC|  |TAMS 0x0000000081e00000, 0x0000000081d00000| Complete 
|  30|0x0000000081e00000, 0x0000000081f00000, 0x0000000081f00000|100%|HC|  |TAMS 0x0000000081f00000, 0x0000000081e00000| Complete 
|  31|0x0000000081f00000, 0x0000000082000000, 0x0000000082000000|100%|HC|  |TAMS 0x0000000082000000, 0x0000000081f00000| Complete 
|  32|0x0000000082000000, 0x0000000082100000, 0x0000000082100000|100%|HC|  |TAMS 0x0000000082100000, 0x0000000082000000| Complete 
|  33|0x0000000082100000, 0x0000000082200000, 0x0000000082200000|100%|HC|  |TAMS 0x0000000082200000, 0x0000000082100000| Complete 
|  34|0x0000000082200000, 0x0000000082300000, 0x0000000082300000|100%|HC|  |TAMS 0x0000000082300000, 0x0000000082200000| Complete 
|  35|0x0000000082300000, 0x0000000082400000, 0x0000000082400000|100%|HC|  |TAMS 0x0000000082400000, 0x0000000082300000| Complete 
|  36|0x0000000082400000, 0x0000000082500000, 0x0000000082500000|100%|HC|  |TAMS 0x0000000082500000, 0x0000000082400000| Complete 
|  37|0x0000000082500000, 0x0000000082600000, 0x0000000082600000|100%|HS|  |TAMS 0x0000000082600000, 0x0000000082500000| Complete 
|  38|0x0000000082600000, 0x0000000082700000, 0x0000000082700000|100%|HC|  |TAMS 0x0000000082700000, 0x0000000082600000| Complete 
|  39|0x0000000082700000, 0x0000000082800000, 0x0000000082800000|100%|HS|  |TAMS 0x0000000082800000, 0x0000000082700000| Complete 
|  40|0x0000000082800000, 0x0000000082900000, 0x0000000082900000|100%|HC|  |TAMS 0x0000000082900000, 0x0000000082800000| Complete 
|  41|0x0000000082900000, 0x0000000082a00000, 0x0000000082a00000|100%|HC|  |TAMS 0x0000000082a00000, 0x0000000082900000| Complete 
|  42|0x0000000082a00000, 0x0000000082b00000, 0x0000000082b00000|100%|HC|  |TAMS 0x0000000082b00000, 0x0000000082a00000| Complete 
|  43|0x0000000082b00000, 0x0000000082c00000, 0x0000000082c00000|100%|HC|  |TAMS 0x0000000082c00000, 0x0000000082b00000| Complete 
|  44|0x0000000082c00000, 0x0000000082d00000, 0x0000000082d00000|100%| O|  |TAMS 0x0000000082d00000, 0x0000000082c00000| Complete 
|  45|0x0000000082d00000, 0x0000000082e00000, 0x0000000082e00000|100%| O|  |TAMS 0x0000000082e00000, 0x0000000082d00000| Complete 
|  46|0x0000000082e00000, 0x0000000082f00000, 0x0000000082f00000|100%| O|  |TAMS 0x0000000082f00000, 0x0000000082e00000| Complete 
|  47|0x0000000082f00000, 0x0000000083000000, 0x0000000083000000|100%| O|  |TAMS 0x0000000083000000, 0x0000000082f00000| Complete 
|  48|0x0000000083000000, 0x0000000083100000, 0x0000000083100000|100%| O|  |TAMS 0x0000000083100000, 0x0000000083000000| Untracked 
|  49|0x0000000083100000, 0x0000000083200000, 0x0000000083200000|100%| O|  |TAMS 0x0000000083200000, 0x0000000083100000| Untracked 
|  50|0x0000000083200000, 0x0000000083300000, 0x0000000083300000|100%| O|  |TAMS 0x0000000083300000, 0x0000000083200000| Untracked 
|  51|0x0000000083300000, 0x0000000083400000, 0x0000000083400000|100%| O|  |TAMS 0x0000000083400000, 0x0000000083300000| Untracked 
|  52|0x0000000083400000, 0x0000000083500000, 0x0000000083500000|100%| O|  |TAMS 0x0000000083500000, 0x0000000083400000| Complete 
|  53|0x0000000083500000, 0x0000000083600000, 0x0000000083600000|100%|HS|  |TAMS 0x0000000083600000, 0x0000000083500000| Complete 
|  54|0x0000000083600000, 0x0000000083700000, 0x0000000083700000|100%|HC|  |TAMS 0x0000000083700000, 0x0000000083600000| Complete 
|  55|0x0000000083700000, 0x0000000083800000, 0x0000000083800000|100%|HC|  |TAMS 0x0000000083800000, 0x0000000083700000| Complete 
|  56|0x0000000083800000, 0x0000000083900000, 0x0000000083900000|100%| O|  |TAMS 0x0000000083900000, 0x0000000083800000| Complete 
|  57|0x0000000083900000, 0x0000000083a00000, 0x0000000083a00000|100%| O|  |TAMS 0x0000000083a00000, 0x0000000083900000| Complete 
|  58|0x0000000083a00000, 0x0000000083b00000, 0x0000000083b00000|100%| O|  |TAMS 0x0000000083b00000, 0x0000000083a00000| Complete 
|  59|0x0000000083b00000, 0x0000000083c00000, 0x0000000083c00000|100%| O|  |TAMS 0x0000000083c00000, 0x0000000083b00000| Complete 
|  60|0x0000000083c00000, 0x0000000083d00000, 0x0000000083d00000|100%| O|  |TAMS 0x0000000083d00000, 0x0000000083c00000| Untracked 
|  61|0x0000000083d00000, 0x0000000083e00000, 0x0000000083e00000|100%| O|  |TAMS 0x0000000083e00000, 0x0000000083d00000| Complete 
|  62|0x0000000083e00000, 0x0000000083f00000, 0x0000000083f00000|100%|HS|  |TAMS 0x0000000083f00000, 0x0000000083e00000| Complete 
|  63|0x0000000083f00000, 0x0000000084000000, 0x0000000084000000|100%|HC|  |TAMS 0x0000000084000000, 0x0000000083f00000| Complete 
|  64|0x0000000084000000, 0x0000000084100000, 0x0000000084100000|100%|HC|  |TAMS 0x0000000084100000, 0x0000000084000000| Complete 
|  65|0x0000000084100000, 0x0000000084200000, 0x0000000084200000|100%|HC|  |TAMS 0x0000000084200000, 0x0000000084100000| Complete 
|  66|0x0000000084200000, 0x0000000084300000, 0x0000000084300000|100%|HC|  |TAMS 0x0000000084300000, 0x0000000084200000| Complete 
|  67|0x0000000084300000, 0x0000000084400000, 0x0000000084400000|100%|HC|  |TAMS 0x0000000084400000, 0x0000000084300000| Complete 
|  68|0x0000000084400000, 0x0000000084500000, 0x0000000084500000|100%|HC|  |TAMS 0x0000000084500000, 0x0000000084400000| Complete 
|  69|0x0000000084500000, 0x0000000084600000, 0x0000000084600000|100%|HC|  |TAMS 0x0000000084600000, 0x0000000084500000| Complete 
|  70|0x0000000084600000, 0x0000000084700000, 0x0000000084700000|100%|HC|  |TAMS 0x0000000084700000, 0x0000000084600000| Complete 
|  71|0x0000000084700000, 0x0000000084800000, 0x0000000084800000|100%|HC|  |TAMS 0x0000000084800000, 0x0000000084700000| Complete 
|  72|0x0000000084800000, 0x0000000084900000, 0x0000000084900000|100%|HS|  |TAMS 0x0000000084900000, 0x0000000084800000| Complete 
|  73|0x0000000084900000, 0x0000000084a00000, 0x0000000084a00000|100%|HC|  |TAMS 0x0000000084a00000, 0x0000000084900000| Complete 
|  74|0x0000000084a00000, 0x0000000084b00000, 0x0000000084b00000|100%| O|  |TAMS 0x0000000084b00000, 0x0000000084a00000| Untracked 
|  75|0x0000000084b00000, 0x0000000084c00000, 0x0000000084c00000|100%|HS|  |TAMS 0x0000000084c00000, 0x0000000084b00000| Complete 
|  76|0x0000000084c00000, 0x0000000084d00000, 0x0000000084d00000|100%|HC|  |TAMS 0x0000000084d00000, 0x0000000084c00000| Complete 
|  77|0x0000000084d00000, 0x0000000084e00000, 0x0000000084e00000|100%|HC|  |TAMS 0x0000000084e00000, 0x0000000084d00000| Complete 
|  78|0x0000000084e00000, 0x0000000084f00000, 0x0000000084f00000|100%|HS|  |TAMS 0x0000000084f00000, 0x0000000084e00000| Complete 
|  79|0x0000000084f00000, 0x0000000085000000, 0x0000000085000000|100%|HC|  |TAMS 0x0000000085000000, 0x0000000084f00000| Complete 
|  80|0x0000000085000000, 0x0000000085100000, 0x0000000085100000|100%| O|  |TAMS 0x0000000085100000, 0x0000000085000000| Untracked 
|  81|0x0000000085100000, 0x0000000085200000, 0x0000000085200000|100%| O|  |TAMS 0x0000000085200000, 0x0000000085100000| Untracked 
|  82|0x0000000085200000, 0x0000000085300000, 0x0000000085300000|100%| O|  |TAMS 0x0000000085300000, 0x0000000085200000| Complete 
|  83|0x0000000085300000, 0x0000000085400000, 0x0000000085400000|100%| O|  |TAMS 0x0000000085400000, 0x0000000085300000| Complete 
|  84|0x0000000085400000, 0x0000000085500000, 0x0000000085500000|100%| O|  |TAMS 0x0000000085500000, 0x0000000085400000| Complete 
|  85|0x0000000085500000, 0x0000000085600000, 0x0000000085600000|100%|HS|  |TAMS 0x0000000085600000, 0x0000000085500000| Complete 
|  86|0x0000000085600000, 0x0000000085700000, 0x0000000085700000|100%|HC|  |TAMS 0x0000000085700000, 0x0000000085600000| Complete 
|  87|0x0000000085700000, 0x0000000085800000, 0x0000000085800000|100%|HC|  |TAMS 0x0000000085800000, 0x0000000085700000| Complete 
|  88|0x0000000085800000, 0x0000000085900000, 0x0000000085900000|100%|HC|  |TAMS 0x0000000085900000, 0x0000000085800000| Complete 
|  89|0x0000000085900000, 0x0000000085a00000, 0x0000000085a00000|100%|HC|  |TAMS 0x0000000085a00000, 0x0000000085900000| Complete 
|  90|0x0000000085a00000, 0x0000000085b00000, 0x0000000085b00000|100%| O|  |TAMS 0x0000000085b00000, 0x0000000085a00000| Complete 
|  91|0x0000000085b00000, 0x0000000085c00000, 0x0000000085c00000|100%| O|  |TAMS 0x0000000085c00000, 0x0000000085b00000| Complete 
|  92|0x0000000085c00000, 0x0000000085d00000, 0x0000000085d00000|100%| O|  |TAMS 0x0000000085d00000, 0x0000000085c00000| Complete 
|  93|0x0000000085d00000, 0x0000000085e00000, 0x0000000085e00000|100%|HS|  |TAMS 0x0000000085e00000, 0x0000000085d00000| Complete 
|  94|0x0000000085e00000, 0x0000000085f00000, 0x0000000085f00000|100%|HS|  |TAMS 0x0000000085f00000, 0x0000000085e00000| Complete 
|  95|0x0000000085f00000, 0x0000000086000000, 0x0000000086000000|100%| O|  |TAMS 0x0000000086000000, 0x0000000085f00000| Untracked 
|  96|0x0000000086000000, 0x0000000086100000, 0x0000000086100000|100%| O|  |TAMS 0x0000000086100000, 0x0000000086000000| Complete 
|  97|0x0000000086100000, 0x0000000086200000, 0x0000000086200000|100%| O|  |TAMS 0x0000000086200000, 0x0000000086100000| Complete 
|  98|0x0000000086200000, 0x0000000086300000, 0x0000000086300000|100%| O|  |TAMS 0x0000000086300000, 0x0000000086200000| Untracked 
|  99|0x0000000086300000, 0x0000000086400000, 0x0000000086400000|100%| O|  |TAMS 0x0000000086400000, 0x0000000086300000| Complete 
| 100|0x0000000086400000, 0x0000000086500000, 0x0000000086500000|100%| O|  |TAMS 0x0000000086500000, 0x0000000086400000| Untracked 
| 101|0x0000000086500000, 0x0000000086600000, 0x0000000086600000|100%| O|  |TAMS 0x0000000086600000, 0x0000000086500000| Untracked 
| 102|0x0000000086600000, 0x0000000086700000, 0x0000000086700000|100%| O|  |TAMS 0x0000000086700000, 0x0000000086600000| Untracked 
| 103|0x0000000086700000, 0x0000000086800000, 0x0000000086800000|100%| O|  |TAMS 0x0000000086800000, 0x0000000086700000| Complete 
| 104|0x0000000086800000, 0x0000000086900000, 0x0000000086900000|100%| O|  |TAMS 0x0000000086900000, 0x0000000086800000| Untracked 
| 105|0x0000000086900000, 0x0000000086a00000, 0x0000000086a00000|100%| O|  |TAMS 0x0000000086a00000, 0x0000000086900000| Untracked 
| 106|0x0000000086a00000, 0x0000000086b00000, 0x0000000086b00000|100%| O|  |TAMS 0x0000000086b00000, 0x0000000086a00000| Untracked 
| 107|0x0000000086b00000, 0x0000000086c00000, 0x0000000086c00000|100%| O|  |TAMS 0x0000000086c00000, 0x0000000086b00000| Untracked 
| 108|0x0000000086c00000, 0x0000000086d00000, 0x0000000086d00000|100%| O|  |TAMS 0x0000000086d00000, 0x0000000086c00000| Untracked 
| 109|0x0000000086d00000, 0x0000000086e00000, 0x0000000086e00000|100%| O|  |TAMS 0x0000000086e00000, 0x0000000086d00000| Complete 
| 110|0x0000000086e00000, 0x0000000086f00000, 0x0000000086f00000|100%| O|  |TAMS 0x0000000086f00000, 0x0000000086e00000| Untracked 
| 111|0x0000000086f00000, 0x0000000087000000, 0x0000000087000000|100%| O|  |TAMS 0x0000000087000000, 0x0000000086f00000| Untracked 
| 112|0x0000000087000000, 0x0000000087100000, 0x0000000087100000|100%| O|  |TAMS 0x0000000087100000, 0x0000000087000000| Untracked 
| 113|0x0000000087100000, 0x0000000087200000, 0x0000000087200000|100%| O|  |TAMS 0x0000000087200000, 0x0000000087100000| Untracked 
| 114|0x0000000087200000, 0x0000000087300000, 0x0000000087300000|100%| O|  |TAMS 0x0000000087300000, 0x0000000087200000| Complete 
| 115|0x0000000087300000, 0x0000000087400000, 0x0000000087400000|100%|HS|  |TAMS 0x0000000087400000, 0x0000000087300000| Complete 
| 116|0x0000000087400000, 0x0000000087500000, 0x0000000087500000|100%|HC|  |TAMS 0x0000000087500000, 0x0000000087400000| Complete 
| 117|0x0000000087500000, 0x0000000087600000, 0x0000000087600000|100%|HS|  |TAMS 0x0000000087600000, 0x0000000087500000| Complete 
| 118|0x0000000087600000, 0x0000000087700000, 0x0000000087700000|100%|HC|  |TAMS 0x0000000087700000, 0x0000000087600000| Complete 
| 119|0x0000000087700000, 0x0000000087800000, 0x0000000087800000|100%|HC|  |TAMS 0x0000000087800000, 0x0000000087700000| Complete 
| 120|0x0000000087800000, 0x0000000087900000, 0x0000000087900000|100%|HS|  |TAMS 0x0000000087900000, 0x0000000087800000| Complete 
| 121|0x0000000087900000, 0x0000000087a00000, 0x0000000087a00000|100%|HC|  |TAMS 0x0000000087a00000, 0x0000000087900000| Complete 
| 122|0x0000000087a00000, 0x0000000087b00000, 0x0000000087b00000|100%|HC|  |TAMS 0x0000000087b00000, 0x0000000087a00000| Complete 
| 123|0x0000000087b00000, 0x0000000087c00000, 0x0000000087c00000|100%|HS|  |TAMS 0x0000000087c00000, 0x0000000087b00000| Complete 
| 124|0x0000000087c00000, 0x0000000087d00000, 0x0000000087d00000|100%|HC|  |TAMS 0x0000000087d00000, 0x0000000087c00000| Complete 
| 125|0x0000000087d00000, 0x0000000087e00000, 0x0000000087e00000|100%|HS|  |TAMS 0x0000000087e00000, 0x0000000087d00000| Complete 
| 126|0x0000000087e00000, 0x0000000087f00000, 0x0000000087f00000|100%|HC|  |TAMS 0x0000000087f00000, 0x0000000087e00000| Complete 
| 127|0x0000000087f00000, 0x0000000088000000, 0x0000000088000000|100%|HC|  |TAMS 0x0000000088000000, 0x0000000087f00000| Complete 
| 128|0x0000000088000000, 0x0000000088100000, 0x0000000088100000|100%|HC|  |TAMS 0x0000000088100000, 0x0000000088000000| Complete 
| 129|0x0000000088100000, 0x0000000088200000, 0x0000000088200000|100%|HC|  |TAMS 0x0000000088200000, 0x0000000088100000| Complete 
| 130|0x0000000088200000, 0x0000000088300000, 0x0000000088300000|100%|HC|  |TAMS 0x0000000088300000, 0x0000000088200000| Complete 
| 131|0x0000000088300000, 0x0000000088400000, 0x0000000088400000|100%|HC|  |TAMS 0x0000000088400000, 0x0000000088300000| Complete 
| 132|0x0000000088400000, 0x0000000088500000, 0x0000000088500000|100%|HC|  |TAMS 0x0000000088500000, 0x0000000088400000| Complete 
| 133|0x0000000088500000, 0x0000000088600000, 0x0000000088600000|100%|HC|  |TAMS 0x0000000088600000, 0x0000000088500000| Complete 
| 134|0x0000000088600000, 0x0000000088700000, 0x0000000088700000|100%|HC|  |TAMS 0x0000000088700000, 0x0000000088600000| Complete 
| 135|0x0000000088700000, 0x0000000088800000, 0x0000000088800000|100%|HS|  |TAMS 0x0000000088800000, 0x0000000088700000| Complete 
| 136|0x0000000088800000, 0x0000000088900000, 0x0000000088900000|100%|HC|  |TAMS 0x0000000088900000, 0x0000000088800000| Complete 
| 137|0x0000000088900000, 0x0000000088a00000, 0x0000000088a00000|100%|HS|  |TAMS 0x0000000088a00000, 0x0000000088900000| Complete 
| 138|0x0000000088a00000, 0x0000000088b00000, 0x0000000088b00000|100%|HC|  |TAMS 0x0000000088b00000, 0x0000000088a00000| Complete 
| 139|0x0000000088b00000, 0x0000000088c00000, 0x0000000088c00000|100%|HC|  |TAMS 0x0000000088c00000, 0x0000000088b00000| Complete 
| 140|0x0000000088c00000, 0x0000000088d00000, 0x0000000088d00000|100%|HC|  |TAMS 0x0000000088d00000, 0x0000000088c00000| Complete 
| 141|0x0000000088d00000, 0x0000000088e00000, 0x0000000088e00000|100%|HC|  |TAMS 0x0000000088e00000, 0x0000000088d00000| Complete 
| 142|0x0000000088e00000, 0x0000000088f00000, 0x0000000088f00000|100%| O|  |TAMS 0x0000000088f00000, 0x0000000088e00000| Untracked 
| 143|0x0000000088f00000, 0x0000000089000000, 0x0000000089000000|100%| O|  |TAMS 0x0000000089000000, 0x0000000088f00000| Complete 
| 144|0x0000000089000000, 0x0000000089100000, 0x0000000089100000|100%| O|  |TAMS 0x0000000089100000, 0x0000000089000000| Untracked 
| 145|0x0000000089100000, 0x0000000089200000, 0x0000000089200000|100%| O|  |TAMS 0x0000000089200000, 0x0000000089100000| Untracked 
| 146|0x0000000089200000, 0x0000000089300000, 0x0000000089300000|100%| O|  |TAMS 0x0000000089300000, 0x0000000089200000| Complete 
| 147|0x0000000089300000, 0x0000000089400000, 0x0000000089400000|100%| O|  |TAMS 0x0000000089400000, 0x0000000089300000| Untracked 
| 148|0x0000000089400000, 0x0000000089500000, 0x0000000089500000|100%| O|  |TAMS 0x0000000089500000, 0x0000000089400000| Complete 
| 149|0x0000000089500000, 0x0000000089600000, 0x0000000089600000|100%| O|  |TAMS 0x0000000089600000, 0x0000000089500000| Untracked 
| 150|0x0000000089600000, 0x0000000089700000, 0x0000000089700000|100%| O|  |TAMS 0x0000000089700000, 0x0000000089600000| Complete 
| 151|0x0000000089700000, 0x0000000089800000, 0x0000000089800000|100%| O|  |TAMS 0x0000000089800000, 0x0000000089700000| Untracked 
| 152|0x0000000089800000, 0x0000000089900000, 0x0000000089900000|100%| O|  |TAMS 0x0000000089900000, 0x0000000089800000| Untracked 
| 153|0x0000000089900000, 0x0000000089a00000, 0x0000000089a00000|100%| O|  |TAMS 0x0000000089a00000, 0x0000000089900000| Untracked 
| 154|0x0000000089a00000, 0x0000000089b00000, 0x0000000089b00000|100%| O|  |TAMS 0x0000000089b00000, 0x0000000089a00000| Untracked 
| 155|0x0000000089b00000, 0x0000000089c00000, 0x0000000089c00000|100%| O|  |TAMS 0x0000000089c00000, 0x0000000089b00000| Complete 
| 156|0x0000000089c00000, 0x0000000089d00000, 0x0000000089d00000|100%| O|  |TAMS 0x0000000089d00000, 0x0000000089c00000| Untracked 
| 157|0x0000000089d00000, 0x0000000089e00000, 0x0000000089e00000|100%| O|  |TAMS 0x0000000089e00000, 0x0000000089d00000| Untracked 
| 158|0x0000000089e00000, 0x0000000089f00000, 0x0000000089f00000|100%| O|  |TAMS 0x0000000089f00000, 0x0000000089e00000| Untracked 
| 159|0x0000000089f00000, 0x000000008a000000, 0x000000008a000000|100%| O|  |TAMS 0x000000008a000000, 0x0000000089f00000| Complete 
| 160|0x000000008a000000, 0x000000008a100000, 0x000000008a100000|100%| O|  |TAMS 0x000000008a100000, 0x000000008a000000| Untracked 
| 161|0x000000008a100000, 0x000000008a200000, 0x000000008a200000|100%| O|  |TAMS 0x000000008a200000, 0x000000008a100000| Untracked 
| 162|0x000000008a200000, 0x000000008a300000, 0x000000008a300000|100%| O|  |TAMS 0x000000008a300000, 0x000000008a200000| Complete 
| 163|0x000000008a300000, 0x000000008a400000, 0x000000008a400000|100%| O|  |TAMS 0x000000008a400000, 0x000000008a300000| Untracked 
| 164|0x000000008a400000, 0x000000008a500000, 0x000000008a500000|100%| O|  |TAMS 0x000000008a500000, 0x000000008a400000| Untracked 
| 165|0x000000008a500000, 0x000000008a600000, 0x000000008a600000|100%| O|  |TAMS 0x000000008a600000, 0x000000008a500000| Untracked 
| 166|0x000000008a600000, 0x000000008a700000, 0x000000008a700000|100%| O|  |TAMS 0x000000008a700000, 0x000000008a600000| Complete 
| 167|0x000000008a700000, 0x000000008a800000, 0x000000008a800000|100%| O|  |TAMS 0x000000008a800000, 0x000000008a700000| Untracked 
| 168|0x000000008a800000, 0x000000008a900000, 0x000000008a900000|100%| O|  |TAMS 0x000000008a900000, 0x000000008a800000| Untracked 
| 169|0x000000008a900000, 0x000000008aa00000, 0x000000008aa00000|100%| O|  |TAMS 0x000000008aa00000, 0x000000008a900000| Complete 
| 170|0x000000008aa00000, 0x000000008ab00000, 0x000000008ab00000|100%| O|  |TAMS 0x000000008ab00000, 0x000000008aa00000| Complete 
| 171|0x000000008ab00000, 0x000000008ac00000, 0x000000008ac00000|100%| O|  |TAMS 0x000000008ac00000, 0x000000008ab00000| Untracked 
| 172|0x000000008ac00000, 0x000000008ad00000, 0x000000008ad00000|100%| O|  |TAMS 0x000000008ad00000, 0x000000008ac00000| Complete 
| 173|0x000000008ad00000, 0x000000008ae00000, 0x000000008ae00000|100%| O|  |TAMS 0x000000008ae00000, 0x000000008ad00000| Untracked 
| 174|0x000000008ae00000, 0x000000008af00000, 0x000000008af00000|100%| O|  |TAMS 0x000000008af00000, 0x000000008ae00000| Complete 
| 175|0x000000008af00000, 0x000000008b000000, 0x000000008b000000|100%| O|  |TAMS 0x000000008b000000, 0x000000008af00000| Untracked 
| 176|0x000000008b000000, 0x000000008b100000, 0x000000008b100000|100%| O|  |TAMS 0x000000008b100000, 0x000000008b000000| Untracked 
| 177|0x000000008b100000, 0x000000008b200000, 0x000000008b200000|100%| O|  |TAMS 0x000000008b200000, 0x000000008b100000| Complete 
| 178|0x000000008b200000, 0x000000008b300000, 0x000000008b300000|100%| O|  |TAMS 0x000000008b300000, 0x000000008b200000| Untracked 
| 179|0x000000008b300000, 0x000000008b400000, 0x000000008b400000|100%| O|  |TAMS 0x000000008b400000, 0x000000008b300000| Untracked 
| 180|0x000000008b400000, 0x000000008b500000, 0x000000008b500000|100%| O|  |TAMS 0x000000008b500000, 0x000000008b400000| Untracked 
| 181|0x000000008b500000, 0x000000008b600000, 0x000000008b600000|100%| O|  |TAMS 0x000000008b600000, 0x000000008b500000| Untracked 
| 182|0x000000008b600000, 0x000000008b700000, 0x000000008b700000|100%| O|  |TAMS 0x000000008b700000, 0x000000008b600000| Untracked 
| 183|0x000000008b700000, 0x000000008b800000, 0x000000008b800000|100%| O|  |TAMS 0x000000008b800000, 0x000000008b700000| Untracked 
| 184|0x000000008b800000, 0x000000008b900000, 0x000000008b900000|100%| O|  |TAMS 0x000000008b900000, 0x000000008b800000| Complete 
| 185|0x000000008b900000, 0x000000008ba00000, 0x000000008ba00000|100%| O|  |TAMS 0x000000008ba00000, 0x000000008b900000| Complete 
| 186|0x000000008ba00000, 0x000000008bb00000, 0x000000008bb00000|100%| O|  |TAMS 0x000000008bb00000, 0x000000008ba00000| Untracked 
| 187|0x000000008bb00000, 0x000000008bc00000, 0x000000008bc00000|100%| O|  |TAMS 0x000000008bc00000, 0x000000008bb00000| Complete 
| 188|0x000000008bc00000, 0x000000008bd00000, 0x000000008bd00000|100%| O|  |TAMS 0x000000008bd00000, 0x000000008bc00000| Complete 
| 189|0x000000008bd00000, 0x000000008be00000, 0x000000008be00000|100%| O|  |TAMS 0x000000008be00000, 0x000000008bd00000| Untracked 
| 190|0x000000008be00000, 0x000000008bf00000, 0x000000008bf00000|100%| O|  |TAMS 0x000000008bf00000, 0x000000008be00000| Untracked 
| 191|0x000000008bf00000, 0x000000008c000000, 0x000000008c000000|100%| O|  |TAMS 0x000000008c000000, 0x000000008bf00000| Untracked 
| 192|0x000000008c000000, 0x000000008c100000, 0x000000008c100000|100%| O|  |TAMS 0x000000008c100000, 0x000000008c000000| Untracked 
| 193|0x000000008c100000, 0x000000008c200000, 0x000000008c200000|100%| O|  |TAMS 0x000000008c200000, 0x000000008c100000| Untracked 
| 194|0x000000008c200000, 0x000000008c300000, 0x000000008c300000|100%| O|  |TAMS 0x000000008c300000, 0x000000008c200000| Untracked 
| 195|0x000000008c300000, 0x000000008c400000, 0x000000008c400000|100%| O|  |TAMS 0x000000008c400000, 0x000000008c300000| Untracked 
| 196|0x000000008c400000, 0x000000008c500000, 0x000000008c500000|100%| O|  |TAMS 0x000000008c500000, 0x000000008c400000| Untracked 
| 197|0x000000008c500000, 0x000000008c600000, 0x000000008c600000|100%| O|  |TAMS 0x000000008c600000, 0x000000008c500000| Complete 
| 198|0x000000008c600000, 0x000000008c700000, 0x000000008c700000|100%| O|  |TAMS 0x000000008c700000, 0x000000008c600000| Untracked 
| 199|0x000000008c700000, 0x000000008c800000, 0x000000008c800000|100%| O|  |TAMS 0x000000008c800000, 0x000000008c700000| Complete 
| 200|0x000000008c800000, 0x000000008c900000, 0x000000008c900000|100%| O|  |TAMS 0x000000008c900000, 0x000000008c800000| Untracked 
| 201|0x000000008c900000, 0x000000008ca00000, 0x000000008ca00000|100%| O|  |TAMS 0x000000008ca00000, 0x000000008c900000| Untracked 
| 202|0x000000008ca00000, 0x000000008cb00000, 0x000000008cb00000|100%| O|  |TAMS 0x000000008cb00000, 0x000000008ca00000| Complete 
| 203|0x000000008cb00000, 0x000000008cc00000, 0x000000008cc00000|100%| O|  |TAMS 0x000000008cc00000, 0x000000008cb00000| Untracked 
| 204|0x000000008cc00000, 0x000000008cd00000, 0x000000008cd00000|100%| O|  |TAMS 0x000000008cd00000, 0x000000008cc00000| Untracked 
| 205|0x000000008cd00000, 0x000000008ce00000, 0x000000008ce00000|100%| O|  |TAMS 0x000000008ce00000, 0x000000008cd00000| Complete 
| 206|0x000000008ce00000, 0x000000008cf00000, 0x000000008cf00000|100%| O|  |TAMS 0x000000008cf00000, 0x000000008ce00000| Complete 
| 207|0x000000008cf00000, 0x000000008d000000, 0x000000008d000000|100%| O|  |TAMS 0x000000008cf2a600, 0x000000008cf00000| Untracked 
| 208|0x000000008d000000, 0x000000008d100000, 0x000000008d100000|100%|HS|  |TAMS 0x000000008d000000, 0x000000008d000000| Complete 
| 209|0x000000008d100000, 0x000000008d200000, 0x000000008d200000|100%| O|  |TAMS 0x000000008d200000, 0x000000008d100000| Complete 
| 210|0x000000008d200000, 0x000000008d300000, 0x000000008d300000|100%| O|  |TAMS 0x000000008d300000, 0x000000008d200000| Complete 
| 211|0x000000008d300000, 0x000000008d400000, 0x000000008d400000|100%| O|  |TAMS 0x000000008d400000, 0x000000008d300000| Complete 
| 212|0x000000008d400000, 0x000000008d500000, 0x000000008d500000|100%|HS|  |TAMS 0x000000008d400000, 0x000000008d400000| Complete 
| 213|0x000000008d500000, 0x000000008d600000, 0x000000008d600000|100%| O|  |TAMS 0x000000008d500000, 0x000000008d500000| Untracked 
| 214|0x000000008d600000, 0x000000008d700000, 0x000000008d700000|100%| O|  |TAMS 0x000000008d600000, 0x000000008d600000| Untracked 
| 215|0x000000008d700000, 0x000000008d800000, 0x000000008d800000|100%| O|  |TAMS 0x000000008d700000, 0x000000008d700000| Untracked 
| 216|0x000000008d800000, 0x000000008d900000, 0x000000008d900000|100%| O|  |TAMS 0x000000008d800000, 0x000000008d800000| Untracked 
| 217|0x000000008d900000, 0x000000008da00000, 0x000000008da00000|100%| O|  |TAMS 0x000000008d900000, 0x000000008d900000| Untracked 
| 218|0x000000008da00000, 0x000000008db00000, 0x000000008db00000|100%| O|  |TAMS 0x000000008da00000, 0x000000008da00000| Untracked 
| 219|0x000000008db00000, 0x000000008dbcfc00, 0x000000008dc00000| 81%| O|  |TAMS 0x000000008db00000, 0x000000008db00000| Untracked 
| 220|0x000000008dc00000, 0x000000008dc00000, 0x000000008dd00000|  0%| F|  |TAMS 0x000000008dc00000, 0x000000008dc00000| Untracked 
| 221|0x000000008dd00000, 0x000000008dd00000, 0x000000008de00000|  0%| F|  |TAMS 0x000000008dd00000, 0x000000008dd00000| Untracked 
| 222|0x000000008de00000, 0x000000008de00000, 0x000000008df00000|  0%| F|  |TAMS 0x000000008de00000, 0x000000008de00000| Untracked 
| 223|0x000000008df00000, 0x000000008df00000, 0x000000008e000000|  0%| F|  |TAMS 0x000000008df00000, 0x000000008df00000| Untracked 
| 224|0x000000008e000000, 0x000000008e000000, 0x000000008e100000|  0%| F|  |TAMS 0x000000008e000000, 0x000000008e000000| Untracked 
| 225|0x000000008e100000, 0x000000008e100000, 0x000000008e200000|  0%| F|  |TAMS 0x000000008e100000, 0x000000008e100000| Untracked 
| 226|0x000000008e200000, 0x000000008e200000, 0x000000008e300000|  0%| F|  |TAMS 0x000000008e200000, 0x000000008e200000| Untracked 
| 227|0x000000008e300000, 0x000000008e300000, 0x000000008e400000|  0%| F|  |TAMS 0x000000008e300000, 0x000000008e300000| Untracked 
| 228|0x000000008e400000, 0x000000008e400000, 0x000000008e500000|  0%| F|  |TAMS 0x000000008e400000, 0x000000008e400000| Untracked 
| 229|0x000000008e500000, 0x000000008e500000, 0x000000008e600000|  0%| F|  |TAMS 0x000000008e500000, 0x000000008e500000| Untracked 
| 230|0x000000008e600000, 0x000000008e600000, 0x000000008e700000|  0%| F|  |TAMS 0x000000008e600000, 0x000000008e600000| Untracked 
| 231|0x000000008e700000, 0x000000008e700000, 0x000000008e800000|  0%| F|  |TAMS 0x000000008e700000, 0x000000008e700000| Untracked 
| 232|0x000000008e800000, 0x000000008e800000, 0x000000008e900000|  0%| F|  |TAMS 0x000000008e800000, 0x000000008e800000| Untracked 
| 233|0x000000008e900000, 0x000000008e900000, 0x000000008ea00000|  0%| F|  |TAMS 0x000000008e900000, 0x000000008e900000| Untracked 
| 234|0x000000008ea00000, 0x000000008ea00000, 0x000000008eb00000|  0%| F|  |TAMS 0x000000008ea00000, 0x000000008ea00000| Untracked 
| 235|0x000000008eb00000, 0x000000008eb00000, 0x000000008ec00000|  0%| F|  |TAMS 0x000000008eb00000, 0x000000008eb00000| Untracked 
| 236|0x000000008ec00000, 0x000000008ec00000, 0x000000008ed00000|  0%| F|  |TAMS 0x000000008ec00000, 0x000000008ec00000| Untracked 
| 237|0x000000008ed00000, 0x000000008ed00000, 0x000000008ee00000|  0%| F|  |TAMS 0x000000008ed00000, 0x000000008ed00000| Untracked 
| 238|0x000000008ee00000, 0x000000008ee00000, 0x000000008ef00000|  0%| F|  |TAMS 0x000000008ee00000, 0x000000008ee00000| Untracked 
| 239|0x000000008ef00000, 0x000000008ef00000, 0x000000008f000000|  0%| F|  |TAMS 0x000000008ef00000, 0x000000008ef00000| Untracked 
| 240|0x000000008f000000, 0x000000008f000000, 0x000000008f100000|  0%| F|  |TAMS 0x000000008f000000, 0x000000008f000000| Untracked 
| 241|0x000000008f100000, 0x000000008f100000, 0x000000008f200000|  0%| F|  |TAMS 0x000000008f100000, 0x000000008f100000| Untracked 
| 242|0x000000008f200000, 0x000000008f200000, 0x000000008f300000|  0%| F|  |TAMS 0x000000008f200000, 0x000000008f200000| Untracked 
| 243|0x000000008f300000, 0x000000008f300000, 0x000000008f400000|  0%| F|  |TAMS 0x000000008f300000, 0x000000008f300000| Untracked 
| 244|0x000000008f400000, 0x000000008f400000, 0x000000008f500000|  0%| F|  |TAMS 0x000000008f400000, 0x000000008f400000| Untracked 
| 245|0x000000008f500000, 0x000000008f500000, 0x000000008f600000|  0%| F|  |TAMS 0x000000008f500000, 0x000000008f500000| Untracked 
| 246|0x000000008f600000, 0x000000008f600000, 0x000000008f700000|  0%| F|  |TAMS 0x000000008f600000, 0x000000008f600000| Untracked 
| 247|0x000000008f700000, 0x000000008f700000, 0x000000008f800000|  0%| F|  |TAMS 0x000000008f700000, 0x000000008f700000| Untracked 
| 248|0x000000008f800000, 0x000000008f800000, 0x000000008f900000|  0%| F|  |TAMS 0x000000008f800000, 0x000000008f800000| Untracked 
| 249|0x000000008f900000, 0x000000008fa00000, 0x000000008fa00000|100%| S|CS|TAMS 0x000000008f900000, 0x000000008f900000| Complete 
| 250|0x000000008fa00000, 0x000000008fb00000, 0x000000008fb00000|100%| S|CS|TAMS 0x000000008fa00000, 0x000000008fa00000| Complete 
| 251|0x000000008fb00000, 0x000000008fb00000, 0x000000008fc00000|  0%| F|  |TAMS 0x000000008fb00000, 0x000000008fb00000| Untracked 
| 252|0x000000008fc00000, 0x000000008fc00000, 0x000000008fd00000|  0%| F|  |TAMS 0x000000008fc00000, 0x000000008fc00000| Untracked 
| 253|0x000000008fd00000, 0x000000008fd00000, 0x000000008fe00000|  0%| F|  |TAMS 0x000000008fd00000, 0x000000008fd00000| Untracked 
| 254|0x000000008fe00000, 0x000000008fe00000, 0x000000008ff00000|  0%| F|  |TAMS 0x000000008fe00000, 0x000000008fe00000| Untracked 
| 255|0x000000008ff00000, 0x000000008ff00000, 0x0000000090000000|  0%| F|  |TAMS 0x000000008ff00000, 0x000000008ff00000| Untracked 
| 256|0x0000000090000000, 0x0000000090000000, 0x0000000090100000|  0%| F|  |TAMS 0x0000000090000000, 0x0000000090000000| Untracked 
| 257|0x0000000090100000, 0x0000000090100000, 0x0000000090200000|  0%| F|  |TAMS 0x0000000090100000, 0x0000000090100000| Untracked 
| 258|0x0000000090200000, 0x0000000090200000, 0x0000000090300000|  0%| F|  |TAMS 0x0000000090200000, 0x0000000090200000| Untracked 
| 259|0x0000000090300000, 0x0000000090300000, 0x0000000090400000|  0%| F|  |TAMS 0x0000000090300000, 0x0000000090300000| Untracked 
| 260|0x0000000090400000, 0x0000000090400000, 0x0000000090500000|  0%| F|  |TAMS 0x0000000090400000, 0x0000000090400000| Untracked 
| 261|0x0000000090500000, 0x0000000090500000, 0x0000000090600000|  0%| F|  |TAMS 0x0000000090500000, 0x0000000090500000| Untracked 
| 262|0x0000000090600000, 0x0000000090600000, 0x0000000090700000|  0%| F|  |TAMS 0x0000000090600000, 0x0000000090600000| Untracked 
| 263|0x0000000090700000, 0x0000000090700000, 0x0000000090800000|  0%| F|  |TAMS 0x0000000090700000, 0x0000000090700000| Untracked 

Card table byte_map: [0x000001654ab20000,0x000001654af20000] _byte_map_base: 0x000001654a720000

Marking Bits (Prev, Next): (CMBitMap*) 0x00000165378fbdb8, (CMBitMap*) 0x00000165378fbdf0
 Prev Bits: [0x000001654b320000, 0x000001654d320000)
 Next Bits: [0x000001654d320000, 0x000001654f320000)

Polling page: 0x00000165357a0000

Metaspace:

Usage:
  Non-class:    102.22 MB capacity,   100.21 MB ( 98%) used,     1.65 MB (  2%) free+waste,   367.00 KB ( <1%) overhead. 
      Class:     15.66 MB capacity,    14.45 MB ( 92%) used,     1.06 MB (  7%) free+waste,   161.44 KB (  1%) overhead. 
       Both:    117.88 MB capacity,   114.66 MB ( 97%) used,     2.71 MB (  2%) free+waste,   528.44 KB ( <1%) overhead. 

Virtual space:
  Non-class space:      104.00 MB reserved,     102.33 MB ( 98%) committed 
      Class space:        1.00 GB reserved,      15.75 MB (  2%) committed 
             Both:        1.10 GB reserved,     118.08 MB ( 10%) committed 

Chunk freelists:
   Non-Class:  46.00 KB
       Class:  27.00 KB
        Both:  73.00 KB

MaxMetaspaceSize: 17179869184.00 GB
CompressedClassSpaceSize: 1.00 GB
Initial GC threshold: 20.80 MB
Current GC threshold: 196.80 MB
CDS: off

CodeHeap 'non-profiled nmethods': size=120000Kb used=10455Kb max_used=10455Kb free=109544Kb
 bounds [0x0000016542eb0000, 0x00000165438f0000, 0x000001654a3e0000]
CodeHeap 'profiled nmethods': size=120000Kb used=36325Kb max_used=36325Kb free=83674Kb
 bounds [0x000001653b980000, 0x000001653dd00000, 0x0000016542eb0000]
CodeHeap 'non-nmethods': size=5760Kb used=2463Kb max_used=2522Kb free=3296Kb
 bounds [0x000001653b3e0000, 0x000001653b670000, 0x000001653b980000]
 total_blobs=17446 nmethods=16445 adapters=913
 compilation: enabled
              stopped_count=0, restarted_count=0
 full_count=0

Compilation events (20 events):
Event: 2580.570 Thread 0x0000016552659000 16712       4       kotlin.io.LinesSequence$iterator$1::next (5 bytes)
Event: 2580.573 Thread 0x0000016552659000 nmethod 16712 0x00000165438e1590 code [0x00000165438e1740, 0x00000165438e1968]
Event: 2580.573 Thread 0x0000016552659000 16713       4       kotlin.io.FilesKt__FileReadWriteKt$readLines$1::invoke (12 bytes)
Event: 2580.589 Thread 0x0000016552659000 nmethod 16713 0x00000165438e1b10 code [0x00000165438e1cc0, 0x00000165438e2278]
Event: 2580.589 Thread 0x0000016552659000 16710       4       com.android.tools.build.apkzlib.zip.StoredEntry::<init> (364 bytes)
Event: 2580.665 Thread 0x000001655265e800 16718       3       org.gradle.internal.serialize.kryo.KryoBackedEncoder::writeString (23 bytes)
Event: 2580.665 Thread 0x000001655265e800 nmethod 16718 0x000001653dcf5f10 code [0x000001653dcf60e0, 0x000001653dcf6318]
Event: 2580.668 Thread 0x000001655265e800 16720       3       org.gradle.execution.plan.LocalTaskNode::getNodeFailure (13 bytes)
Event: 2580.668 Thread 0x000001655265e800 nmethod 16720 0x000001653dcf6410 code [0x000001653dcf65e0, 0x000001653dcf67c8]
Event: 2580.669 Thread 0x000001655265e800 16721       3       org.gradle.execution.plan.Node::shouldContinueExecution (28 bytes)
Event: 2580.669 Thread 0x000001655265e800 nmethod 16721 0x000001653dcf6890 code [0x000001653dcf6ac0, 0x000001653dcf7668]
Event: 2580.669 Thread 0x000001655265e800 16724       3       org.gradle.internal.logging.sink.OutputEventRenderer$LazyListener::onOutput (95 bytes)
Event: 2580.669 Thread 0x000001655265e800 nmethod 16724 0x000001653dcf7890 code [0x000001653dcf7ac0, 0x000001653dcf8548]
Event: 2580.670 Thread 0x000001655265e800 16723   !   3       org.gradle.internal.resources.DefaultResourceLockCoordinationService::notifyStateChange (25 bytes)
Event: 2580.670 Thread 0x000001655265e800 nmethod 16723 0x000001653dcf8710 code [0x000001653dcf88e0, 0x000001653dcf8bc8]
Event: 2580.670 Thread 0x000001655265e800 16722       3       org.gradle.execution.plan.Node::isSuccessful (30 bytes)
Event: 2580.670 Thread 0x000001655265e800 nmethod 16722 0x000001653dcf8d10 code [0x000001653dcf8ee0, 0x000001653dcf9388]
Event: 2580.677 Thread 0x0000016552659000 nmethod 16710 0x00000165438e2590 code [0x00000165438e2920, 0x00000165438e4b00]
Event: 2580.677 Thread 0x0000016552659000 16719       4       com.esotericsoftware.kryo.io.Output::writeString (125 bytes)
Event: 2580.689 Thread 0x000001655265e800 16726       3       org.gradle.api.internal.attributes.DefaultImmutableAttributes::uncachedCoerce (147 bytes)

GC Heap History (20 events):
Event: 2578.748 GC heap after
{Heap after GC invocations=106 (full 0):
 garbage-first heap   total 270336K, used 207998K [0x0000000080000000, 0x0000000100000000)
  region size 1024K, 2 young (2048K), 2 survivors (2048K)
 Metaspace       used 116352K, capacity 119575K, committed 119760K, reserved 1153024K
  class space    used 14666K, capacity 15877K, committed 16000K, reserved 1048576K
}
Event: 2579.454 GC heap before
{Heap before GC invocations=106 (full 0):
 garbage-first heap   total 270336K, used 227454K [0x0000000080000000, 0x0000000100000000)
  region size 1024K, 22 young (22528K), 2 survivors (2048K)
 Metaspace       used 116710K, capacity 119959K, committed 120016K, reserved 1153024K
  class space    used 14720K, capacity 15959K, committed 16000K, reserved 1048576K
}
Event: 2579.466 GC heap after
{Heap after GC invocations=107 (full 0):
 garbage-first heap   total 270336K, used 209799K [0x0000000080000000, 0x0000000100000000)
  region size 1024K, 3 young (3072K), 3 survivors (3072K)
 Metaspace       used 116710K, capacity 119959K, committed 120016K, reserved 1153024K
  class space    used 14720K, capacity 15959K, committed 16000K, reserved 1048576K
}
Event: 2579.894 GC heap before
{Heap before GC invocations=108 (full 0):
 garbage-first heap   total 270336K, used 228231K [0x0000000080000000, 0x0000000100000000)
  region size 1024K, 24 young (24576K), 3 survivors (3072K)
 Metaspace       used 117362K, capacity 120643K, committed 120912K, reserved 1155072K
  class space    used 14792K, capacity 16036K, committed 16128K, reserved 1048576K
}
Event: 2579.902 GC heap after
{Heap after GC invocations=109 (full 0):
 garbage-first heap   total 270336K, used 210547K [0x0000000080000000, 0x0000000100000000)
  region size 1024K, 3 young (3072K), 3 survivors (3072K)
 Metaspace       used 117362K, capacity 120643K, committed 120912K, reserved 1155072K
  class space    used 14792K, capacity 16036K, committed 16128K, reserved 1048576K
}
Event: 2579.942 GC heap before
{Heap before GC invocations=109 (full 0):
 garbage-first heap   total 270336K, used 219763K [0x0000000080000000, 0x0000000100000000)
  region size 1024K, 13 young (13312K), 3 survivors (3072K)
 Metaspace       used 117373K, capacity 120707K, committed 120912K, reserved 1155072K
  class space    used 14792K, capacity 16036K, committed 16128K, reserved 1048576K
}
Event: 2579.948 GC heap after
{Heap after GC invocations=110 (full 0):
 garbage-first heap   total 270336K, used 206502K [0x0000000080000000, 0x0000000100000000)
  region size 1024K, 2 young (2048K), 2 survivors (2048K)
 Metaspace       used 117373K, capacity 120707K, committed 120912K, reserved 1155072K
  class space    used 14792K, capacity 16036K, committed 16128K, reserved 1048576K
}
Event: 2580.106 GC heap before
{Heap before GC invocations=110 (full 0):
 garbage-first heap   total 270336K, used 226982K [0x0000000080000000, 0x0000000100000000)
  region size 1024K, 23 young (23552K), 2 survivors (2048K)
 Metaspace       used 117384K, capacity 120711K, committed 120912K, reserved 1155072K
  class space    used 14793K, capacity 16037K, committed 16128K, reserved 1048576K
}
Event: 2580.111 GC heap after
{Heap after GC invocations=111 (full 0):
 garbage-first heap   total 270336K, used 210793K [0x0000000080000000, 0x0000000100000000)
  region size 1024K, 3 young (3072K), 3 survivors (3072K)
 Metaspace       used 117384K, capacity 120711K, committed 120912K, reserved 1155072K
  class space    used 14793K, capacity 16037K, committed 16128K, reserved 1048576K
}
Event: 2580.351 GC heap before
{Heap before GC invocations=112 (full 0):
 garbage-first heap   total 270336K, used 228201K [0x0000000080000000, 0x0000000100000000)
  region size 1024K, 23 young (23552K), 3 survivors (3072K)
 Metaspace       used 117396K, capacity 120711K, committed 120912K, reserved 1155072K
  class space    used 14793K, capacity 16037K, committed 16128K, reserved 1048576K
}
Event: 2580.358 GC heap after
{Heap after GC invocations=113 (full 0):
 garbage-first heap   total 270336K, used 213238K [0x0000000080000000, 0x0000000100000000)
  region size 1024K, 3 young (3072K), 3 survivors (3072K)
 Metaspace       used 117396K, capacity 120711K, committed 120912K, reserved 1155072K
  class space    used 14793K, capacity 16037K, committed 16128K, reserved 1048576K
}
Event: 2580.402 GC heap before
{Heap before GC invocations=113 (full 0):
 garbage-first heap   total 270336K, used 223478K [0x0000000080000000, 0x0000000100000000)
  region size 1024K, 13 young (13312K), 3 survivors (3072K)
 Metaspace       used 117403K, capacity 120711K, committed 120912K, reserved 1155072K
  class space    used 14793K, capacity 16037K, committed 16128K, reserved 1048576K
}
Event: 2580.406 GC heap after
{Heap after GC invocations=114 (full 0):
 garbage-first heap   total 270336K, used 215127K [0x0000000080000000, 0x0000000100000000)
  region size 1024K, 2 young (2048K), 2 survivors (2048K)
 Metaspace       used 117403K, capacity 120711K, committed 120912K, reserved 1155072K
  class space    used 14793K, capacity 16037K, committed 16128K, reserved 1048576K
}
Event: 2580.438 GC heap before
{Heap before GC invocations=114 (full 0):
 garbage-first heap   total 270336K, used 220247K [0x0000000080000000, 0x0000000100000000)
  region size 1024K, 8 young (8192K), 2 survivors (2048K)
 Metaspace       used 117403K, capacity 120711K, committed 120912K, reserved 1155072K
  class space    used 14793K, capacity 16037K, committed 16128K, reserved 1048576K
}
Event: 2580.443 GC heap after
{Heap after GC invocations=115 (full 0):
 garbage-first heap   total 270336K, used 216233K [0x0000000080000000, 0x0000000100000000)
  region size 1024K, 1 young (1024K), 1 survivors (1024K)
 Metaspace       used 117403K, capacity 120711K, committed 120912K, reserved 1155072K
  class space    used 14793K, capacity 16037K, committed 16128K, reserved 1048576K
}
Event: 2580.533 GC heap before
{Heap before GC invocations=115 (full 0):
 garbage-first heap   total 270336K, used 230569K [0x0000000080000000, 0x0000000100000000)
  region size 1024K, 13 young (13312K), 1 survivors (1024K)
 Metaspace       used 117404K, capacity 120711K, committed 120912K, reserved 1155072K
  class space    used 14793K, capacity 16037K, committed 16128K, reserved 1048576K
}
Event: 2580.538 GC heap after
{Heap after GC invocations=116 (full 0):
 garbage-first heap   total 270336K, used 221648K [0x0000000080000000, 0x0000000100000000)
  region size 1024K, 2 young (2048K), 2 survivors (2048K)
 Metaspace       used 117404K, capacity 120711K, committed 120912K, reserved 1155072K
  class space    used 14793K, capacity 16037K, committed 16128K, reserved 1048576K
}
Event: 2580.632 GC heap before
{Heap before GC invocations=116 (full 0):
 garbage-first heap   total 270336K, used 231888K [0x0000000080000000, 0x0000000100000000)
  region size 1024K, 13 young (13312K), 2 survivors (2048K)
 Metaspace       used 117404K, capacity 120711K, committed 120912K, reserved 1155072K
  class space    used 14793K, capacity 16037K, committed 16128K, reserved 1048576K
}
Event: 2580.640 GC heap after
{Heap after GC invocations=117 (full 0):
 garbage-first heap   total 270336K, used 224823K [0x0000000080000000, 0x0000000100000000)
  region size 1024K, 2 young (2048K), 2 survivors (2048K)
 Metaspace       used 117404K, capacity 120711K, committed 120912K, reserved 1155072K
  class space    used 14793K, capacity 16037K, committed 16128K, reserved 1048576K
}
Event: 2580.690 GC heap before
{Heap before GC invocations=118 (full 0):
 garbage-first heap   total 270336K, used 236087K [0x0000000080000000, 0x0000000100000000)
  region size 1024K, 13 young (13312K), 2 survivors (2048K)
 Metaspace       used 117412K, capacity 120711K, committed 120912K, reserved 1155072K
  class space    used 14794K, capacity 16037K, committed 16128K, reserved 1048576K
}

Deoptimization events (20 events):
Event: 2580.258 Thread 0x000001655c76f800 Uncommon trap: trap_request=0xffffffc6 fr.pc=0x000001654388e88c relative=0x0000000000001fcc
Event: 2580.258 Thread 0x000001655c76f800 Uncommon trap: reason=bimorphic_or_optimized_type_check action=maybe_recompile pc=0x000001654388e88c method=java.util.zip.InflaterInputStream.read([BII)I @ 100 c2
Event: 2580.258 Thread 0x000001655c76f800 DEOPT PACKING pc=0x000001654388e88c sp=0x0000003e007fcc10
Event: 2580.258 Thread 0x000001655c76f800 DEOPT UNPACKING pc=0x000001653b42a1af sp=0x0000003e007fcc70 mode 2
Event: 2580.258 Thread 0x000001655c76f800 Uncommon trap: trap_request=0xffffffc6 fr.pc=0x000001654388e88c relative=0x0000000000001fcc
Event: 2580.258 Thread 0x000001655c76f800 Uncommon trap: reason=bimorphic_or_optimized_type_check action=maybe_recompile pc=0x000001654388e88c method=java.util.zip.InflaterInputStream.read([BII)I @ 100 c2
Event: 2580.258 Thread 0x000001655c76f800 DEOPT PACKING pc=0x000001654388e88c sp=0x0000003e007fcc10
Event: 2580.258 Thread 0x000001655c76f800 DEOPT UNPACKING pc=0x000001653b42a1af sp=0x0000003e007fcc70 mode 2
Event: 2580.258 Thread 0x000001655c76f800 Uncommon trap: trap_request=0xffffffc6 fr.pc=0x000001654388e88c relative=0x0000000000001fcc
Event: 2580.258 Thread 0x000001655c76f800 Uncommon trap: reason=bimorphic_or_optimized_type_check action=maybe_recompile pc=0x000001654388e88c method=java.util.zip.InflaterInputStream.read([BII)I @ 100 c2
Event: 2580.258 Thread 0x000001655c76f800 DEOPT PACKING pc=0x000001654388e88c sp=0x0000003e007fcc10
Event: 2580.258 Thread 0x000001655c76f800 DEOPT UNPACKING pc=0x000001653b42a1af sp=0x0000003e007fcc70 mode 2
Event: 2580.665 Thread 0x000001655c9a1800 DEOPT PACKING pc=0x000001653dbc45c6 sp=0x0000003e068fdb80
Event: 2580.666 Thread 0x000001655c9a1800 DEOPT UNPACKING pc=0x000001653b42a95e sp=0x0000003e068fd020 mode 0
Event: 2580.666 Thread 0x000001655c9a1800 DEOPT PACKING pc=0x000001653dbc45c6 sp=0x0000003e068fdb80
Event: 2580.666 Thread 0x000001655c9a1800 DEOPT UNPACKING pc=0x000001653b42a95e sp=0x0000003e068fd020 mode 0
Event: 2580.666 Thread 0x000001655c9a1800 DEOPT PACKING pc=0x000001653dbc45c6 sp=0x0000003e068fdb80
Event: 2580.666 Thread 0x000001655c9a1800 DEOPT UNPACKING pc=0x000001653b42a95e sp=0x0000003e068fd020 mode 0
Event: 2580.687 Thread 0x00000165591fe000 DEOPT PACKING pc=0x000001653dbc45c6 sp=0x0000003e00afe140
Event: 2580.687 Thread 0x00000165591fe000 DEOPT UNPACKING pc=0x000001653b42a95e sp=0x0000003e00afd5e0 mode 0

Classes redefined (0 events):
No events

Internal exceptions (20 events):
Event: 2578.046 Thread 0x000001655c996000 Exception <a 'sun/nio/fs/WindowsException'{0x000000008ff00928}> (0x000000008ff00928) thrown at [src/hotspot/share/prims/jni.cpp, line 617]
Event: 2578.053 Thread 0x000001655c996000 Exception <a 'sun/nio/fs/WindowsException'{0x000000008ff1cd50}> (0x000000008ff1cd50) thrown at [src/hotspot/share/prims/jni.cpp, line 617]
Event: 2578.056 Thread 0x000001655c996000 Exception <a 'sun/nio/fs/WindowsException'{0x000000008ff268a0}> (0x000000008ff268a0) thrown at [src/hotspot/share/prims/jni.cpp, line 617]
Event: 2578.077 Thread 0x000001655c996000 Exception <a 'sun/nio/fs/WindowsException'{0x000000008ffc4278}> (0x000000008ffc4278) thrown at [src/hotspot/share/prims/jni.cpp, line 617]
Event: 2578.084 Thread 0x000001655c996000 Exception <a 'sun/nio/fs/WindowsException'{0x000000008fe0d0e8}> (0x000000008fe0d0e8) thrown at [src/hotspot/share/prims/jni.cpp, line 617]
Event: 2578.084 Thread 0x000001655c996000 Exception <a 'sun/nio/fs/WindowsException'{0x000000008fe0d238}> (0x000000008fe0d238) thrown at [src/hotspot/share/prims/jni.cpp, line 617]
Event: 2578.116 Thread 0x000001655c996000 Exception <a 'sun/nio/fs/WindowsException'{0x000000008fd03d90}> (0x000000008fd03d90) thrown at [src/hotspot/share/prims/jni.cpp, line 617]
Event: 2578.116 Thread 0x000001655c996000 Exception <a 'sun/nio/fs/WindowsException'{0x000000008fd03ef8}> (0x000000008fd03ef8) thrown at [src/hotspot/share/prims/jni.cpp, line 617]
Event: 2578.126 Thread 0x000001655c996000 Exception <a 'sun/nio/fs/WindowsException'{0x000000008fd573e8}> (0x000000008fd573e8) thrown at [src/hotspot/share/prims/jni.cpp, line 617]
Event: 2578.126 Thread 0x000001655c996000 Exception <a 'sun/nio/fs/WindowsException'{0x000000008fd57568}> (0x000000008fd57568) thrown at [src/hotspot/share/prims/jni.cpp, line 617]
Event: 2578.130 Thread 0x000001655c996000 Exception <a 'sun/nio/fs/WindowsException'{0x000000008fda2b68}> (0x000000008fda2b68) thrown at [src/hotspot/share/prims/jni.cpp, line 617]
Event: 2578.130 Thread 0x000001655c996000 Exception <a 'sun/nio/fs/WindowsException'{0x000000008fda2cd8}> (0x000000008fda2cd8) thrown at [src/hotspot/share/prims/jni.cpp, line 617]
Event: 2578.134 Thread 0x000001655c996000 Exception <a 'sun/nio/fs/WindowsException'{0x000000008fc03250}> (0x000000008fc03250) thrown at [src/hotspot/share/prims/jni.cpp, line 617]
Event: 2578.134 Thread 0x000001655c996000 Exception <a 'sun/nio/fs/WindowsException'{0x000000008fc033d0}> (0x000000008fc033d0) thrown at [src/hotspot/share/prims/jni.cpp, line 617]
Event: 2578.164 Thread 0x000001655c996000 Exception <a 'java/lang/reflect/InvocationTargetException'{0x000000008fb28c70}> (0x000000008fb28c70) thrown at [src/hotspot/share/runtime/reflection.cpp, line 1247]
Event: 2578.208 Thread 0x00000165591fd800 Exception <a 'java/lang/NoSuchMethodError'{0x000000008f91a490}: <clinit>> (0x000000008f91a490) thrown at [src/hotspot/share/prims/jni.cpp, line 1367]
Event: 2578.210 Thread 0x00000165591fd800 Exception <a 'java/lang/NoSuchMethodError'{0x000000008f951d60}: <clinit>> (0x000000008f951d60) thrown at [src/hotspot/share/prims/jni.cpp, line 1367]
Event: 2578.212 Thread 0x00000165591fd800 Exception <a 'java/lang/NoSuchMethodError'{0x000000008f964000}: <clinit>> (0x000000008f964000) thrown at [src/hotspot/share/prims/jni.cpp, line 1367]
Event: 2578.777 Thread 0x000001655538e000 Exception <a 'sun/nio/fs/WindowsException'{0x0000000090650e70}> (0x0000000090650e70) thrown at [src/hotspot/share/prims/jni.cpp, line 617]
Event: 2579.035 Thread 0x000001655539d000 Exception <a 'sun/nio/fs/WindowsException'{0x000000008fdc5170}> (0x000000008fdc5170) thrown at [src/hotspot/share/prims/jni.cpp, line 617]

Events (20 events):
Event: 2580.253 Executing VM operation: CGC_Operation done
Event: 2580.326 Executing VM operation: CGC_Operation
Event: 2580.328 Executing VM operation: CGC_Operation done
Event: 2580.351 Executing VM operation: G1CollectForAllocation
Event: 2580.358 Executing VM operation: G1CollectForAllocation done
Event: 2580.402 Executing VM operation: G1CollectForAllocation
Event: 2580.406 Executing VM operation: G1CollectForAllocation done
Event: 2580.438 Executing VM operation: G1CollectForAllocation
Event: 2580.443 Executing VM operation: G1CollectForAllocation done
Event: 2580.533 Executing VM operation: G1CollectForAllocation
Event: 2580.538 Executing VM operation: G1CollectForAllocation done
Event: 2580.576 Executing VM operation: CGC_Operation
Event: 2580.589 Executing VM operation: CGC_Operation done
Event: 2580.631 Executing VM operation: G1CollectForAllocation
Event: 2580.640 Executing VM operation: G1CollectForAllocation done
Event: 2580.660 loading class org/gradle/api/internal/tasks/execution/TaskExecution$2
Event: 2580.660 loading class org/gradle/api/internal/tasks/execution/TaskExecution$2 done
Event: 2580.683 Executing VM operation: CGC_Operation
Event: 2580.684 Executing VM operation: CGC_Operation done
Event: 2580.690 Executing VM operation: G1CollectForAllocation


Dynamic libraries:
0x00007ff75f230000 - 0x00007ff75f23a000 	D:\AndroidTool\Android Studio\jbr\bin\java.exe
0x00007ffbd1890000 - 0x00007ffbd1a88000 	C:\WINDOWS\SYSTEM32\ntdll.dll
0x00007ffbd1660000 - 0x00007ffbd171f000 	C:\WINDOWS\System32\KERNEL32.DLL
0x00007ffbcf380000 - 0x00007ffbcf652000 	C:\WINDOWS\System32\KERNELBASE.dll
0x00007ffbcf1a0000 - 0x00007ffbcf2a0000 	C:\WINDOWS\System32\ucrtbase.dll
0x00007ffbc3e10000 - 0x00007ffbc3e27000 	D:\AndroidTool\Android Studio\jbr\bin\jli.dll
0x00007ffbb0030000 - 0x00007ffbb004b000 	D:\AndroidTool\Android Studio\jbr\bin\VCRUNTIME140.dll
0x00007ffbd0ed0000 - 0x00007ffbd1071000 	C:\WINDOWS\System32\USER32.dll
0x00007ffbcf2a0000 - 0x00007ffbcf2c2000 	C:\WINDOWS\System32\win32u.dll
0x00007ffbd0060000 - 0x00007ffbd008b000 	C:\WINDOWS\System32\GDI32.dll
0x00007ffbcf010000 - 0x00007ffbcf11f000 	C:\WINDOWS\System32\gdi32full.dll
0x00007ffbcf6d0000 - 0x00007ffbcf76d000 	C:\WINDOWS\System32\msvcp_win.dll
0x00007ffbac910000 - 0x00007ffbacbaa000 	C:\WINDOWS\WinSxS\amd64_microsoft.windows.common-controls_6595b64144ccf1df_6.0.19041.1110_none_60b5254171f9507e\COMCTL32.dll
0x00007ffbd0a40000 - 0x00007ffbd0ade000 	C:\WINDOWS\System32\msvcrt.dll
0x00007ffbcf970000 - 0x00007ffbcf9a2000 	C:\WINDOWS\System32\IMM32.DLL
0x00007ffbba380000 - 0x00007ffbba38c000 	D:\AndroidTool\Android Studio\jbr\bin\vcruntime140_1.dll
0x00007ffb93600000 - 0x00007ffb9368d000 	D:\AndroidTool\Android Studio\jbr\bin\msvcp140.dll
0x00007ffb70e00000 - 0x00007ffb719bc000 	D:\AndroidTool\Android Studio\jbr\bin\server\jvm.dll
0x00007ffbcffb0000 - 0x00007ffbd005e000 	C:\WINDOWS\System32\ADVAPI32.dll
0x00007ffbcf8d0000 - 0x00007ffbcf96c000 	C:\WINDOWS\System32\sechost.dll
0x00007ffbcfe80000 - 0x00007ffbcffa5000 	C:\WINDOWS\System32\RPCRT4.dll
0x00007ffbd1450000 - 0x00007ffbd1458000 	C:\WINDOWS\System32\PSAPI.DLL
0x00007ffbad580000 - 0x00007ffbad589000 	C:\WINDOWS\SYSTEM32\WSOCK32.dll
0x00007ffbc8590000 - 0x00007ffbc85b7000 	C:\WINDOWS\SYSTEM32\WINMM.dll
0x00007ffbc7510000 - 0x00007ffbc751a000 	C:\WINDOWS\SYSTEM32\VERSION.dll
0x00007ffbd1080000 - 0x00007ffbd10eb000 	C:\WINDOWS\System32\WS2_32.dll
0x00007ffbcce40000 - 0x00007ffbcce52000 	C:\WINDOWS\SYSTEM32\kernel.appcore.dll
0x00007ffbcc780000 - 0x00007ffbcc790000 	D:\AndroidTool\Android Studio\jbr\bin\verify.dll
0x00007ffbc7f20000 - 0x00007ffbc8104000 	C:\WINDOWS\SYSTEM32\DBGHELP.DLL
0x00007ffbb7450000 - 0x00007ffbb7485000 	C:\WINDOWS\SYSTEM32\dbgcore.DLL
0x00007ffbcef80000 - 0x00007ffbcf002000 	C:\WINDOWS\System32\bcryptPrimitives.dll
0x00007ffbc3ed0000 - 0x00007ffbc3ef8000 	D:\AndroidTool\Android Studio\jbr\bin\java.dll
0x00007ffbcc730000 - 0x00007ffbcc73a000 	D:\AndroidTool\Android Studio\jbr\bin\jimage.dll
0x00007ffbcaa50000 - 0x00007ffbcaa68000 	D:\AndroidTool\Android Studio\jbr\bin\zip.dll
0x00007ffbd0090000 - 0x00007ffbd07d5000 	C:\WINDOWS\System32\SHELL32.dll
0x00007ffbcd040000 - 0x00007ffbcd7d2000 	C:\WINDOWS\SYSTEM32\windows.storage.dll
0x00007ffbd10f0000 - 0x00007ffbd1445000 	C:\WINDOWS\System32\combase.dll
0x00007ffbce9e0000 - 0x00007ffbcea10000 	C:\WINDOWS\SYSTEM32\Wldp.dll
0x00007ffbd0e20000 - 0x00007ffbd0ecd000 	C:\WINDOWS\System32\SHCORE.dll
0x00007ffbd0870000 - 0x00007ffbd08c5000 	C:\WINDOWS\System32\shlwapi.dll
0x00007ffbceec0000 - 0x00007ffbceedf000 	C:\WINDOWS\SYSTEM32\profapi.dll
0x00007ffbc3f20000 - 0x00007ffbc3f39000 	D:\AndroidTool\Android Studio\jbr\bin\net.dll
0x00007ffbc67d0000 - 0x00007ffbc68dc000 	C:\WINDOWS\SYSTEM32\WINHTTP.dll
0x00007ffbce740000 - 0x00007ffbce7aa000 	C:\WINDOWS\system32\mswsock.dll
0x00007ffbbd6c0000 - 0x00007ffbbd6d3000 	D:\AndroidTool\Android Studio\jbr\bin\nio.dll
0x00007ffbcaa70000 - 0x00007ffbcaa97000 	D:\AndroidTool\AndroidGradle\native\e1d6ef7f7dcc3fd88c89a11ec53ec762bb8ba0a96d01ffa2cd45eb1d1d8dd5c5\windows-amd64\native-platform.dll
0x00007ffb81d60000 - 0x00007ffb81ea4000 	D:\AndroidTool\AndroidGradle\native\0d407fdbe67a94daf76414ababcb853783967236a71b16ec16e742cd7a986fd3\windows-amd64\native-platform-file-events.dll
0x00007ffbcc6b0000 - 0x00007ffbcc6ba000 	D:\AndroidTool\Android Studio\jbr\bin\management.dll
0x00007ffbc9330000 - 0x00007ffbc933b000 	D:\AndroidTool\Android Studio\jbr\bin\management_ext.dll
0x00007ffbce940000 - 0x00007ffbce958000 	C:\WINDOWS\SYSTEM32\CRYPTSP.dll
0x00007ffbcdff0000 - 0x00007ffbce024000 	C:\WINDOWS\system32\rsaenh.dll
0x00007ffbcf120000 - 0x00007ffbcf147000 	C:\WINDOWS\System32\bcrypt.dll
0x00007ffbcee80000 - 0x00007ffbceeae000 	C:\WINDOWS\SYSTEM32\USERENV.dll
0x00007ffbce930000 - 0x00007ffbce93c000 	C:\WINDOWS\SYSTEM32\CRYPTBASE.dll
0x00007ffbce3e0000 - 0x00007ffbce41b000 	C:\WINDOWS\SYSTEM32\IPHLPAPI.DLL
0x00007ffbd0a30000 - 0x00007ffbd0a38000 	C:\WINDOWS\System32\NSI.dll
0x00007ffbc6aa0000 - 0x00007ffbc6ab7000 	C:\WINDOWS\SYSTEM32\dhcpcsvc6.DLL
0x00007ffbc75b0000 - 0x00007ffbc75cd000 	C:\WINDOWS\SYSTEM32\dhcpcsvc.DLL
0x00007ffbce420000 - 0x00007ffbce4eb000 	C:\WINDOWS\SYSTEM32\DNSAPI.dll
0x00007ffbaf590000 - 0x00007ffbaf5b7000 	D:\AndroidTool\Android Studio\jbr\bin\sunec.dll
0x00007ffbc8350000 - 0x00007ffbc835a000 	C:\Windows\System32\rasadhlp.dll
0x00007ffbbfe30000 - 0x00007ffbbfeb0000 	C:\WINDOWS\System32\fwpuclnt.dll

dbghelp: loaded successfully - version: 4.0.5 - missing functions: none
symbol engine: initialized successfully - sym options: 0x614 - pdb path: .;D:\AndroidTool\Android Studio\jbr\bin;C:\WINDOWS\SYSTEM32;C:\WINDOWS\WinSxS\amd64_microsoft.windows.common-controls_6595b64144ccf1df_6.0.19041.1110_none_60b5254171f9507e;D:\AndroidTool\Android Studio\jbr\bin\server;D:\AndroidTool\AndroidGradle\native\e1d6ef7f7dcc3fd88c89a11ec53ec762bb8ba0a96d01ffa2cd45eb1d1d8dd5c5\windows-amd64;D:\AndroidTool\AndroidGradle\native\0d407fdbe67a94daf76414ababcb853783967236a71b16ec16e742cd7a986fd3\windows-amd64

VM Arguments:
jvm_args: --add-opens=java.base/java.util=ALL-UNNAMED --add-opens=java.base/java.lang=ALL-UNNAMED --add-opens=java.base/java.lang.invoke=ALL-UNNAMED --add-opens=java.base/java.util=ALL-UNNAMED --add-opens=java.prefs/java.util.prefs=ALL-UNNAMED --add-opens=java.prefs/java.util.prefs=ALL-UNNAMED --add-opens=java.base/java.nio.charset=ALL-UNNAMED --add-opens=java.base/java.net=ALL-UNNAMED --add-opens=java.base/java.util.concurrent.atomic=ALL-UNNAMED -Xmx2048m -Dfile.encoding=UTF-8 -Duser.country=CN -Duser.language=zh -Duser.variant 
java_command: org.gradle.launcher.daemon.bootstrap.GradleDaemon 7.5
java_class_path (initial): D:\AndroidTool\AndroidGradle\wrapper\dists\gradle-7.5-bin\f1w0cc9nuo0eivz97x2xlu9sv\gradle-7.5\lib\gradle-launcher-7.5.jar
Launcher Type: SUN_STANDARD

[Global flags]
     intx CICompilerCount                          = 4                                         {product} {ergonomic}
     uint ConcGCThreads                            = 2                                         {product} {ergonomic}
     uint G1ConcRefinementThreads                  = 8                                         {product} {ergonomic}
   size_t G1HeapRegionSize                         = 1048576                                   {product} {ergonomic}
    uintx GCDrainStackTargetSize                   = 64                                        {product} {ergonomic}
   size_t InitialHeapSize                          = 132120576                                 {product} {ergonomic}
   size_t MarkStackSize                            = 4194304                                   {product} {ergonomic}
   size_t MaxHeapSize                              = 2147483648                                {product} {command line}
   size_t MaxNewSize                               = 1287651328                                {product} {ergonomic}
   size_t MinHeapDeltaBytes                        = 1048576                                   {product} {ergonomic}
    uintx NonNMethodCodeHeapSize                   = 5836300                                {pd product} {ergonomic}
    uintx NonProfiledCodeHeapSize                  = 122910970                              {pd product} {ergonomic}
    uintx ProfiledCodeHeapSize                     = 122910970                              {pd product} {ergonomic}
    uintx ReservedCodeCacheSize                    = 251658240                              {pd product} {ergonomic}
     bool SegmentedCodeCache                       = true                                      {product} {ergonomic}
     bool UseCompressedClassPointers               = true                                 {lp64_product} {ergonomic}
     bool UseCompressedOops                        = true                                 {lp64_product} {ergonomic}
     bool UseG1GC                                  = true                                      {product} {ergonomic}
     bool UseLargePagesIndividualAllocation        = false                                  {pd product} {ergonomic}

Logging:
Log output configuration:
 #0: stdout all=warning uptime,level,tags
 #1: stderr all=off uptime,level,tags

Environment Variables:
JAVA_HOME=C:\Program Files\Java\jdk1.8.0_321
CLASSPATH=.;C:\Program Files\Java\jdk1.8.0_321\lib;C:\Program Files\Java\jdk1.8.0_321\lib\dt.jar;C:\Program Files\Java\jdk1.8.0_321\tools.jar
PATH=C:\Program Files\Microsoft MPI\Bin\;C:\Program Files\PlasticSCM5\server;C:\Program Files\PlasticSCM5\client;C:\Program Files\Java\jdk1.8.0_321\bin;C:\Windows\system32;C:\Windows;C:\Windows\System32\Wbem;C:\Windows\System32\WindowsPowerShell\v1.0\;C:\Program Files (x86)\NVIDIA Corporation\PhysX\Common;C:\Program Files\NVIDIA Corporation\NVIDIA NvDLISR;C:\Program Files\Intel\WiFi\bin\;C:\Program Files\Common Files\Intel\WirelessCommon\;D:\Softwares\MATLAB\bin;C:\Program Files\OpenSSH-Win64;C:\WINDOWS\System32\OpenSSH\;C:\Program Files\MySQL\MySQL Server 5.7\bin;D:\Softwares\Xshell\;C:\WINDOWS\system32;C:\WINDOWS;C:\WINDOWS\System32\Wbem;C:\WINDOWS\System32\WindowsPowerShell\v1.0\;D:\Softwares\Xftp\;D:\tomcat\apache-tomcat-9.0.63\bin;D:\tomcat\apache-tomcat-9.0.63\lib;C:\Program Files\Java\jdk1.8.0_321\jre\bin;C:\Program Files\Git\cmd;D:\Redis\;D:\Maven\apache-maven-3.8.1\bin;D:\MinGW\mingw64\bin;C:\Program Files\MySQL\MySQL Server 5.7\bin;C:\Windows\system32;C:\Windows;C:\Windows\System32\Wbem;C:\Windows\System32\WindowsPowerShell\v1.0\;C:\Program Files (x86)\NVIDIA Corporation\PhysX\Common;C:\Program Files\NVIDIA Corporation\NVIDIA NvDLISR;C:\Program Files\Intel\WiFi\bin\;C:\Program Files\Common Files\Intel\WirelessCommon\;D:\Softwares\MATLAB\bin;C:\Program Files\OpenSSH-Win64;C:\Windows\System32\OpenSSH\;C:\Program Files\MySQL\MySQL Server 8.0\bin;D:\Softwares\Anaconda3;D:\Softwares\Anaconda3\Library\mingw-w64\bin;D:\Softwares\Anaconda3\Library\usr\bin;D:\Softwares\Anaconda3\Library\bin;D:\Softwares\Anaconda3\Scripts;C:\Users\Xiexintong\AppData\Local\Microsoft\WindowsAp;C:\Users\Xiexintong\AppData\Local\Microsoft\WindowsApps;D:\Softwares\Modelsim\win32;D:\Softwares\Microsoft VS Code\bin;
USERNAME=Xiexintong
OS=Windows_NT
PROCESSOR_IDENTIFIER=Intel64 Family 6 Model 142 Stepping 12, GenuineIntel



---------------  S Y S T E M  ---------------

OS: Windows 10 , 64 bit Build 19041 (10.0.19041.2546)
OS uptime: 16 days 16:15 hours

CPU:total 8 (initial active 8) (4 cores per cpu, 2 threads per core) family 6 model 142 stepping 12 microcode 0xde, cmov, cx8, fxsr, mmx, sse, sse2, sse3, ssse3, sse4.1, sse4.2, popcnt, avx, avx2, aes, clmul, erms, 3dnowpref, lzcnt, ht, tsc, tscinvbit, bmi1, bmi2, adx, fma

Memory: 4k page, system-wide physical 8037M (313M free)
TotalPageFile size 22117M (AvailPageFile size 26M)
current process WorkingSet (physical memory assigned to process): 424M, peak: 463M
current process commit charge ("private bytes"): 633M, peak: 686M

vm_info: OpenJDK 64-Bit Server VM (11.0.15+0-b2043.56-9505619) for windows-amd64 JRE (11.0.15+0-b2043.56-9505619), built on Jan 19 2023 02:48:00 by "builduser" with unknown MS VC++:1929

END.
